[2023-12-10T10:45:11.617+0000] {taskinstance.py:1157} INFO - Dependencies all met for dep_context=non-requeueable deps ti=<TaskInstance: spark_airflow_dag.spark_submit_task manual__2023-12-10T10:45:09.359559+00:00 [queued]>
[2023-12-10T10:45:11.626+0000] {taskinstance.py:1157} INFO - Dependencies all met for dep_context=requeueable deps ti=<TaskInstance: spark_airflow_dag.spark_submit_task manual__2023-12-10T10:45:09.359559+00:00 [queued]>
[2023-12-10T10:45:11.626+0000] {taskinstance.py:1359} INFO - Starting attempt 1 of 1
[2023-12-10T10:45:11.641+0000] {taskinstance.py:1380} INFO - Executing <Task(SparkSubmitOperator): spark_submit_task> on 2023-12-10 10:45:09.359559+00:00
[2023-12-10T10:45:11.646+0000] {standard_task_runner.py:57} INFO - Started process 440 to run task
[2023-12-10T10:45:11.649+0000] {standard_task_runner.py:84} INFO - Running: ['airflow', 'tasks', 'run', 'spark_airflow_dag', 'spark_submit_task', 'manual__2023-12-10T10:45:09.359559+00:00', '--job-id', '3', '--raw', '--subdir', 'DAGS_FOLDER/spark-dag-example.py', '--cfg-path', '/tmp/tmp5mvb69hm']
[2023-12-10T10:45:11.651+0000] {standard_task_runner.py:85} INFO - Job 3: Subtask spark_submit_task
[2023-12-10T10:45:11.668+0000] {logging_mixin.py:151} WARNING - /home/airflow/.local/lib/python3.9/site-packages/airflow/settings.py:195 DeprecationWarning: The sql_alchemy_conn option in [core] has been moved to the sql_alchemy_conn option in [database] - the old setting has been used, but please update your config.
[2023-12-10T10:45:11.700+0000] {task_command.py:415} INFO - Running <TaskInstance: spark_airflow_dag.spark_submit_task manual__2023-12-10T10:45:09.359559+00:00 [running]> on host dataeng-airflow-scheduler
[2023-12-10T10:45:11.779+0000] {taskinstance.py:1660} INFO - Exporting env vars: AIRFLOW_CTX_DAG_OWNER='dibimbing' AIRFLOW_CTX_DAG_ID='spark_airflow_dag' AIRFLOW_CTX_TASK_ID='spark_submit_task' AIRFLOW_CTX_EXECUTION_DATE='2023-12-10T10:45:09.359559+00:00' AIRFLOW_CTX_TRY_NUMBER='1' AIRFLOW_CTX_DAG_RUN_ID='manual__2023-12-10T10:45:09.359559+00:00'
[2023-12-10T10:45:11.786+0000] {base.py:73} INFO - Using connection ID 'spark_tgs' for task execution.
[2023-12-10T10:45:11.788+0000] {spark_submit.py:351} INFO - Spark-Submit cmd: spark-submit --master spark://dataeng-spark-master:7077 --name arrow-spark /spark-scripts/spark-example.py
[2023-12-10T10:45:14.660+0000] {spark_submit.py:521} INFO - 23/12/10 10:45:14 INFO SparkContext: Running Spark version 3.3.2
[2023-12-10T10:45:14.725+0000] {spark_submit.py:521} INFO - 23/12/10 10:45:14 WARN NativeCodeLoader: Unable to load native-hadoop library for your platform... using builtin-java classes where applicable
[2023-12-10T10:45:14.820+0000] {spark_submit.py:521} INFO - 23/12/10 10:45:14 INFO ResourceUtils: ==============================================================
[2023-12-10T10:45:14.821+0000] {spark_submit.py:521} INFO - 23/12/10 10:45:14 INFO ResourceUtils: No custom resources configured for spark.driver.
[2023-12-10T10:45:14.821+0000] {spark_submit.py:521} INFO - 23/12/10 10:45:14 INFO ResourceUtils: ==============================================================
[2023-12-10T10:45:14.822+0000] {spark_submit.py:521} INFO - 23/12/10 10:45:14 INFO SparkContext: Submitted application: Dibimbing
[2023-12-10T10:45:14.843+0000] {spark_submit.py:521} INFO - 23/12/10 10:45:14 INFO ResourceProfile: Default ResourceProfile created, executor resources: Map(cores -> name: cores, amount: 1, script: , vendor: , memory -> name: memory, amount: 1024, script: , vendor: , offHeap -> name: offHeap, amount: 0, script: , vendor: ), task resources: Map(cpus -> name: cpus, amount: 1.0)
[2023-12-10T10:45:14.854+0000] {spark_submit.py:521} INFO - 23/12/10 10:45:14 INFO ResourceProfile: Limiting resource is cpu
[2023-12-10T10:45:14.855+0000] {spark_submit.py:521} INFO - 23/12/10 10:45:14 INFO ResourceProfileManager: Added ResourceProfile id: 0
[2023-12-10T10:45:14.909+0000] {spark_submit.py:521} INFO - 23/12/10 10:45:14 INFO SecurityManager: Changing view acls to: airflow
[2023-12-10T10:45:14.910+0000] {spark_submit.py:521} INFO - 23/12/10 10:45:14 INFO SecurityManager: Changing modify acls to: airflow
[2023-12-10T10:45:14.910+0000] {spark_submit.py:521} INFO - 23/12/10 10:45:14 INFO SecurityManager: Changing view acls groups to:
[2023-12-10T10:45:14.910+0000] {spark_submit.py:521} INFO - 23/12/10 10:45:14 INFO SecurityManager: Changing modify acls groups to:
[2023-12-10T10:45:14.911+0000] {spark_submit.py:521} INFO - 23/12/10 10:45:14 INFO SecurityManager: SecurityManager: authentication disabled; ui acls disabled; users  with view permissions: Set(airflow); groups with view permissions: Set(); users  with modify permissions: Set(airflow); groups with modify permissions: Set()
[2023-12-10T10:45:15.160+0000] {spark_submit.py:521} INFO - 23/12/10 10:45:15 INFO Utils: Successfully started service 'sparkDriver' on port 33235.
[2023-12-10T10:45:15.191+0000] {spark_submit.py:521} INFO - 23/12/10 10:45:15 INFO SparkEnv: Registering MapOutputTracker
[2023-12-10T10:45:15.226+0000] {spark_submit.py:521} INFO - 23/12/10 10:45:15 INFO SparkEnv: Registering BlockManagerMaster
[2023-12-10T10:45:15.241+0000] {spark_submit.py:521} INFO - 23/12/10 10:45:15 INFO BlockManagerMasterEndpoint: Using org.apache.spark.storage.DefaultTopologyMapper for getting topology information
[2023-12-10T10:45:15.241+0000] {spark_submit.py:521} INFO - 23/12/10 10:45:15 INFO BlockManagerMasterEndpoint: BlockManagerMasterEndpoint up
[2023-12-10T10:45:15.245+0000] {spark_submit.py:521} INFO - 23/12/10 10:45:15 INFO SparkEnv: Registering BlockManagerMasterHeartbeat
[2023-12-10T10:45:15.265+0000] {spark_submit.py:521} INFO - 23/12/10 10:45:15 INFO DiskBlockManager: Created local directory at /tmp/blockmgr-ae701051-7ee2-43f3-a593-a5789e876ab4
[2023-12-10T10:45:15.281+0000] {spark_submit.py:521} INFO - 23/12/10 10:45:15 INFO MemoryStore: MemoryStore started with capacity 434.4 MiB
[2023-12-10T10:45:15.295+0000] {spark_submit.py:521} INFO - 23/12/10 10:45:15 INFO SparkEnv: Registering OutputCommitCoordinator
[2023-12-10T10:45:15.463+0000] {spark_submit.py:521} INFO - 23/12/10 10:45:15 INFO Utils: Successfully started service 'SparkUI' on port 4040.
[2023-12-10T10:45:15.561+0000] {spark_submit.py:521} INFO - 23/12/10 10:45:15 INFO StandaloneAppClient$ClientEndpoint: Connecting to master spark://dataeng-spark-master:7077...
[2023-12-10T10:45:15.606+0000] {spark_submit.py:521} INFO - 23/12/10 10:45:15 INFO TransportClientFactory: Successfully created connection to dataeng-spark-master/172.22.0.3:7077 after 25 ms (0 ms spent in bootstraps)
[2023-12-10T10:45:15.700+0000] {spark_submit.py:521} INFO - 23/12/10 10:45:15 INFO StandaloneSchedulerBackend: Connected to Spark cluster with app ID app-20231210104515-0001
[2023-12-10T10:45:15.703+0000] {spark_submit.py:521} INFO - 23/12/10 10:45:15 INFO StandaloneAppClient$ClientEndpoint: Executor added: app-20231210104515-0001/0 on worker-20231210011717-172.22.0.4-36677 (172.22.0.4:36677) with 1 core(s)
[2023-12-10T10:45:15.706+0000] {spark_submit.py:521} INFO - 23/12/10 10:45:15 INFO StandaloneSchedulerBackend: Granted executor ID app-20231210104515-0001/0 on hostPort 172.22.0.4:36677 with 1 core(s), 1024.0 MiB RAM
[2023-12-10T10:45:15.711+0000] {spark_submit.py:521} INFO - 23/12/10 10:45:15 INFO Utils: Successfully started service 'org.apache.spark.network.netty.NettyBlockTransferService' on port 42025.
[2023-12-10T10:45:15.712+0000] {spark_submit.py:521} INFO - 23/12/10 10:45:15 INFO NettyBlockTransferService: Server created on dataeng-airflow-scheduler:42025
[2023-12-10T10:45:15.717+0000] {spark_submit.py:521} INFO - 23/12/10 10:45:15 INFO BlockManager: Using org.apache.spark.storage.RandomBlockReplicationPolicy for block replication policy
[2023-12-10T10:45:15.726+0000] {spark_submit.py:521} INFO - 23/12/10 10:45:15 INFO BlockManagerMaster: Registering BlockManager BlockManagerId(driver, dataeng-airflow-scheduler, 42025, None)
[2023-12-10T10:45:15.732+0000] {spark_submit.py:521} INFO - 23/12/10 10:45:15 INFO BlockManagerMasterEndpoint: Registering block manager dataeng-airflow-scheduler:42025 with 434.4 MiB RAM, BlockManagerId(driver, dataeng-airflow-scheduler, 42025, None)
[2023-12-10T10:45:15.738+0000] {spark_submit.py:521} INFO - 23/12/10 10:45:15 INFO BlockManagerMaster: Registered BlockManager BlockManagerId(driver, dataeng-airflow-scheduler, 42025, None)
[2023-12-10T10:45:15.740+0000] {spark_submit.py:521} INFO - 23/12/10 10:45:15 INFO BlockManager: Initialized BlockManager: BlockManagerId(driver, dataeng-airflow-scheduler, 42025, None)
[2023-12-10T10:45:15.761+0000] {spark_submit.py:521} INFO - 23/12/10 10:45:15 INFO StandaloneAppClient$ClientEndpoint: Executor updated: app-20231210104515-0001/0 is now RUNNING
[2023-12-10T10:45:15.950+0000] {spark_submit.py:521} INFO - 23/12/10 10:45:15 INFO StandaloneSchedulerBackend: SchedulerBackend is ready for scheduling beginning after reached minRegisteredResourcesRatio: 0.0
[2023-12-10T10:45:22.578+0000] {spark_submit.py:521} INFO - +----------+-----------+--------+--------+-----+-----------+--------------------+---------+-----+
[2023-12-10T10:45:22.578+0000] {spark_submit.py:521} INFO - |product_id|customer_id|order_id|quantity|price|       name|               email|     name|price|
[2023-12-10T10:45:22.579+0000] {spark_submit.py:521} INFO - +----------+-----------+--------+--------+-----+-----------+--------------------+---------+-----+
[2023-12-10T10:45:22.579+0000] {spark_submit.py:521} INFO - |         1|          1|     101|       2|19.99|   John Doe| johndoe@example.com|Product A|19.99|
[2023-12-10T10:45:22.579+0000] {spark_submit.py:521} INFO - |         2|          2|     102|       1| 9.99| Jane Smith|janesmith@example...|Product B| 9.99|
[2023-12-10T10:45:22.580+0000] {spark_submit.py:521} INFO - |         3|          3|     103|       1|15.99|Bob Johnson|bobjohnson@exampl...|Product C|15.99|
[2023-12-10T10:45:22.580+0000] {spark_submit.py:521} INFO - |         4|          1|     104|       1| 5.99|   John Doe| johndoe@example.com|Product D| 5.99|
[2023-12-10T10:45:22.580+0000] {spark_submit.py:521} INFO - |         5|          2|     105|       3|12.99| Jane Smith|janesmith@example...|Product E|12.99|
[2023-12-10T10:45:22.580+0000] {spark_submit.py:521} INFO - |         6|          3|     106|       2| 9.99|Bob Johnson|bobjohnson@exampl...|Product F| 9.99|
[2023-12-10T10:45:22.581+0000] {spark_submit.py:521} INFO - |         7|          4|     107|       1|11.99|    Sue Lee|  suelee@example.com|Product G|11.99|
[2023-12-10T10:45:22.581+0000] {spark_submit.py:521} INFO - |         8|          1|     108|       2|14.99|   John Doe| johndoe@example.com|Product H|14.99|
[2023-12-10T10:45:22.581+0000] {spark_submit.py:521} INFO - |         9|          2|     109|       1| 9.99| Jane Smith|janesmith@example...|Product I| 9.99|
[2023-12-10T10:45:22.581+0000] {spark_submit.py:521} INFO - |        10|          3|     110|       1|19.99|Bob Johnson|bobjohnson@exampl...|Product J|19.99|
[2023-12-10T10:45:22.581+0000] {spark_submit.py:521} INFO - +----------+-----------+--------+--------+-----+-----------+--------------------+---------+-----+
[2023-12-10T10:45:22.582+0000] {spark_submit.py:521} INFO - 
[2023-12-10T10:45:22.845+0000] {taskinstance.py:1398} INFO - Marking task as SUCCESS. dag_id=spark_airflow_dag, task_id=spark_submit_task, execution_date=20231210T104509, start_date=20231210T104511, end_date=20231210T104522
[2023-12-10T10:45:22.891+0000] {local_task_job_runner.py:228} INFO - Task exited with return code 0
[2023-12-10T10:45:22.904+0000] {taskinstance.py:2776} INFO - 0 downstream tasks scheduled from follow-on schedule check
