[2023-12-09T05:21:22.194+0000] {taskinstance.py:1157} INFO - Dependencies all met for dep_context=non-requeueable deps ti=<TaskInstance: spark_airflow_dag.spark_submit_task manual__2023-12-09T05:21:20.922756+00:00 [queued]>
[2023-12-09T05:21:22.206+0000] {taskinstance.py:1157} INFO - Dependencies all met for dep_context=requeueable deps ti=<TaskInstance: spark_airflow_dag.spark_submit_task manual__2023-12-09T05:21:20.922756+00:00 [queued]>
[2023-12-09T05:21:22.207+0000] {taskinstance.py:1359} INFO - Starting attempt 1 of 1
[2023-12-09T05:21:22.228+0000] {taskinstance.py:1380} INFO - Executing <Task(SparkSubmitOperator): spark_submit_task> on 2023-12-09 05:21:20.922756+00:00
[2023-12-09T05:21:22.234+0000] {standard_task_runner.py:57} INFO - Started process 188 to run task
[2023-12-09T05:21:22.237+0000] {standard_task_runner.py:84} INFO - Running: ['airflow', 'tasks', 'run', 'spark_airflow_dag', 'spark_submit_task', 'manual__2023-12-09T05:21:20.922756+00:00', '--job-id', '2', '--raw', '--subdir', 'DAGS_FOLDER/spark-dag-example.py', '--cfg-path', '/tmp/tmpx6rgsjkj']
[2023-12-09T05:21:22.239+0000] {standard_task_runner.py:85} INFO - Job 2: Subtask spark_submit_task
[2023-12-09T05:21:22.258+0000] {logging_mixin.py:151} WARNING - /home/airflow/.local/lib/python3.9/site-packages/airflow/settings.py:195 DeprecationWarning: The sql_alchemy_conn option in [core] has been moved to the sql_alchemy_conn option in [database] - the old setting has been used, but please update your config.
[2023-12-09T05:21:22.293+0000] {task_command.py:415} INFO - Running <TaskInstance: spark_airflow_dag.spark_submit_task manual__2023-12-09T05:21:20.922756+00:00 [running]> on host dataeng-airflow-scheduler
[2023-12-09T05:21:22.388+0000] {taskinstance.py:1660} INFO - Exporting env vars: AIRFLOW_CTX_DAG_OWNER='dibimbing' AIRFLOW_CTX_DAG_ID='spark_airflow_dag' AIRFLOW_CTX_TASK_ID='spark_submit_task' AIRFLOW_CTX_EXECUTION_DATE='2023-12-09T05:21:20.922756+00:00' AIRFLOW_CTX_TRY_NUMBER='1' AIRFLOW_CTX_DAG_RUN_ID='manual__2023-12-09T05:21:20.922756+00:00'
[2023-12-09T05:21:22.398+0000] {base.py:73} INFO - Using connection ID 'spark_tgs' for task execution.
[2023-12-09T05:21:22.399+0000] {spark_submit.py:351} INFO - Spark-Submit cmd: spark-submit --master spark://dataeng-spark-master:7077 --name arrow-spark /spark-scripts/spark-example.py
[2023-12-09T05:21:26.314+0000] {spark_submit.py:521} INFO - 23/12/09 05:21:26 INFO SparkContext: Running Spark version 3.3.2
[2023-12-09T05:21:26.401+0000] {spark_submit.py:521} INFO - 23/12/09 05:21:26 WARN NativeCodeLoader: Unable to load native-hadoop library for your platform... using builtin-java classes where applicable
[2023-12-09T05:21:26.516+0000] {spark_submit.py:521} INFO - 23/12/09 05:21:26 INFO ResourceUtils: ==============================================================
[2023-12-09T05:21:26.517+0000] {spark_submit.py:521} INFO - 23/12/09 05:21:26 INFO ResourceUtils: No custom resources configured for spark.driver.
[2023-12-09T05:21:26.517+0000] {spark_submit.py:521} INFO - 23/12/09 05:21:26 INFO ResourceUtils: ==============================================================
[2023-12-09T05:21:26.518+0000] {spark_submit.py:521} INFO - 23/12/09 05:21:26 INFO SparkContext: Submitted application: Dibimbing
[2023-12-09T05:21:26.545+0000] {spark_submit.py:521} INFO - 23/12/09 05:21:26 INFO ResourceProfile: Default ResourceProfile created, executor resources: Map(cores -> name: cores, amount: 1, script: , vendor: , memory -> name: memory, amount: 1024, script: , vendor: , offHeap -> name: offHeap, amount: 0, script: , vendor: ), task resources: Map(cpus -> name: cpus, amount: 1.0)
[2023-12-09T05:21:26.557+0000] {spark_submit.py:521} INFO - 23/12/09 05:21:26 INFO ResourceProfile: Limiting resource is cpu
[2023-12-09T05:21:26.558+0000] {spark_submit.py:521} INFO - 23/12/09 05:21:26 INFO ResourceProfileManager: Added ResourceProfile id: 0
[2023-12-09T05:21:26.623+0000] {spark_submit.py:521} INFO - 23/12/09 05:21:26 INFO SecurityManager: Changing view acls to: airflow
[2023-12-09T05:21:26.623+0000] {spark_submit.py:521} INFO - 23/12/09 05:21:26 INFO SecurityManager: Changing modify acls to: airflow
[2023-12-09T05:21:26.624+0000] {spark_submit.py:521} INFO - 23/12/09 05:21:26 INFO SecurityManager: Changing view acls groups to:
[2023-12-09T05:21:26.625+0000] {spark_submit.py:521} INFO - 23/12/09 05:21:26 INFO SecurityManager: Changing modify acls groups to:
[2023-12-09T05:21:26.625+0000] {spark_submit.py:521} INFO - 23/12/09 05:21:26 INFO SecurityManager: SecurityManager: authentication disabled; ui acls disabled; users  with view permissions: Set(airflow); groups with view permissions: Set(); users  with modify permissions: Set(airflow); groups with modify permissions: Set()
[2023-12-09T05:21:26.922+0000] {spark_submit.py:521} INFO - 23/12/09 05:21:26 INFO Utils: Successfully started service 'sparkDriver' on port 44957.
[2023-12-09T05:21:26.959+0000] {spark_submit.py:521} INFO - 23/12/09 05:21:26 INFO SparkEnv: Registering MapOutputTracker
[2023-12-09T05:21:27.000+0000] {spark_submit.py:521} INFO - 23/12/09 05:21:27 INFO SparkEnv: Registering BlockManagerMaster
[2023-12-09T05:21:27.019+0000] {spark_submit.py:521} INFO - 23/12/09 05:21:27 INFO BlockManagerMasterEndpoint: Using org.apache.spark.storage.DefaultTopologyMapper for getting topology information
[2023-12-09T05:21:27.020+0000] {spark_submit.py:521} INFO - 23/12/09 05:21:27 INFO BlockManagerMasterEndpoint: BlockManagerMasterEndpoint up
[2023-12-09T05:21:27.026+0000] {spark_submit.py:521} INFO - 23/12/09 05:21:27 INFO SparkEnv: Registering BlockManagerMasterHeartbeat
[2023-12-09T05:21:27.056+0000] {spark_submit.py:521} INFO - 23/12/09 05:21:27 INFO DiskBlockManager: Created local directory at /tmp/blockmgr-2bdb5359-5826-4f93-9f44-b427bca010e2
[2023-12-09T05:21:27.074+0000] {spark_submit.py:521} INFO - 23/12/09 05:21:27 INFO MemoryStore: MemoryStore started with capacity 434.4 MiB
[2023-12-09T05:21:27.091+0000] {spark_submit.py:521} INFO - 23/12/09 05:21:27 INFO SparkEnv: Registering OutputCommitCoordinator
[2023-12-09T05:21:27.352+0000] {spark_submit.py:521} INFO - 23/12/09 05:21:27 INFO Utils: Successfully started service 'SparkUI' on port 4040.
[2023-12-09T05:21:27.471+0000] {spark_submit.py:521} INFO - 23/12/09 05:21:27 INFO StandaloneAppClient$ClientEndpoint: Connecting to master spark://dataeng-spark-master:7077...
[2023-12-09T05:21:31.474+0000] {spark_submit.py:521} INFO - 23/12/09 05:21:31 WARN TransportClientFactory: DNS resolution failed for dataeng-spark-master:7077 took 3987 ms
[2023-12-09T05:21:31.508+0000] {spark_submit.py:521} INFO - 23/12/09 05:21:31 WARN StandaloneAppClient$ClientEndpoint: Failed to connect to master dataeng-spark-master:7077
[2023-12-09T05:21:31.509+0000] {spark_submit.py:521} INFO - org.apache.spark.SparkException: Exception thrown in awaitResult:
[2023-12-09T05:21:31.509+0000] {spark_submit.py:521} INFO - at org.apache.spark.util.ThreadUtils$.awaitResult(ThreadUtils.scala:301)
[2023-12-09T05:21:31.509+0000] {spark_submit.py:521} INFO - at org.apache.spark.rpc.RpcTimeout.awaitResult(RpcTimeout.scala:75)
[2023-12-09T05:21:31.510+0000] {spark_submit.py:521} INFO - at org.apache.spark.rpc.RpcEnv.setupEndpointRefByURI(RpcEnv.scala:102)
[2023-12-09T05:21:31.510+0000] {spark_submit.py:521} INFO - at org.apache.spark.rpc.RpcEnv.setupEndpointRef(RpcEnv.scala:110)
[2023-12-09T05:21:31.511+0000] {spark_submit.py:521} INFO - at org.apache.spark.deploy.client.StandaloneAppClient$ClientEndpoint$$anon$1.run(StandaloneAppClient.scala:107)
[2023-12-09T05:21:31.511+0000] {spark_submit.py:521} INFO - at java.base/java.util.concurrent.Executors$RunnableAdapter.call(Executors.java:515)
[2023-12-09T05:21:31.511+0000] {spark_submit.py:521} INFO - at java.base/java.util.concurrent.FutureTask.run(FutureTask.java:264)
[2023-12-09T05:21:31.512+0000] {spark_submit.py:521} INFO - at java.base/java.util.concurrent.ThreadPoolExecutor.runWorker(ThreadPoolExecutor.java:1128)
[2023-12-09T05:21:31.512+0000] {spark_submit.py:521} INFO - at java.base/java.util.concurrent.ThreadPoolExecutor$Worker.run(ThreadPoolExecutor.java:628)
[2023-12-09T05:21:31.512+0000] {spark_submit.py:521} INFO - at java.base/java.lang.Thread.run(Thread.java:829)
[2023-12-09T05:21:31.512+0000] {spark_submit.py:521} INFO - Caused by: java.io.IOException: Failed to connect to dataeng-spark-master:7077
[2023-12-09T05:21:31.513+0000] {spark_submit.py:521} INFO - at org.apache.spark.network.client.TransportClientFactory.createClient(TransportClientFactory.java:288)
[2023-12-09T05:21:31.513+0000] {spark_submit.py:521} INFO - at org.apache.spark.network.client.TransportClientFactory.createClient(TransportClientFactory.java:218)
[2023-12-09T05:21:31.513+0000] {spark_submit.py:521} INFO - at org.apache.spark.network.client.TransportClientFactory.createClient(TransportClientFactory.java:230)
[2023-12-09T05:21:31.513+0000] {spark_submit.py:521} INFO - at org.apache.spark.rpc.netty.NettyRpcEnv.createClient(NettyRpcEnv.scala:204)
[2023-12-09T05:21:31.514+0000] {spark_submit.py:521} INFO - at org.apache.spark.rpc.netty.Outbox$$anon$1.call(Outbox.scala:202)
[2023-12-09T05:21:31.514+0000] {spark_submit.py:521} INFO - at org.apache.spark.rpc.netty.Outbox$$anon$1.call(Outbox.scala:198)
[2023-12-09T05:21:31.514+0000] {spark_submit.py:521} INFO - ... 4 more
[2023-12-09T05:21:31.514+0000] {spark_submit.py:521} INFO - Caused by: java.net.UnknownHostException: dataeng-spark-master
[2023-12-09T05:21:31.515+0000] {spark_submit.py:521} INFO - at java.base/java.net.InetAddress$CachedAddresses.get(InetAddress.java:797)
[2023-12-09T05:21:31.515+0000] {spark_submit.py:521} INFO - at java.base/java.net.InetAddress.getAllByName0(InetAddress.java:1533)
[2023-12-09T05:21:31.515+0000] {spark_submit.py:521} INFO - at java.base/java.net.InetAddress.getAllByName(InetAddress.java:1386)
[2023-12-09T05:21:31.515+0000] {spark_submit.py:521} INFO - at java.base/java.net.InetAddress.getAllByName(InetAddress.java:1307)
[2023-12-09T05:21:31.515+0000] {spark_submit.py:521} INFO - at java.base/java.net.InetAddress.getByName(InetAddress.java:1257)
[2023-12-09T05:21:31.516+0000] {spark_submit.py:521} INFO - at io.netty.util.internal.SocketUtils$8.run(SocketUtils.java:156)
[2023-12-09T05:21:31.516+0000] {spark_submit.py:521} INFO - at io.netty.util.internal.SocketUtils$8.run(SocketUtils.java:153)
[2023-12-09T05:21:31.516+0000] {spark_submit.py:521} INFO - at java.base/java.security.AccessController.doPrivileged(Native Method)
[2023-12-09T05:21:31.517+0000] {spark_submit.py:521} INFO - at io.netty.util.internal.SocketUtils.addressByName(SocketUtils.java:153)
[2023-12-09T05:21:31.517+0000] {spark_submit.py:521} INFO - at io.netty.resolver.DefaultNameResolver.doResolve(DefaultNameResolver.java:41)
[2023-12-09T05:21:31.517+0000] {spark_submit.py:521} INFO - at io.netty.resolver.SimpleNameResolver.resolve(SimpleNameResolver.java:61)
[2023-12-09T05:21:31.517+0000] {spark_submit.py:521} INFO - at io.netty.resolver.SimpleNameResolver.resolve(SimpleNameResolver.java:53)
[2023-12-09T05:21:31.518+0000] {spark_submit.py:521} INFO - at io.netty.resolver.InetSocketAddressResolver.doResolve(InetSocketAddressResolver.java:55)
[2023-12-09T05:21:31.518+0000] {spark_submit.py:521} INFO - at io.netty.resolver.InetSocketAddressResolver.doResolve(InetSocketAddressResolver.java:31)
[2023-12-09T05:21:31.518+0000] {spark_submit.py:521} INFO - at io.netty.resolver.AbstractAddressResolver.resolve(AbstractAddressResolver.java:106)
[2023-12-09T05:21:31.518+0000] {spark_submit.py:521} INFO - at io.netty.bootstrap.Bootstrap.doResolveAndConnect0(Bootstrap.java:206)
[2023-12-09T05:21:31.519+0000] {spark_submit.py:521} INFO - at io.netty.bootstrap.Bootstrap.access$000(Bootstrap.java:46)
[2023-12-09T05:21:31.519+0000] {spark_submit.py:521} INFO - at io.netty.bootstrap.Bootstrap$1.operationComplete(Bootstrap.java:180)
[2023-12-09T05:21:31.519+0000] {spark_submit.py:521} INFO - at io.netty.bootstrap.Bootstrap$1.operationComplete(Bootstrap.java:166)
[2023-12-09T05:21:31.519+0000] {spark_submit.py:521} INFO - at io.netty.util.concurrent.DefaultPromise.notifyListener0(DefaultPromise.java:578)
[2023-12-09T05:21:31.520+0000] {spark_submit.py:521} INFO - at io.netty.util.concurrent.DefaultPromise.notifyListenersNow(DefaultPromise.java:552)
[2023-12-09T05:21:31.520+0000] {spark_submit.py:521} INFO - at io.netty.util.concurrent.DefaultPromise.notifyListeners(DefaultPromise.java:491)
[2023-12-09T05:21:31.520+0000] {spark_submit.py:521} INFO - at io.netty.util.concurrent.DefaultPromise.setValue0(DefaultPromise.java:616)
[2023-12-09T05:21:31.521+0000] {spark_submit.py:521} INFO - at io.netty.util.concurrent.DefaultPromise.setSuccess0(DefaultPromise.java:605)
[2023-12-09T05:21:31.521+0000] {spark_submit.py:521} INFO - at io.netty.util.concurrent.DefaultPromise.trySuccess(DefaultPromise.java:104)
[2023-12-09T05:21:31.521+0000] {spark_submit.py:521} INFO - at io.netty.channel.DefaultChannelPromise.trySuccess(DefaultChannelPromise.java:84)
[2023-12-09T05:21:31.521+0000] {spark_submit.py:521} INFO - at io.netty.channel.AbstractChannel$AbstractUnsafe.safeSetSuccess(AbstractChannel.java:990)
[2023-12-09T05:21:31.521+0000] {spark_submit.py:521} INFO - at io.netty.channel.AbstractChannel$AbstractUnsafe.register0(AbstractChannel.java:516)
[2023-12-09T05:21:31.522+0000] {spark_submit.py:521} INFO - at io.netty.channel.AbstractChannel$AbstractUnsafe.access$200(AbstractChannel.java:429)
[2023-12-09T05:21:31.522+0000] {spark_submit.py:521} INFO - at io.netty.channel.AbstractChannel$AbstractUnsafe$1.run(AbstractChannel.java:486)
[2023-12-09T05:21:31.522+0000] {spark_submit.py:521} INFO - at io.netty.util.concurrent.AbstractEventExecutor.safeExecute(AbstractEventExecutor.java:164)
[2023-12-09T05:21:31.522+0000] {spark_submit.py:521} INFO - at io.netty.util.concurrent.SingleThreadEventExecutor.runAllTasks(SingleThreadEventExecutor.java:469)
[2023-12-09T05:21:31.522+0000] {spark_submit.py:521} INFO - at io.netty.channel.nio.NioEventLoop.run(NioEventLoop.java:503)
[2023-12-09T05:21:31.523+0000] {spark_submit.py:521} INFO - at io.netty.util.concurrent.SingleThreadEventExecutor$4.run(SingleThreadEventExecutor.java:986)
[2023-12-09T05:21:31.523+0000] {spark_submit.py:521} INFO - at io.netty.util.internal.ThreadExecutorMap$2.run(ThreadExecutorMap.java:74)
[2023-12-09T05:21:31.523+0000] {spark_submit.py:521} INFO - at io.netty.util.concurrent.FastThreadLocalRunnable.run(FastThreadLocalRunnable.java:30)
[2023-12-09T05:21:31.523+0000] {spark_submit.py:521} INFO - ... 1 more
[2023-12-09T05:21:47.471+0000] {spark_submit.py:521} INFO - 23/12/09 05:21:47 INFO StandaloneAppClient$ClientEndpoint: Connecting to master spark://dataeng-spark-master:7077...
[2023-12-09T05:21:51.452+0000] {spark_submit.py:521} INFO - 23/12/09 05:21:51 WARN TransportClientFactory: DNS resolution failed for dataeng-spark-master:7077 took 3979 ms
[2023-12-09T05:21:51.457+0000] {spark_submit.py:521} INFO - 23/12/09 05:21:51 WARN StandaloneAppClient$ClientEndpoint: Failed to connect to master dataeng-spark-master:7077
[2023-12-09T05:21:51.457+0000] {spark_submit.py:521} INFO - org.apache.spark.SparkException: Exception thrown in awaitResult:
[2023-12-09T05:21:51.458+0000] {spark_submit.py:521} INFO - at org.apache.spark.util.ThreadUtils$.awaitResult(ThreadUtils.scala:301)
[2023-12-09T05:21:51.458+0000] {spark_submit.py:521} INFO - at org.apache.spark.rpc.RpcTimeout.awaitResult(RpcTimeout.scala:75)
[2023-12-09T05:21:51.458+0000] {spark_submit.py:521} INFO - at org.apache.spark.rpc.RpcEnv.setupEndpointRefByURI(RpcEnv.scala:102)
[2023-12-09T05:21:51.458+0000] {spark_submit.py:521} INFO - at org.apache.spark.rpc.RpcEnv.setupEndpointRef(RpcEnv.scala:110)
[2023-12-09T05:21:51.458+0000] {spark_submit.py:521} INFO - at org.apache.spark.deploy.client.StandaloneAppClient$ClientEndpoint$$anon$1.run(StandaloneAppClient.scala:107)
[2023-12-09T05:21:51.459+0000] {spark_submit.py:521} INFO - at java.base/java.util.concurrent.Executors$RunnableAdapter.call(Executors.java:515)
[2023-12-09T05:21:51.459+0000] {spark_submit.py:521} INFO - at java.base/java.util.concurrent.FutureTask.run(FutureTask.java:264)
[2023-12-09T05:21:51.459+0000] {spark_submit.py:521} INFO - at java.base/java.util.concurrent.ThreadPoolExecutor.runWorker(ThreadPoolExecutor.java:1128)
[2023-12-09T05:21:51.459+0000] {spark_submit.py:521} INFO - at java.base/java.util.concurrent.ThreadPoolExecutor$Worker.run(ThreadPoolExecutor.java:628)
[2023-12-09T05:21:51.460+0000] {spark_submit.py:521} INFO - at java.base/java.lang.Thread.run(Thread.java:829)
[2023-12-09T05:21:51.460+0000] {spark_submit.py:521} INFO - Caused by: java.io.IOException: Failed to connect to dataeng-spark-master:7077
[2023-12-09T05:21:51.460+0000] {spark_submit.py:521} INFO - at org.apache.spark.network.client.TransportClientFactory.createClient(TransportClientFactory.java:288)
[2023-12-09T05:21:51.460+0000] {spark_submit.py:521} INFO - at org.apache.spark.network.client.TransportClientFactory.createClient(TransportClientFactory.java:218)
[2023-12-09T05:21:51.460+0000] {spark_submit.py:521} INFO - at org.apache.spark.network.client.TransportClientFactory.createClient(TransportClientFactory.java:230)
[2023-12-09T05:21:51.461+0000] {spark_submit.py:521} INFO - at org.apache.spark.rpc.netty.NettyRpcEnv.createClient(NettyRpcEnv.scala:204)
[2023-12-09T05:21:51.461+0000] {spark_submit.py:521} INFO - at org.apache.spark.rpc.netty.Outbox$$anon$1.call(Outbox.scala:202)
[2023-12-09T05:21:51.461+0000] {spark_submit.py:521} INFO - at org.apache.spark.rpc.netty.Outbox$$anon$1.call(Outbox.scala:198)
[2023-12-09T05:21:51.461+0000] {spark_submit.py:521} INFO - ... 4 more
[2023-12-09T05:21:51.462+0000] {spark_submit.py:521} INFO - Caused by: java.net.UnknownHostException: dataeng-spark-master
[2023-12-09T05:21:51.462+0000] {spark_submit.py:521} INFO - at java.base/java.net.InetAddress$CachedAddresses.get(InetAddress.java:797)
[2023-12-09T05:21:51.462+0000] {spark_submit.py:521} INFO - at java.base/java.net.InetAddress.getAllByName0(InetAddress.java:1533)
[2023-12-09T05:21:51.462+0000] {spark_submit.py:521} INFO - at java.base/java.net.InetAddress.getAllByName(InetAddress.java:1386)
[2023-12-09T05:21:51.463+0000] {spark_submit.py:521} INFO - at java.base/java.net.InetAddress.getAllByName(InetAddress.java:1307)
[2023-12-09T05:21:51.463+0000] {spark_submit.py:521} INFO - at java.base/java.net.InetAddress.getByName(InetAddress.java:1257)
[2023-12-09T05:21:51.463+0000] {spark_submit.py:521} INFO - at io.netty.util.internal.SocketUtils$8.run(SocketUtils.java:156)
[2023-12-09T05:21:51.464+0000] {spark_submit.py:521} INFO - at io.netty.util.internal.SocketUtils$8.run(SocketUtils.java:153)
[2023-12-09T05:21:51.464+0000] {spark_submit.py:521} INFO - at java.base/java.security.AccessController.doPrivileged(Native Method)
[2023-12-09T05:21:51.464+0000] {spark_submit.py:521} INFO - at io.netty.util.internal.SocketUtils.addressByName(SocketUtils.java:153)
[2023-12-09T05:21:51.464+0000] {spark_submit.py:521} INFO - at io.netty.resolver.DefaultNameResolver.doResolve(DefaultNameResolver.java:41)
[2023-12-09T05:21:51.465+0000] {spark_submit.py:521} INFO - at io.netty.resolver.SimpleNameResolver.resolve(SimpleNameResolver.java:61)
[2023-12-09T05:21:51.465+0000] {spark_submit.py:521} INFO - at io.netty.resolver.SimpleNameResolver.resolve(SimpleNameResolver.java:53)
[2023-12-09T05:21:51.465+0000] {spark_submit.py:521} INFO - at io.netty.resolver.InetSocketAddressResolver.doResolve(InetSocketAddressResolver.java:55)
[2023-12-09T05:21:51.465+0000] {spark_submit.py:521} INFO - at io.netty.resolver.InetSocketAddressResolver.doResolve(InetSocketAddressResolver.java:31)
[2023-12-09T05:21:51.465+0000] {spark_submit.py:521} INFO - at io.netty.resolver.AbstractAddressResolver.resolve(AbstractAddressResolver.java:106)
[2023-12-09T05:21:51.466+0000] {spark_submit.py:521} INFO - at io.netty.bootstrap.Bootstrap.doResolveAndConnect0(Bootstrap.java:206)
[2023-12-09T05:21:51.466+0000] {spark_submit.py:521} INFO - at io.netty.bootstrap.Bootstrap.access$000(Bootstrap.java:46)
[2023-12-09T05:21:51.466+0000] {spark_submit.py:521} INFO - at io.netty.bootstrap.Bootstrap$1.operationComplete(Bootstrap.java:180)
[2023-12-09T05:21:51.466+0000] {spark_submit.py:521} INFO - at io.netty.bootstrap.Bootstrap$1.operationComplete(Bootstrap.java:166)
[2023-12-09T05:21:51.466+0000] {spark_submit.py:521} INFO - at io.netty.util.concurrent.DefaultPromise.notifyListener0(DefaultPromise.java:578)
[2023-12-09T05:21:51.467+0000] {spark_submit.py:521} INFO - at io.netty.util.concurrent.DefaultPromise.notifyListenersNow(DefaultPromise.java:552)
[2023-12-09T05:21:51.467+0000] {spark_submit.py:521} INFO - at io.netty.util.concurrent.DefaultPromise.notifyListeners(DefaultPromise.java:491)
[2023-12-09T05:21:51.467+0000] {spark_submit.py:521} INFO - at io.netty.util.concurrent.DefaultPromise.setValue0(DefaultPromise.java:616)
[2023-12-09T05:21:51.467+0000] {spark_submit.py:521} INFO - at io.netty.util.concurrent.DefaultPromise.setSuccess0(DefaultPromise.java:605)
[2023-12-09T05:21:51.467+0000] {spark_submit.py:521} INFO - at io.netty.util.concurrent.DefaultPromise.trySuccess(DefaultPromise.java:104)
[2023-12-09T05:21:51.468+0000] {spark_submit.py:521} INFO - at io.netty.channel.DefaultChannelPromise.trySuccess(DefaultChannelPromise.java:84)
[2023-12-09T05:21:51.468+0000] {spark_submit.py:521} INFO - at io.netty.channel.AbstractChannel$AbstractUnsafe.safeSetSuccess(AbstractChannel.java:990)
[2023-12-09T05:21:51.468+0000] {spark_submit.py:521} INFO - at io.netty.channel.AbstractChannel$AbstractUnsafe.register0(AbstractChannel.java:516)
[2023-12-09T05:21:51.468+0000] {spark_submit.py:521} INFO - at io.netty.channel.AbstractChannel$AbstractUnsafe.access$200(AbstractChannel.java:429)
[2023-12-09T05:21:51.468+0000] {spark_submit.py:521} INFO - at io.netty.channel.AbstractChannel$AbstractUnsafe$1.run(AbstractChannel.java:486)
[2023-12-09T05:21:51.468+0000] {spark_submit.py:521} INFO - at io.netty.util.concurrent.AbstractEventExecutor.safeExecute(AbstractEventExecutor.java:164)
[2023-12-09T05:21:51.469+0000] {spark_submit.py:521} INFO - at io.netty.util.concurrent.SingleThreadEventExecutor.runAllTasks(SingleThreadEventExecutor.java:469)
[2023-12-09T05:21:51.469+0000] {spark_submit.py:521} INFO - at io.netty.channel.nio.NioEventLoop.run(NioEventLoop.java:503)
[2023-12-09T05:21:51.469+0000] {spark_submit.py:521} INFO - at io.netty.util.concurrent.SingleThreadEventExecutor$4.run(SingleThreadEventExecutor.java:986)
[2023-12-09T05:21:51.469+0000] {spark_submit.py:521} INFO - at io.netty.util.internal.ThreadExecutorMap$2.run(ThreadExecutorMap.java:74)
[2023-12-09T05:21:51.470+0000] {spark_submit.py:521} INFO - at io.netty.util.concurrent.FastThreadLocalRunnable.run(FastThreadLocalRunnable.java:30)
[2023-12-09T05:21:51.470+0000] {spark_submit.py:521} INFO - ... 1 more
[2023-12-09T05:21:57.652+0000] {local_task_job_runner.py:294} WARNING - State of this instance has been externally set to failed. Terminating instance.
[2023-12-09T05:21:57.655+0000] {process_utils.py:131} INFO - Sending 15 to group 188. PIDs of all processes in the group: [189, 245, 188]
[2023-12-09T05:21:57.656+0000] {process_utils.py:86} INFO - Sending the signal 15 to group 188
[2023-12-09T05:21:57.657+0000] {taskinstance.py:1630} ERROR - Received SIGTERM. Terminating subprocesses.
[2023-12-09T05:21:57.659+0000] {spark_submit.py:647} INFO - Sending kill signal to spark-submit
[2023-12-09T05:21:57.709+0000] {process_utils.py:79} INFO - Process psutil.Process(pid=188, status='terminated', exitcode=0, started='05:21:22') (188) terminated with exit code 0
[2023-12-09T05:21:57.710+0000] {process_utils.py:79} INFO - Process psutil.Process(pid=189, status='terminated', started='05:21:22') (189) terminated with exit code None
[2023-12-09T05:21:57.711+0000] {process_utils.py:79} INFO - Process psutil.Process(pid=245, status='terminated', started='05:21:25') (245) terminated with exit code None
