[2023-12-09T05:20:17.773+0000] {processor.py:157} INFO - Started process (PID=172) to work on /opt/airflow/dags/spark-dag-example.py
[2023-12-09T05:20:17.776+0000] {processor.py:829} INFO - Processing file /opt/airflow/dags/spark-dag-example.py for tasks to queue
[2023-12-09T05:20:17.784+0000] {logging_mixin.py:151} INFO - [2023-12-09T05:20:17.783+0000] {dagbag.py:539} INFO - Filling up the DagBag from /opt/airflow/dags/spark-dag-example.py
[2023-12-09T05:20:17.845+0000] {processor.py:839} INFO - DAG(s) dict_keys(['spark_airflow_dag']) retrieved from /opt/airflow/dags/spark-dag-example.py
[2023-12-09T05:20:18.198+0000] {logging_mixin.py:151} INFO - [2023-12-09T05:20:18.198+0000] {manager.py:499} INFO - Created Permission View: %s
[2023-12-09T05:20:18.212+0000] {logging_mixin.py:151} INFO - [2023-12-09T05:20:18.211+0000] {manager.py:499} INFO - Created Permission View: %s
[2023-12-09T05:20:18.229+0000] {logging_mixin.py:151} INFO - [2023-12-09T05:20:18.228+0000] {manager.py:499} INFO - Created Permission View: %s
[2023-12-09T05:20:18.229+0000] {logging_mixin.py:151} INFO - [2023-12-09T05:20:18.229+0000] {security.py:708} INFO - Not syncing DAG-level permissions for DAG 'DAG:spark_airflow_dag' as access control is unset.
[2023-12-09T05:20:18.230+0000] {logging_mixin.py:151} INFO - [2023-12-09T05:20:18.230+0000] {dag.py:2915} INFO - Sync 1 DAGs
[2023-12-09T05:20:18.249+0000] {logging_mixin.py:151} INFO - [2023-12-09T05:20:18.249+0000] {dag.py:2937} INFO - Creating ORM DAG for spark_airflow_dag
[2023-12-09T05:20:18.250+0000] {logging_mixin.py:151} INFO - [2023-12-09T05:20:18.250+0000] {dag.py:3696} INFO - Setting next_dagrun for spark_airflow_dag to None, run_after=None
[2023-12-09T05:20:18.278+0000] {processor.py:179} INFO - Processing /opt/airflow/dags/spark-dag-example.py took 0.515 seconds
[2023-12-09T05:20:48.461+0000] {processor.py:157} INFO - Started process (PID=177) to work on /opt/airflow/dags/spark-dag-example.py
[2023-12-09T05:20:48.462+0000] {processor.py:829} INFO - Processing file /opt/airflow/dags/spark-dag-example.py for tasks to queue
[2023-12-09T05:20:48.464+0000] {logging_mixin.py:151} INFO - [2023-12-09T05:20:48.464+0000] {dagbag.py:539} INFO - Filling up the DagBag from /opt/airflow/dags/spark-dag-example.py
[2023-12-09T05:20:48.483+0000] {processor.py:839} INFO - DAG(s) dict_keys(['spark_airflow_dag']) retrieved from /opt/airflow/dags/spark-dag-example.py
[2023-12-09T05:20:48.510+0000] {logging_mixin.py:151} INFO - [2023-12-09T05:20:48.509+0000] {dag.py:2915} INFO - Sync 1 DAGs
[2023-12-09T05:20:48.524+0000] {logging_mixin.py:151} INFO - [2023-12-09T05:20:48.524+0000] {dag.py:3696} INFO - Setting next_dagrun for spark_airflow_dag to None, run_after=None
[2023-12-09T05:20:48.548+0000] {processor.py:179} INFO - Processing /opt/airflow/dags/spark-dag-example.py took 0.090 seconds
[2023-12-09T05:21:18.642+0000] {processor.py:157} INFO - Started process (PID=182) to work on /opt/airflow/dags/spark-dag-example.py
[2023-12-09T05:21:18.643+0000] {processor.py:829} INFO - Processing file /opt/airflow/dags/spark-dag-example.py for tasks to queue
[2023-12-09T05:21:18.646+0000] {logging_mixin.py:151} INFO - [2023-12-09T05:21:18.645+0000] {dagbag.py:539} INFO - Filling up the DagBag from /opt/airflow/dags/spark-dag-example.py
[2023-12-09T05:21:18.662+0000] {processor.py:839} INFO - DAG(s) dict_keys(['spark_airflow_dag']) retrieved from /opt/airflow/dags/spark-dag-example.py
[2023-12-09T05:21:18.692+0000] {logging_mixin.py:151} INFO - [2023-12-09T05:21:18.690+0000] {dag.py:2915} INFO - Sync 1 DAGs
[2023-12-09T05:21:18.706+0000] {logging_mixin.py:151} INFO - [2023-12-09T05:21:18.705+0000] {dag.py:3696} INFO - Setting next_dagrun for spark_airflow_dag to None, run_after=None
[2023-12-09T05:21:18.729+0000] {processor.py:179} INFO - Processing /opt/airflow/dags/spark-dag-example.py took 0.089 seconds
[2023-12-09T05:21:48.896+0000] {processor.py:157} INFO - Started process (PID=328) to work on /opt/airflow/dags/spark-dag-example.py
[2023-12-09T05:21:48.896+0000] {processor.py:829} INFO - Processing file /opt/airflow/dags/spark-dag-example.py for tasks to queue
[2023-12-09T05:21:48.899+0000] {logging_mixin.py:151} INFO - [2023-12-09T05:21:48.899+0000] {dagbag.py:539} INFO - Filling up the DagBag from /opt/airflow/dags/spark-dag-example.py
[2023-12-09T05:21:48.916+0000] {processor.py:839} INFO - DAG(s) dict_keys(['spark_airflow_dag']) retrieved from /opt/airflow/dags/spark-dag-example.py
[2023-12-09T05:21:48.943+0000] {logging_mixin.py:151} INFO - [2023-12-09T05:21:48.942+0000] {dag.py:2915} INFO - Sync 1 DAGs
[2023-12-09T05:21:48.954+0000] {logging_mixin.py:151} INFO - [2023-12-09T05:21:48.954+0000] {dag.py:3696} INFO - Setting next_dagrun for spark_airflow_dag to None, run_after=None
[2023-12-09T05:21:48.978+0000] {processor.py:179} INFO - Processing /opt/airflow/dags/spark-dag-example.py took 0.086 seconds
[2023-12-09T05:22:19.103+0000] {processor.py:157} INFO - Started process (PID=337) to work on /opt/airflow/dags/spark-dag-example.py
[2023-12-09T05:22:19.104+0000] {processor.py:829} INFO - Processing file /opt/airflow/dags/spark-dag-example.py for tasks to queue
[2023-12-09T05:22:19.109+0000] {logging_mixin.py:151} INFO - [2023-12-09T05:22:19.109+0000] {dagbag.py:539} INFO - Filling up the DagBag from /opt/airflow/dags/spark-dag-example.py
[2023-12-09T05:22:19.136+0000] {processor.py:839} INFO - DAG(s) dict_keys(['spark_airflow_dag']) retrieved from /opt/airflow/dags/spark-dag-example.py
[2023-12-09T05:22:19.169+0000] {logging_mixin.py:151} INFO - [2023-12-09T05:22:19.168+0000] {dag.py:2915} INFO - Sync 1 DAGs
[2023-12-09T05:22:19.185+0000] {logging_mixin.py:151} INFO - [2023-12-09T05:22:19.185+0000] {dag.py:3696} INFO - Setting next_dagrun for spark_airflow_dag to None, run_after=None
[2023-12-09T05:22:19.220+0000] {processor.py:179} INFO - Processing /opt/airflow/dags/spark-dag-example.py took 0.121 seconds
[2023-12-09T05:22:49.351+0000] {processor.py:157} INFO - Started process (PID=342) to work on /opt/airflow/dags/spark-dag-example.py
[2023-12-09T05:22:49.352+0000] {processor.py:829} INFO - Processing file /opt/airflow/dags/spark-dag-example.py for tasks to queue
[2023-12-09T05:22:49.355+0000] {logging_mixin.py:151} INFO - [2023-12-09T05:22:49.355+0000] {dagbag.py:539} INFO - Filling up the DagBag from /opt/airflow/dags/spark-dag-example.py
[2023-12-09T05:22:49.378+0000] {processor.py:839} INFO - DAG(s) dict_keys(['spark_airflow_dag']) retrieved from /opt/airflow/dags/spark-dag-example.py
[2023-12-09T05:22:49.413+0000] {logging_mixin.py:151} INFO - [2023-12-09T05:22:49.412+0000] {dag.py:2915} INFO - Sync 1 DAGs
[2023-12-09T05:22:49.426+0000] {logging_mixin.py:151} INFO - [2023-12-09T05:22:49.426+0000] {dag.py:3696} INFO - Setting next_dagrun for spark_airflow_dag to None, run_after=None
[2023-12-09T05:22:49.449+0000] {processor.py:179} INFO - Processing /opt/airflow/dags/spark-dag-example.py took 0.101 seconds
[2023-12-09T05:23:19.594+0000] {processor.py:157} INFO - Started process (PID=347) to work on /opt/airflow/dags/spark-dag-example.py
[2023-12-09T05:23:19.595+0000] {processor.py:829} INFO - Processing file /opt/airflow/dags/spark-dag-example.py for tasks to queue
[2023-12-09T05:23:19.597+0000] {logging_mixin.py:151} INFO - [2023-12-09T05:23:19.597+0000] {dagbag.py:539} INFO - Filling up the DagBag from /opt/airflow/dags/spark-dag-example.py
[2023-12-09T05:23:19.610+0000] {processor.py:839} INFO - DAG(s) dict_keys(['spark_airflow_dag']) retrieved from /opt/airflow/dags/spark-dag-example.py
[2023-12-09T05:23:19.632+0000] {logging_mixin.py:151} INFO - [2023-12-09T05:23:19.631+0000] {dag.py:2915} INFO - Sync 1 DAGs
[2023-12-09T05:23:19.642+0000] {logging_mixin.py:151} INFO - [2023-12-09T05:23:19.642+0000] {dag.py:3696} INFO - Setting next_dagrun for spark_airflow_dag to None, run_after=None
[2023-12-09T05:23:19.668+0000] {processor.py:179} INFO - Processing /opt/airflow/dags/spark-dag-example.py took 0.076 seconds
[2023-12-09T05:23:49.828+0000] {processor.py:157} INFO - Started process (PID=352) to work on /opt/airflow/dags/spark-dag-example.py
[2023-12-09T05:23:49.829+0000] {processor.py:829} INFO - Processing file /opt/airflow/dags/spark-dag-example.py for tasks to queue
[2023-12-09T05:23:49.831+0000] {logging_mixin.py:151} INFO - [2023-12-09T05:23:49.831+0000] {dagbag.py:539} INFO - Filling up the DagBag from /opt/airflow/dags/spark-dag-example.py
[2023-12-09T05:23:49.852+0000] {processor.py:839} INFO - DAG(s) dict_keys(['spark_airflow_dag']) retrieved from /opt/airflow/dags/spark-dag-example.py
[2023-12-09T05:23:49.882+0000] {logging_mixin.py:151} INFO - [2023-12-09T05:23:49.882+0000] {dag.py:2915} INFO - Sync 1 DAGs
[2023-12-09T05:23:49.899+0000] {logging_mixin.py:151} INFO - [2023-12-09T05:23:49.899+0000] {dag.py:3696} INFO - Setting next_dagrun for spark_airflow_dag to None, run_after=None
[2023-12-09T05:23:49.930+0000] {processor.py:179} INFO - Processing /opt/airflow/dags/spark-dag-example.py took 0.105 seconds
[2023-12-09T05:24:20.036+0000] {processor.py:157} INFO - Started process (PID=357) to work on /opt/airflow/dags/spark-dag-example.py
[2023-12-09T05:24:20.037+0000] {processor.py:829} INFO - Processing file /opt/airflow/dags/spark-dag-example.py for tasks to queue
[2023-12-09T05:24:20.038+0000] {logging_mixin.py:151} INFO - [2023-12-09T05:24:20.038+0000] {dagbag.py:539} INFO - Filling up the DagBag from /opt/airflow/dags/spark-dag-example.py
[2023-12-09T05:24:20.054+0000] {processor.py:839} INFO - DAG(s) dict_keys(['spark_airflow_dag']) retrieved from /opt/airflow/dags/spark-dag-example.py
[2023-12-09T05:24:20.078+0000] {logging_mixin.py:151} INFO - [2023-12-09T05:24:20.078+0000] {dag.py:2915} INFO - Sync 1 DAGs
[2023-12-09T05:24:20.090+0000] {logging_mixin.py:151} INFO - [2023-12-09T05:24:20.090+0000] {dag.py:3696} INFO - Setting next_dagrun for spark_airflow_dag to None, run_after=None
[2023-12-09T05:24:20.115+0000] {processor.py:179} INFO - Processing /opt/airflow/dags/spark-dag-example.py took 0.082 seconds
[2023-12-09T05:24:50.306+0000] {processor.py:157} INFO - Started process (PID=362) to work on /opt/airflow/dags/spark-dag-example.py
[2023-12-09T05:24:50.308+0000] {processor.py:829} INFO - Processing file /opt/airflow/dags/spark-dag-example.py for tasks to queue
[2023-12-09T05:24:50.309+0000] {logging_mixin.py:151} INFO - [2023-12-09T05:24:50.309+0000] {dagbag.py:539} INFO - Filling up the DagBag from /opt/airflow/dags/spark-dag-example.py
[2023-12-09T05:24:50.331+0000] {processor.py:839} INFO - DAG(s) dict_keys(['spark_airflow_dag']) retrieved from /opt/airflow/dags/spark-dag-example.py
[2023-12-09T05:24:50.361+0000] {logging_mixin.py:151} INFO - [2023-12-09T05:24:50.361+0000] {dag.py:2915} INFO - Sync 1 DAGs
[2023-12-09T05:24:50.377+0000] {logging_mixin.py:151} INFO - [2023-12-09T05:24:50.376+0000] {dag.py:3696} INFO - Setting next_dagrun for spark_airflow_dag to None, run_after=None
[2023-12-09T05:24:50.406+0000] {processor.py:179} INFO - Processing /opt/airflow/dags/spark-dag-example.py took 0.103 seconds
[2023-12-09T05:25:20.542+0000] {processor.py:157} INFO - Started process (PID=367) to work on /opt/airflow/dags/spark-dag-example.py
[2023-12-09T05:25:20.543+0000] {processor.py:829} INFO - Processing file /opt/airflow/dags/spark-dag-example.py for tasks to queue
[2023-12-09T05:25:20.546+0000] {logging_mixin.py:151} INFO - [2023-12-09T05:25:20.546+0000] {dagbag.py:539} INFO - Filling up the DagBag from /opt/airflow/dags/spark-dag-example.py
[2023-12-09T05:25:20.567+0000] {processor.py:839} INFO - DAG(s) dict_keys(['spark_airflow_dag']) retrieved from /opt/airflow/dags/spark-dag-example.py
[2023-12-09T05:25:20.599+0000] {logging_mixin.py:151} INFO - [2023-12-09T05:25:20.599+0000] {dag.py:2915} INFO - Sync 1 DAGs
[2023-12-09T05:25:20.614+0000] {logging_mixin.py:151} INFO - [2023-12-09T05:25:20.614+0000] {dag.py:3696} INFO - Setting next_dagrun for spark_airflow_dag to None, run_after=None
[2023-12-09T05:25:20.649+0000] {processor.py:179} INFO - Processing /opt/airflow/dags/spark-dag-example.py took 0.110 seconds
[2023-12-09T05:30:56.709+0000] {processor.py:157} INFO - Started process (PID=172) to work on /opt/airflow/dags/spark-dag-example.py
[2023-12-09T05:30:56.710+0000] {processor.py:829} INFO - Processing file /opt/airflow/dags/spark-dag-example.py for tasks to queue
[2023-12-09T05:30:56.712+0000] {logging_mixin.py:151} INFO - [2023-12-09T05:30:56.711+0000] {dagbag.py:539} INFO - Filling up the DagBag from /opt/airflow/dags/spark-dag-example.py
[2023-12-09T05:30:56.730+0000] {processor.py:839} INFO - DAG(s) dict_keys(['spark_airflow_dag']) retrieved from /opt/airflow/dags/spark-dag-example.py
[2023-12-09T05:30:56.750+0000] {logging_mixin.py:151} INFO - [2023-12-09T05:30:56.749+0000] {dag.py:2915} INFO - Sync 1 DAGs
[2023-12-09T05:30:56.761+0000] {logging_mixin.py:151} INFO - [2023-12-09T05:30:56.761+0000] {dag.py:3696} INFO - Setting next_dagrun for spark_airflow_dag to None, run_after=None
[2023-12-09T05:30:56.785+0000] {processor.py:179} INFO - Processing /opt/airflow/dags/spark-dag-example.py took 0.079 seconds
[2023-12-09T05:31:26.913+0000] {processor.py:157} INFO - Started process (PID=177) to work on /opt/airflow/dags/spark-dag-example.py
[2023-12-09T05:31:26.914+0000] {processor.py:829} INFO - Processing file /opt/airflow/dags/spark-dag-example.py for tasks to queue
[2023-12-09T05:31:26.915+0000] {logging_mixin.py:151} INFO - [2023-12-09T05:31:26.915+0000] {dagbag.py:539} INFO - Filling up the DagBag from /opt/airflow/dags/spark-dag-example.py
[2023-12-09T05:31:26.933+0000] {processor.py:839} INFO - DAG(s) dict_keys(['spark_airflow_dag']) retrieved from /opt/airflow/dags/spark-dag-example.py
[2023-12-09T05:31:26.958+0000] {logging_mixin.py:151} INFO - [2023-12-09T05:31:26.958+0000] {dag.py:2915} INFO - Sync 1 DAGs
[2023-12-09T05:31:26.971+0000] {logging_mixin.py:151} INFO - [2023-12-09T05:31:26.971+0000] {dag.py:3696} INFO - Setting next_dagrun for spark_airflow_dag to None, run_after=None
[2023-12-09T05:31:26.995+0000] {processor.py:179} INFO - Processing /opt/airflow/dags/spark-dag-example.py took 0.084 seconds
[2023-12-09T05:31:57.135+0000] {processor.py:157} INFO - Started process (PID=182) to work on /opt/airflow/dags/spark-dag-example.py
[2023-12-09T05:31:57.136+0000] {processor.py:829} INFO - Processing file /opt/airflow/dags/spark-dag-example.py for tasks to queue
[2023-12-09T05:31:57.137+0000] {logging_mixin.py:151} INFO - [2023-12-09T05:31:57.137+0000] {dagbag.py:539} INFO - Filling up the DagBag from /opt/airflow/dags/spark-dag-example.py
[2023-12-09T05:31:57.151+0000] {processor.py:839} INFO - DAG(s) dict_keys(['spark_airflow_dag']) retrieved from /opt/airflow/dags/spark-dag-example.py
[2023-12-09T05:31:57.172+0000] {logging_mixin.py:151} INFO - [2023-12-09T05:31:57.171+0000] {dag.py:2915} INFO - Sync 1 DAGs
[2023-12-09T05:31:57.182+0000] {logging_mixin.py:151} INFO - [2023-12-09T05:31:57.182+0000] {dag.py:3696} INFO - Setting next_dagrun for spark_airflow_dag to None, run_after=None
[2023-12-09T05:31:57.203+0000] {processor.py:179} INFO - Processing /opt/airflow/dags/spark-dag-example.py took 0.070 seconds
[2023-12-09T05:32:27.351+0000] {processor.py:157} INFO - Started process (PID=416) to work on /opt/airflow/dags/spark-dag-example.py
[2023-12-09T05:32:27.352+0000] {processor.py:829} INFO - Processing file /opt/airflow/dags/spark-dag-example.py for tasks to queue
[2023-12-09T05:32:27.354+0000] {logging_mixin.py:151} INFO - [2023-12-09T05:32:27.354+0000] {dagbag.py:539} INFO - Filling up the DagBag from /opt/airflow/dags/spark-dag-example.py
[2023-12-09T05:32:27.377+0000] {processor.py:839} INFO - DAG(s) dict_keys(['spark_airflow_dag']) retrieved from /opt/airflow/dags/spark-dag-example.py
[2023-12-09T05:32:27.414+0000] {logging_mixin.py:151} INFO - [2023-12-09T05:32:27.413+0000] {dag.py:2915} INFO - Sync 1 DAGs
[2023-12-09T05:32:27.430+0000] {logging_mixin.py:151} INFO - [2023-12-09T05:32:27.429+0000] {dag.py:3696} INFO - Setting next_dagrun for spark_airflow_dag to None, run_after=None
[2023-12-09T05:32:27.460+0000] {processor.py:179} INFO - Processing /opt/airflow/dags/spark-dag-example.py took 0.112 seconds
[2023-12-09T05:32:57.550+0000] {processor.py:157} INFO - Started process (PID=421) to work on /opt/airflow/dags/spark-dag-example.py
[2023-12-09T05:32:57.551+0000] {processor.py:829} INFO - Processing file /opt/airflow/dags/spark-dag-example.py for tasks to queue
[2023-12-09T05:32:57.553+0000] {logging_mixin.py:151} INFO - [2023-12-09T05:32:57.553+0000] {dagbag.py:539} INFO - Filling up the DagBag from /opt/airflow/dags/spark-dag-example.py
[2023-12-09T05:32:57.568+0000] {processor.py:839} INFO - DAG(s) dict_keys(['spark_airflow_dag']) retrieved from /opt/airflow/dags/spark-dag-example.py
[2023-12-09T05:32:57.591+0000] {logging_mixin.py:151} INFO - [2023-12-09T05:32:57.590+0000] {dag.py:2915} INFO - Sync 1 DAGs
[2023-12-09T05:32:57.603+0000] {logging_mixin.py:151} INFO - [2023-12-09T05:32:57.603+0000] {dag.py:3696} INFO - Setting next_dagrun for spark_airflow_dag to None, run_after=None
[2023-12-09T05:32:57.632+0000] {processor.py:179} INFO - Processing /opt/airflow/dags/spark-dag-example.py took 0.083 seconds
[2023-12-09T05:33:27.825+0000] {processor.py:157} INFO - Started process (PID=426) to work on /opt/airflow/dags/spark-dag-example.py
[2023-12-09T05:33:27.826+0000] {processor.py:829} INFO - Processing file /opt/airflow/dags/spark-dag-example.py for tasks to queue
[2023-12-09T05:33:27.829+0000] {logging_mixin.py:151} INFO - [2023-12-09T05:33:27.828+0000] {dagbag.py:539} INFO - Filling up the DagBag from /opt/airflow/dags/spark-dag-example.py
[2023-12-09T05:33:27.849+0000] {processor.py:839} INFO - DAG(s) dict_keys(['spark_airflow_dag']) retrieved from /opt/airflow/dags/spark-dag-example.py
[2023-12-09T05:33:27.881+0000] {logging_mixin.py:151} INFO - [2023-12-09T05:33:27.880+0000] {dag.py:2915} INFO - Sync 1 DAGs
[2023-12-09T05:33:27.896+0000] {logging_mixin.py:151} INFO - [2023-12-09T05:33:27.895+0000] {dag.py:3696} INFO - Setting next_dagrun for spark_airflow_dag to None, run_after=None
[2023-12-09T05:33:27.922+0000] {processor.py:179} INFO - Processing /opt/airflow/dags/spark-dag-example.py took 0.099 seconds
[2023-12-09T05:33:58.029+0000] {processor.py:157} INFO - Started process (PID=431) to work on /opt/airflow/dags/spark-dag-example.py
[2023-12-09T05:33:58.030+0000] {processor.py:829} INFO - Processing file /opt/airflow/dags/spark-dag-example.py for tasks to queue
[2023-12-09T05:33:58.033+0000] {logging_mixin.py:151} INFO - [2023-12-09T05:33:58.033+0000] {dagbag.py:539} INFO - Filling up the DagBag from /opt/airflow/dags/spark-dag-example.py
[2023-12-09T05:33:58.053+0000] {processor.py:839} INFO - DAG(s) dict_keys(['spark_airflow_dag']) retrieved from /opt/airflow/dags/spark-dag-example.py
[2023-12-09T05:33:58.085+0000] {logging_mixin.py:151} INFO - [2023-12-09T05:33:58.084+0000] {dag.py:2915} INFO - Sync 1 DAGs
[2023-12-09T05:33:58.101+0000] {logging_mixin.py:151} INFO - [2023-12-09T05:33:58.100+0000] {dag.py:3696} INFO - Setting next_dagrun for spark_airflow_dag to None, run_after=None
[2023-12-09T05:33:58.134+0000] {processor.py:179} INFO - Processing /opt/airflow/dags/spark-dag-example.py took 0.108 seconds
[2023-12-09T05:34:28.309+0000] {processor.py:157} INFO - Started process (PID=436) to work on /opt/airflow/dags/spark-dag-example.py
[2023-12-09T05:34:28.310+0000] {processor.py:829} INFO - Processing file /opt/airflow/dags/spark-dag-example.py for tasks to queue
[2023-12-09T05:34:28.312+0000] {logging_mixin.py:151} INFO - [2023-12-09T05:34:28.312+0000] {dagbag.py:539} INFO - Filling up the DagBag from /opt/airflow/dags/spark-dag-example.py
[2023-12-09T05:34:28.326+0000] {processor.py:839} INFO - DAG(s) dict_keys(['spark_airflow_dag']) retrieved from /opt/airflow/dags/spark-dag-example.py
[2023-12-09T05:34:28.346+0000] {logging_mixin.py:151} INFO - [2023-12-09T05:34:28.346+0000] {dag.py:2915} INFO - Sync 1 DAGs
[2023-12-09T05:34:28.356+0000] {logging_mixin.py:151} INFO - [2023-12-09T05:34:28.355+0000] {dag.py:3696} INFO - Setting next_dagrun for spark_airflow_dag to None, run_after=None
[2023-12-09T05:34:28.375+0000] {processor.py:179} INFO - Processing /opt/airflow/dags/spark-dag-example.py took 0.068 seconds
[2023-12-09T05:34:58.511+0000] {processor.py:157} INFO - Started process (PID=441) to work on /opt/airflow/dags/spark-dag-example.py
[2023-12-09T05:34:58.512+0000] {processor.py:829} INFO - Processing file /opt/airflow/dags/spark-dag-example.py for tasks to queue
[2023-12-09T05:34:58.514+0000] {logging_mixin.py:151} INFO - [2023-12-09T05:34:58.514+0000] {dagbag.py:539} INFO - Filling up the DagBag from /opt/airflow/dags/spark-dag-example.py
[2023-12-09T05:34:58.528+0000] {processor.py:839} INFO - DAG(s) dict_keys(['spark_airflow_dag']) retrieved from /opt/airflow/dags/spark-dag-example.py
[2023-12-09T05:34:58.551+0000] {logging_mixin.py:151} INFO - [2023-12-09T05:34:58.550+0000] {dag.py:2915} INFO - Sync 1 DAGs
[2023-12-09T05:34:58.561+0000] {logging_mixin.py:151} INFO - [2023-12-09T05:34:58.561+0000] {dag.py:3696} INFO - Setting next_dagrun for spark_airflow_dag to None, run_after=None
[2023-12-09T05:34:58.584+0000] {processor.py:179} INFO - Processing /opt/airflow/dags/spark-dag-example.py took 0.075 seconds
[2023-12-09T12:04:46.293+0000] {processor.py:157} INFO - Started process (PID=217) to work on /opt/airflow/dags/spark-dag-example.py
[2023-12-09T12:04:46.300+0000] {processor.py:829} INFO - Processing file /opt/airflow/dags/spark-dag-example.py for tasks to queue
[2023-12-09T12:04:46.305+0000] {logging_mixin.py:151} INFO - [2023-12-09T12:04:46.305+0000] {dagbag.py:539} INFO - Filling up the DagBag from /opt/airflow/dags/spark-dag-example.py
[2023-12-09T12:04:46.331+0000] {processor.py:839} INFO - DAG(s) dict_keys(['spark_airflow_dag']) retrieved from /opt/airflow/dags/spark-dag-example.py
[2023-12-09T12:04:46.384+0000] {logging_mixin.py:151} INFO - [2023-12-09T12:04:46.383+0000] {dag.py:2915} INFO - Sync 1 DAGs
[2023-12-09T12:04:46.404+0000] {logging_mixin.py:151} INFO - [2023-12-09T12:04:46.404+0000] {dag.py:3696} INFO - Setting next_dagrun for spark_airflow_dag to None, run_after=None
[2023-12-09T12:04:46.456+0000] {processor.py:179} INFO - Processing /opt/airflow/dags/spark-dag-example.py took 0.170 seconds
[2023-12-09T12:05:16.526+0000] {processor.py:157} INFO - Started process (PID=222) to work on /opt/airflow/dags/spark-dag-example.py
[2023-12-09T12:05:16.528+0000] {processor.py:829} INFO - Processing file /opt/airflow/dags/spark-dag-example.py for tasks to queue
[2023-12-09T12:05:16.533+0000] {logging_mixin.py:151} INFO - [2023-12-09T12:05:16.533+0000] {dagbag.py:539} INFO - Filling up the DagBag from /opt/airflow/dags/spark-dag-example.py
[2023-12-09T12:05:16.560+0000] {processor.py:839} INFO - DAG(s) dict_keys(['spark_airflow_dag']) retrieved from /opt/airflow/dags/spark-dag-example.py
[2023-12-09T12:05:16.606+0000] {logging_mixin.py:151} INFO - [2023-12-09T12:05:16.605+0000] {dag.py:2915} INFO - Sync 1 DAGs
[2023-12-09T12:05:16.625+0000] {logging_mixin.py:151} INFO - [2023-12-09T12:05:16.625+0000] {dag.py:3696} INFO - Setting next_dagrun for spark_airflow_dag to None, run_after=None
[2023-12-09T12:05:16.651+0000] {processor.py:179} INFO - Processing /opt/airflow/dags/spark-dag-example.py took 0.136 seconds
[2023-12-09T12:05:46.783+0000] {processor.py:157} INFO - Started process (PID=227) to work on /opt/airflow/dags/spark-dag-example.py
[2023-12-09T12:05:46.783+0000] {processor.py:829} INFO - Processing file /opt/airflow/dags/spark-dag-example.py for tasks to queue
[2023-12-09T12:05:46.785+0000] {logging_mixin.py:151} INFO - [2023-12-09T12:05:46.784+0000] {dagbag.py:539} INFO - Filling up the DagBag from /opt/airflow/dags/spark-dag-example.py
[2023-12-09T12:05:46.799+0000] {processor.py:839} INFO - DAG(s) dict_keys(['spark_airflow_dag']) retrieved from /opt/airflow/dags/spark-dag-example.py
[2023-12-09T12:05:46.822+0000] {logging_mixin.py:151} INFO - [2023-12-09T12:05:46.822+0000] {dag.py:2915} INFO - Sync 1 DAGs
[2023-12-09T12:05:46.833+0000] {logging_mixin.py:151} INFO - [2023-12-09T12:05:46.833+0000] {dag.py:3696} INFO - Setting next_dagrun for spark_airflow_dag to None, run_after=None
[2023-12-09T12:05:46.857+0000] {processor.py:179} INFO - Processing /opt/airflow/dags/spark-dag-example.py took 0.076 seconds
[2023-12-09T12:06:16.984+0000] {processor.py:157} INFO - Started process (PID=232) to work on /opt/airflow/dags/spark-dag-example.py
[2023-12-09T12:06:16.986+0000] {processor.py:829} INFO - Processing file /opt/airflow/dags/spark-dag-example.py for tasks to queue
[2023-12-09T12:06:16.992+0000] {logging_mixin.py:151} INFO - [2023-12-09T12:06:16.991+0000] {dagbag.py:539} INFO - Filling up the DagBag from /opt/airflow/dags/spark-dag-example.py
[2023-12-09T12:06:17.025+0000] {processor.py:839} INFO - DAG(s) dict_keys(['spark_airflow_dag']) retrieved from /opt/airflow/dags/spark-dag-example.py
[2023-12-09T12:06:17.079+0000] {logging_mixin.py:151} INFO - [2023-12-09T12:06:17.078+0000] {dag.py:2915} INFO - Sync 1 DAGs
[2023-12-09T12:06:17.106+0000] {logging_mixin.py:151} INFO - [2023-12-09T12:06:17.106+0000] {dag.py:3696} INFO - Setting next_dagrun for spark_airflow_dag to None, run_after=None
[2023-12-09T12:06:17.134+0000] {processor.py:179} INFO - Processing /opt/airflow/dags/spark-dag-example.py took 0.162 seconds
[2023-12-09T12:06:47.176+0000] {processor.py:157} INFO - Started process (PID=237) to work on /opt/airflow/dags/spark-dag-example.py
[2023-12-09T12:06:47.176+0000] {processor.py:829} INFO - Processing file /opt/airflow/dags/spark-dag-example.py for tasks to queue
[2023-12-09T12:06:47.178+0000] {logging_mixin.py:151} INFO - [2023-12-09T12:06:47.178+0000] {dagbag.py:539} INFO - Filling up the DagBag from /opt/airflow/dags/spark-dag-example.py
[2023-12-09T12:06:47.190+0000] {processor.py:839} INFO - DAG(s) dict_keys(['spark_airflow_dag']) retrieved from /opt/airflow/dags/spark-dag-example.py
[2023-12-09T12:06:47.211+0000] {logging_mixin.py:151} INFO - [2023-12-09T12:06:47.211+0000] {dag.py:2915} INFO - Sync 1 DAGs
[2023-12-09T12:06:47.221+0000] {logging_mixin.py:151} INFO - [2023-12-09T12:06:47.221+0000] {dag.py:3696} INFO - Setting next_dagrun for spark_airflow_dag to None, run_after=None
[2023-12-09T12:06:47.244+0000] {processor.py:179} INFO - Processing /opt/airflow/dags/spark-dag-example.py took 0.070 seconds
[2023-12-09T12:07:17.347+0000] {processor.py:157} INFO - Started process (PID=242) to work on /opt/airflow/dags/spark-dag-example.py
[2023-12-09T12:07:17.347+0000] {processor.py:829} INFO - Processing file /opt/airflow/dags/spark-dag-example.py for tasks to queue
[2023-12-09T12:07:17.349+0000] {logging_mixin.py:151} INFO - [2023-12-09T12:07:17.349+0000] {dagbag.py:539} INFO - Filling up the DagBag from /opt/airflow/dags/spark-dag-example.py
[2023-12-09T12:07:17.361+0000] {processor.py:839} INFO - DAG(s) dict_keys(['spark_airflow_dag']) retrieved from /opt/airflow/dags/spark-dag-example.py
[2023-12-09T12:07:17.380+0000] {logging_mixin.py:151} INFO - [2023-12-09T12:07:17.380+0000] {dag.py:2915} INFO - Sync 1 DAGs
[2023-12-09T12:07:17.389+0000] {logging_mixin.py:151} INFO - [2023-12-09T12:07:17.389+0000] {dag.py:3696} INFO - Setting next_dagrun for spark_airflow_dag to None, run_after=None
[2023-12-09T12:07:17.405+0000] {processor.py:179} INFO - Processing /opt/airflow/dags/spark-dag-example.py took 0.060 seconds
[2023-12-09T12:07:47.571+0000] {processor.py:157} INFO - Started process (PID=247) to work on /opt/airflow/dags/spark-dag-example.py
[2023-12-09T12:07:47.572+0000] {processor.py:829} INFO - Processing file /opt/airflow/dags/spark-dag-example.py for tasks to queue
[2023-12-09T12:07:47.574+0000] {logging_mixin.py:151} INFO - [2023-12-09T12:07:47.574+0000] {dagbag.py:539} INFO - Filling up the DagBag from /opt/airflow/dags/spark-dag-example.py
[2023-12-09T12:07:47.588+0000] {processor.py:839} INFO - DAG(s) dict_keys(['spark_airflow_dag']) retrieved from /opt/airflow/dags/spark-dag-example.py
[2023-12-09T12:07:47.609+0000] {logging_mixin.py:151} INFO - [2023-12-09T12:07:47.608+0000] {dag.py:2915} INFO - Sync 1 DAGs
[2023-12-09T12:07:47.619+0000] {logging_mixin.py:151} INFO - [2023-12-09T12:07:47.619+0000] {dag.py:3696} INFO - Setting next_dagrun for spark_airflow_dag to None, run_after=None
[2023-12-09T12:07:47.640+0000] {processor.py:179} INFO - Processing /opt/airflow/dags/spark-dag-example.py took 0.071 seconds
[2023-12-09T12:08:17.739+0000] {processor.py:157} INFO - Started process (PID=252) to work on /opt/airflow/dags/spark-dag-example.py
[2023-12-09T12:08:17.740+0000] {processor.py:829} INFO - Processing file /opt/airflow/dags/spark-dag-example.py for tasks to queue
[2023-12-09T12:08:17.742+0000] {logging_mixin.py:151} INFO - [2023-12-09T12:08:17.742+0000] {dagbag.py:539} INFO - Filling up the DagBag from /opt/airflow/dags/spark-dag-example.py
[2023-12-09T12:08:17.755+0000] {processor.py:839} INFO - DAG(s) dict_keys(['spark_airflow_dag']) retrieved from /opt/airflow/dags/spark-dag-example.py
[2023-12-09T12:08:17.778+0000] {logging_mixin.py:151} INFO - [2023-12-09T12:08:17.777+0000] {dag.py:2915} INFO - Sync 1 DAGs
[2023-12-09T12:08:17.789+0000] {logging_mixin.py:151} INFO - [2023-12-09T12:08:17.788+0000] {dag.py:3696} INFO - Setting next_dagrun for spark_airflow_dag to None, run_after=None
[2023-12-09T12:08:17.811+0000] {processor.py:179} INFO - Processing /opt/airflow/dags/spark-dag-example.py took 0.073 seconds
[2023-12-09T12:08:47.938+0000] {processor.py:157} INFO - Started process (PID=257) to work on /opt/airflow/dags/spark-dag-example.py
[2023-12-09T12:08:47.939+0000] {processor.py:829} INFO - Processing file /opt/airflow/dags/spark-dag-example.py for tasks to queue
[2023-12-09T12:08:47.940+0000] {logging_mixin.py:151} INFO - [2023-12-09T12:08:47.940+0000] {dagbag.py:539} INFO - Filling up the DagBag from /opt/airflow/dags/spark-dag-example.py
[2023-12-09T12:08:47.953+0000] {processor.py:839} INFO - DAG(s) dict_keys(['spark_airflow_dag']) retrieved from /opt/airflow/dags/spark-dag-example.py
[2023-12-09T12:08:47.974+0000] {logging_mixin.py:151} INFO - [2023-12-09T12:08:47.974+0000] {dag.py:2915} INFO - Sync 1 DAGs
[2023-12-09T12:08:47.986+0000] {logging_mixin.py:151} INFO - [2023-12-09T12:08:47.986+0000] {dag.py:3696} INFO - Setting next_dagrun for spark_airflow_dag to None, run_after=None
[2023-12-09T12:08:48.004+0000] {processor.py:179} INFO - Processing /opt/airflow/dags/spark-dag-example.py took 0.068 seconds
[2023-12-09T12:09:18.118+0000] {processor.py:157} INFO - Started process (PID=262) to work on /opt/airflow/dags/spark-dag-example.py
[2023-12-09T12:09:18.118+0000] {processor.py:829} INFO - Processing file /opt/airflow/dags/spark-dag-example.py for tasks to queue
[2023-12-09T12:09:18.120+0000] {logging_mixin.py:151} INFO - [2023-12-09T12:09:18.119+0000] {dagbag.py:539} INFO - Filling up the DagBag from /opt/airflow/dags/spark-dag-example.py
[2023-12-09T12:09:18.134+0000] {processor.py:839} INFO - DAG(s) dict_keys(['spark_airflow_dag']) retrieved from /opt/airflow/dags/spark-dag-example.py
[2023-12-09T12:09:18.155+0000] {logging_mixin.py:151} INFO - [2023-12-09T12:09:18.154+0000] {dag.py:2915} INFO - Sync 1 DAGs
[2023-12-09T12:09:18.166+0000] {logging_mixin.py:151} INFO - [2023-12-09T12:09:18.166+0000] {dag.py:3696} INFO - Setting next_dagrun for spark_airflow_dag to None, run_after=None
[2023-12-09T12:09:18.187+0000] {processor.py:179} INFO - Processing /opt/airflow/dags/spark-dag-example.py took 0.071 seconds
[2023-12-09T12:09:48.331+0000] {processor.py:157} INFO - Started process (PID=267) to work on /opt/airflow/dags/spark-dag-example.py
[2023-12-09T12:09:48.332+0000] {processor.py:829} INFO - Processing file /opt/airflow/dags/spark-dag-example.py for tasks to queue
[2023-12-09T12:09:48.334+0000] {logging_mixin.py:151} INFO - [2023-12-09T12:09:48.333+0000] {dagbag.py:539} INFO - Filling up the DagBag from /opt/airflow/dags/spark-dag-example.py
[2023-12-09T12:09:48.346+0000] {processor.py:839} INFO - DAG(s) dict_keys(['spark_airflow_dag']) retrieved from /opt/airflow/dags/spark-dag-example.py
[2023-12-09T12:09:48.368+0000] {logging_mixin.py:151} INFO - [2023-12-09T12:09:48.368+0000] {dag.py:2915} INFO - Sync 1 DAGs
[2023-12-09T12:09:48.379+0000] {logging_mixin.py:151} INFO - [2023-12-09T12:09:48.379+0000] {dag.py:3696} INFO - Setting next_dagrun for spark_airflow_dag to None, run_after=None
[2023-12-09T12:09:48.401+0000] {processor.py:179} INFO - Processing /opt/airflow/dags/spark-dag-example.py took 0.072 seconds
[2023-12-09T12:10:18.515+0000] {processor.py:157} INFO - Started process (PID=272) to work on /opt/airflow/dags/spark-dag-example.py
[2023-12-09T12:10:18.515+0000] {processor.py:829} INFO - Processing file /opt/airflow/dags/spark-dag-example.py for tasks to queue
[2023-12-09T12:10:18.517+0000] {logging_mixin.py:151} INFO - [2023-12-09T12:10:18.517+0000] {dagbag.py:539} INFO - Filling up the DagBag from /opt/airflow/dags/spark-dag-example.py
[2023-12-09T12:10:18.530+0000] {processor.py:839} INFO - DAG(s) dict_keys(['spark_airflow_dag']) retrieved from /opt/airflow/dags/spark-dag-example.py
[2023-12-09T12:10:18.551+0000] {logging_mixin.py:151} INFO - [2023-12-09T12:10:18.551+0000] {dag.py:2915} INFO - Sync 1 DAGs
[2023-12-09T12:10:18.562+0000] {logging_mixin.py:151} INFO - [2023-12-09T12:10:18.561+0000] {dag.py:3696} INFO - Setting next_dagrun for spark_airflow_dag to None, run_after=None
[2023-12-09T12:10:18.580+0000] {processor.py:179} INFO - Processing /opt/airflow/dags/spark-dag-example.py took 0.067 seconds
[2023-12-09T12:10:48.731+0000] {processor.py:157} INFO - Started process (PID=277) to work on /opt/airflow/dags/spark-dag-example.py
[2023-12-09T12:10:48.732+0000] {processor.py:829} INFO - Processing file /opt/airflow/dags/spark-dag-example.py for tasks to queue
[2023-12-09T12:10:48.733+0000] {logging_mixin.py:151} INFO - [2023-12-09T12:10:48.733+0000] {dagbag.py:539} INFO - Filling up the DagBag from /opt/airflow/dags/spark-dag-example.py
[2023-12-09T12:10:48.748+0000] {processor.py:839} INFO - DAG(s) dict_keys(['spark_airflow_dag']) retrieved from /opt/airflow/dags/spark-dag-example.py
[2023-12-09T12:10:48.769+0000] {logging_mixin.py:151} INFO - [2023-12-09T12:10:48.769+0000] {dag.py:2915} INFO - Sync 1 DAGs
[2023-12-09T12:10:48.781+0000] {logging_mixin.py:151} INFO - [2023-12-09T12:10:48.780+0000] {dag.py:3696} INFO - Setting next_dagrun for spark_airflow_dag to None, run_after=None
[2023-12-09T12:10:48.805+0000] {processor.py:179} INFO - Processing /opt/airflow/dags/spark-dag-example.py took 0.076 seconds
[2023-12-09T12:11:18.901+0000] {processor.py:157} INFO - Started process (PID=282) to work on /opt/airflow/dags/spark-dag-example.py
[2023-12-09T12:11:18.902+0000] {processor.py:829} INFO - Processing file /opt/airflow/dags/spark-dag-example.py for tasks to queue
[2023-12-09T12:11:18.904+0000] {logging_mixin.py:151} INFO - [2023-12-09T12:11:18.903+0000] {dagbag.py:539} INFO - Filling up the DagBag from /opt/airflow/dags/spark-dag-example.py
[2023-12-09T12:11:18.917+0000] {processor.py:839} INFO - DAG(s) dict_keys(['spark_airflow_dag']) retrieved from /opt/airflow/dags/spark-dag-example.py
[2023-12-09T12:11:18.940+0000] {logging_mixin.py:151} INFO - [2023-12-09T12:11:18.939+0000] {dag.py:2915} INFO - Sync 1 DAGs
[2023-12-09T12:11:18.951+0000] {logging_mixin.py:151} INFO - [2023-12-09T12:11:18.951+0000] {dag.py:3696} INFO - Setting next_dagrun for spark_airflow_dag to None, run_after=None
[2023-12-09T12:11:18.974+0000] {processor.py:179} INFO - Processing /opt/airflow/dags/spark-dag-example.py took 0.075 seconds
[2023-12-09T12:11:49.105+0000] {processor.py:157} INFO - Started process (PID=287) to work on /opt/airflow/dags/spark-dag-example.py
[2023-12-09T12:11:49.105+0000] {processor.py:829} INFO - Processing file /opt/airflow/dags/spark-dag-example.py for tasks to queue
[2023-12-09T12:11:49.107+0000] {logging_mixin.py:151} INFO - [2023-12-09T12:11:49.106+0000] {dagbag.py:539} INFO - Filling up the DagBag from /opt/airflow/dags/spark-dag-example.py
[2023-12-09T12:11:49.119+0000] {processor.py:839} INFO - DAG(s) dict_keys(['spark_airflow_dag']) retrieved from /opt/airflow/dags/spark-dag-example.py
[2023-12-09T12:11:49.139+0000] {logging_mixin.py:151} INFO - [2023-12-09T12:11:49.139+0000] {dag.py:2915} INFO - Sync 1 DAGs
[2023-12-09T12:11:49.149+0000] {logging_mixin.py:151} INFO - [2023-12-09T12:11:49.149+0000] {dag.py:3696} INFO - Setting next_dagrun for spark_airflow_dag to None, run_after=None
[2023-12-09T12:11:49.167+0000] {processor.py:179} INFO - Processing /opt/airflow/dags/spark-dag-example.py took 0.064 seconds
[2023-12-09T12:12:19.259+0000] {processor.py:157} INFO - Started process (PID=292) to work on /opt/airflow/dags/spark-dag-example.py
[2023-12-09T12:12:19.260+0000] {processor.py:829} INFO - Processing file /opt/airflow/dags/spark-dag-example.py for tasks to queue
[2023-12-09T12:12:19.261+0000] {logging_mixin.py:151} INFO - [2023-12-09T12:12:19.261+0000] {dagbag.py:539} INFO - Filling up the DagBag from /opt/airflow/dags/spark-dag-example.py
[2023-12-09T12:12:19.273+0000] {processor.py:839} INFO - DAG(s) dict_keys(['spark_airflow_dag']) retrieved from /opt/airflow/dags/spark-dag-example.py
[2023-12-09T12:12:19.291+0000] {logging_mixin.py:151} INFO - [2023-12-09T12:12:19.291+0000] {dag.py:2915} INFO - Sync 1 DAGs
[2023-12-09T12:12:19.301+0000] {logging_mixin.py:151} INFO - [2023-12-09T12:12:19.301+0000] {dag.py:3696} INFO - Setting next_dagrun for spark_airflow_dag to None, run_after=None
[2023-12-09T12:12:19.321+0000] {processor.py:179} INFO - Processing /opt/airflow/dags/spark-dag-example.py took 0.063 seconds
[2023-12-09T12:12:49.454+0000] {processor.py:157} INFO - Started process (PID=297) to work on /opt/airflow/dags/spark-dag-example.py
[2023-12-09T12:12:49.455+0000] {processor.py:829} INFO - Processing file /opt/airflow/dags/spark-dag-example.py for tasks to queue
[2023-12-09T12:12:49.456+0000] {logging_mixin.py:151} INFO - [2023-12-09T12:12:49.456+0000] {dagbag.py:539} INFO - Filling up the DagBag from /opt/airflow/dags/spark-dag-example.py
[2023-12-09T12:12:49.470+0000] {processor.py:839} INFO - DAG(s) dict_keys(['spark_airflow_dag']) retrieved from /opt/airflow/dags/spark-dag-example.py
[2023-12-09T12:12:49.493+0000] {logging_mixin.py:151} INFO - [2023-12-09T12:12:49.493+0000] {dag.py:2915} INFO - Sync 1 DAGs
[2023-12-09T12:12:49.504+0000] {logging_mixin.py:151} INFO - [2023-12-09T12:12:49.504+0000] {dag.py:3696} INFO - Setting next_dagrun for spark_airflow_dag to None, run_after=None
[2023-12-09T12:12:49.523+0000] {processor.py:179} INFO - Processing /opt/airflow/dags/spark-dag-example.py took 0.071 seconds
[2023-12-09T12:13:19.619+0000] {processor.py:157} INFO - Started process (PID=302) to work on /opt/airflow/dags/spark-dag-example.py
[2023-12-09T12:13:19.620+0000] {processor.py:829} INFO - Processing file /opt/airflow/dags/spark-dag-example.py for tasks to queue
[2023-12-09T12:13:19.621+0000] {logging_mixin.py:151} INFO - [2023-12-09T12:13:19.621+0000] {dagbag.py:539} INFO - Filling up the DagBag from /opt/airflow/dags/spark-dag-example.py
[2023-12-09T12:13:19.634+0000] {processor.py:839} INFO - DAG(s) dict_keys(['spark_airflow_dag']) retrieved from /opt/airflow/dags/spark-dag-example.py
[2023-12-09T12:13:19.654+0000] {logging_mixin.py:151} INFO - [2023-12-09T12:13:19.654+0000] {dag.py:2915} INFO - Sync 1 DAGs
[2023-12-09T12:13:19.665+0000] {logging_mixin.py:151} INFO - [2023-12-09T12:13:19.665+0000] {dag.py:3696} INFO - Setting next_dagrun for spark_airflow_dag to None, run_after=None
[2023-12-09T12:13:19.684+0000] {processor.py:179} INFO - Processing /opt/airflow/dags/spark-dag-example.py took 0.068 seconds
[2023-12-09T12:13:49.812+0000] {processor.py:157} INFO - Started process (PID=307) to work on /opt/airflow/dags/spark-dag-example.py
[2023-12-09T12:13:49.812+0000] {processor.py:829} INFO - Processing file /opt/airflow/dags/spark-dag-example.py for tasks to queue
[2023-12-09T12:13:49.814+0000] {logging_mixin.py:151} INFO - [2023-12-09T12:13:49.814+0000] {dagbag.py:539} INFO - Filling up the DagBag from /opt/airflow/dags/spark-dag-example.py
[2023-12-09T12:13:49.825+0000] {processor.py:839} INFO - DAG(s) dict_keys(['spark_airflow_dag']) retrieved from /opt/airflow/dags/spark-dag-example.py
[2023-12-09T12:13:49.843+0000] {logging_mixin.py:151} INFO - [2023-12-09T12:13:49.843+0000] {dag.py:2915} INFO - Sync 1 DAGs
[2023-12-09T12:13:49.852+0000] {logging_mixin.py:151} INFO - [2023-12-09T12:13:49.852+0000] {dag.py:3696} INFO - Setting next_dagrun for spark_airflow_dag to None, run_after=None
[2023-12-09T12:13:49.867+0000] {processor.py:179} INFO - Processing /opt/airflow/dags/spark-dag-example.py took 0.057 seconds
[2023-12-09T12:14:19.977+0000] {processor.py:157} INFO - Started process (PID=312) to work on /opt/airflow/dags/spark-dag-example.py
[2023-12-09T12:14:19.978+0000] {processor.py:829} INFO - Processing file /opt/airflow/dags/spark-dag-example.py for tasks to queue
[2023-12-09T12:14:19.980+0000] {logging_mixin.py:151} INFO - [2023-12-09T12:14:19.980+0000] {dagbag.py:539} INFO - Filling up the DagBag from /opt/airflow/dags/spark-dag-example.py
[2023-12-09T12:14:19.992+0000] {processor.py:839} INFO - DAG(s) dict_keys(['spark_airflow_dag']) retrieved from /opt/airflow/dags/spark-dag-example.py
[2023-12-09T12:14:20.013+0000] {logging_mixin.py:151} INFO - [2023-12-09T12:14:20.012+0000] {dag.py:2915} INFO - Sync 1 DAGs
[2023-12-09T12:14:20.024+0000] {logging_mixin.py:151} INFO - [2023-12-09T12:14:20.023+0000] {dag.py:3696} INFO - Setting next_dagrun for spark_airflow_dag to None, run_after=None
[2023-12-09T12:14:20.041+0000] {processor.py:179} INFO - Processing /opt/airflow/dags/spark-dag-example.py took 0.066 seconds
[2023-12-09T12:14:50.190+0000] {processor.py:157} INFO - Started process (PID=317) to work on /opt/airflow/dags/spark-dag-example.py
[2023-12-09T12:14:50.191+0000] {processor.py:829} INFO - Processing file /opt/airflow/dags/spark-dag-example.py for tasks to queue
[2023-12-09T12:14:50.192+0000] {logging_mixin.py:151} INFO - [2023-12-09T12:14:50.192+0000] {dagbag.py:539} INFO - Filling up the DagBag from /opt/airflow/dags/spark-dag-example.py
[2023-12-09T12:14:50.207+0000] {processor.py:839} INFO - DAG(s) dict_keys(['spark_airflow_dag']) retrieved from /opt/airflow/dags/spark-dag-example.py
[2023-12-09T12:14:50.228+0000] {logging_mixin.py:151} INFO - [2023-12-09T12:14:50.228+0000] {dag.py:2915} INFO - Sync 1 DAGs
[2023-12-09T12:14:50.239+0000] {logging_mixin.py:151} INFO - [2023-12-09T12:14:50.239+0000] {dag.py:3696} INFO - Setting next_dagrun for spark_airflow_dag to None, run_after=None
[2023-12-09T12:14:50.261+0000] {processor.py:179} INFO - Processing /opt/airflow/dags/spark-dag-example.py took 0.073 seconds
[2023-12-09T12:15:20.368+0000] {processor.py:157} INFO - Started process (PID=322) to work on /opt/airflow/dags/spark-dag-example.py
[2023-12-09T12:15:20.368+0000] {processor.py:829} INFO - Processing file /opt/airflow/dags/spark-dag-example.py for tasks to queue
[2023-12-09T12:15:20.370+0000] {logging_mixin.py:151} INFO - [2023-12-09T12:15:20.370+0000] {dagbag.py:539} INFO - Filling up the DagBag from /opt/airflow/dags/spark-dag-example.py
[2023-12-09T12:15:20.383+0000] {processor.py:839} INFO - DAG(s) dict_keys(['spark_airflow_dag']) retrieved from /opt/airflow/dags/spark-dag-example.py
[2023-12-09T12:15:20.404+0000] {logging_mixin.py:151} INFO - [2023-12-09T12:15:20.403+0000] {dag.py:2915} INFO - Sync 1 DAGs
[2023-12-09T12:15:20.414+0000] {logging_mixin.py:151} INFO - [2023-12-09T12:15:20.414+0000] {dag.py:3696} INFO - Setting next_dagrun for spark_airflow_dag to None, run_after=None
[2023-12-09T12:15:20.435+0000] {processor.py:179} INFO - Processing /opt/airflow/dags/spark-dag-example.py took 0.070 seconds
[2023-12-09T12:15:50.586+0000] {processor.py:157} INFO - Started process (PID=327) to work on /opt/airflow/dags/spark-dag-example.py
[2023-12-09T12:15:50.587+0000] {processor.py:829} INFO - Processing file /opt/airflow/dags/spark-dag-example.py for tasks to queue
[2023-12-09T12:15:50.588+0000] {logging_mixin.py:151} INFO - [2023-12-09T12:15:50.588+0000] {dagbag.py:539} INFO - Filling up the DagBag from /opt/airflow/dags/spark-dag-example.py
[2023-12-09T12:15:50.601+0000] {processor.py:839} INFO - DAG(s) dict_keys(['spark_airflow_dag']) retrieved from /opt/airflow/dags/spark-dag-example.py
[2023-12-09T12:15:50.621+0000] {logging_mixin.py:151} INFO - [2023-12-09T12:15:50.621+0000] {dag.py:2915} INFO - Sync 1 DAGs
[2023-12-09T12:15:50.631+0000] {logging_mixin.py:151} INFO - [2023-12-09T12:15:50.631+0000] {dag.py:3696} INFO - Setting next_dagrun for spark_airflow_dag to None, run_after=None
[2023-12-09T12:15:50.652+0000] {processor.py:179} INFO - Processing /opt/airflow/dags/spark-dag-example.py took 0.068 seconds
[2023-12-09T12:16:20.767+0000] {processor.py:157} INFO - Started process (PID=332) to work on /opt/airflow/dags/spark-dag-example.py
[2023-12-09T12:16:20.767+0000] {processor.py:829} INFO - Processing file /opt/airflow/dags/spark-dag-example.py for tasks to queue
[2023-12-09T12:16:20.769+0000] {logging_mixin.py:151} INFO - [2023-12-09T12:16:20.768+0000] {dagbag.py:539} INFO - Filling up the DagBag from /opt/airflow/dags/spark-dag-example.py
[2023-12-09T12:16:20.782+0000] {processor.py:839} INFO - DAG(s) dict_keys(['spark_airflow_dag']) retrieved from /opt/airflow/dags/spark-dag-example.py
[2023-12-09T12:16:20.803+0000] {logging_mixin.py:151} INFO - [2023-12-09T12:16:20.802+0000] {dag.py:2915} INFO - Sync 1 DAGs
[2023-12-09T12:16:20.814+0000] {logging_mixin.py:151} INFO - [2023-12-09T12:16:20.814+0000] {dag.py:3696} INFO - Setting next_dagrun for spark_airflow_dag to None, run_after=None
[2023-12-09T12:16:20.835+0000] {processor.py:179} INFO - Processing /opt/airflow/dags/spark-dag-example.py took 0.070 seconds
[2023-12-09T12:16:50.972+0000] {processor.py:157} INFO - Started process (PID=337) to work on /opt/airflow/dags/spark-dag-example.py
[2023-12-09T12:16:50.973+0000] {processor.py:829} INFO - Processing file /opt/airflow/dags/spark-dag-example.py for tasks to queue
[2023-12-09T12:16:50.974+0000] {logging_mixin.py:151} INFO - [2023-12-09T12:16:50.974+0000] {dagbag.py:539} INFO - Filling up the DagBag from /opt/airflow/dags/spark-dag-example.py
[2023-12-09T12:16:50.987+0000] {processor.py:839} INFO - DAG(s) dict_keys(['spark_airflow_dag']) retrieved from /opt/airflow/dags/spark-dag-example.py
[2023-12-09T12:16:51.006+0000] {logging_mixin.py:151} INFO - [2023-12-09T12:16:51.006+0000] {dag.py:2915} INFO - Sync 1 DAGs
[2023-12-09T12:16:51.016+0000] {logging_mixin.py:151} INFO - [2023-12-09T12:16:51.016+0000] {dag.py:3696} INFO - Setting next_dagrun for spark_airflow_dag to None, run_after=None
[2023-12-09T12:16:51.033+0000] {processor.py:179} INFO - Processing /opt/airflow/dags/spark-dag-example.py took 0.064 seconds
[2023-12-09T12:17:21.141+0000] {processor.py:157} INFO - Started process (PID=342) to work on /opt/airflow/dags/spark-dag-example.py
[2023-12-09T12:17:21.142+0000] {processor.py:829} INFO - Processing file /opt/airflow/dags/spark-dag-example.py for tasks to queue
[2023-12-09T12:17:21.143+0000] {logging_mixin.py:151} INFO - [2023-12-09T12:17:21.143+0000] {dagbag.py:539} INFO - Filling up the DagBag from /opt/airflow/dags/spark-dag-example.py
[2023-12-09T12:17:21.154+0000] {processor.py:839} INFO - DAG(s) dict_keys(['spark_airflow_dag']) retrieved from /opt/airflow/dags/spark-dag-example.py
[2023-12-09T12:17:21.172+0000] {logging_mixin.py:151} INFO - [2023-12-09T12:17:21.171+0000] {dag.py:2915} INFO - Sync 1 DAGs
[2023-12-09T12:17:21.181+0000] {logging_mixin.py:151} INFO - [2023-12-09T12:17:21.181+0000] {dag.py:3696} INFO - Setting next_dagrun for spark_airflow_dag to None, run_after=None
[2023-12-09T12:17:21.200+0000] {processor.py:179} INFO - Processing /opt/airflow/dags/spark-dag-example.py took 0.060 seconds
[2023-12-09T12:17:51.350+0000] {processor.py:157} INFO - Started process (PID=347) to work on /opt/airflow/dags/spark-dag-example.py
[2023-12-09T12:17:51.351+0000] {processor.py:829} INFO - Processing file /opt/airflow/dags/spark-dag-example.py for tasks to queue
[2023-12-09T12:17:51.352+0000] {logging_mixin.py:151} INFO - [2023-12-09T12:17:51.352+0000] {dagbag.py:539} INFO - Filling up the DagBag from /opt/airflow/dags/spark-dag-example.py
[2023-12-09T12:17:51.365+0000] {processor.py:839} INFO - DAG(s) dict_keys(['spark_airflow_dag']) retrieved from /opt/airflow/dags/spark-dag-example.py
[2023-12-09T12:17:51.385+0000] {logging_mixin.py:151} INFO - [2023-12-09T12:17:51.385+0000] {dag.py:2915} INFO - Sync 1 DAGs
[2023-12-09T12:17:51.396+0000] {logging_mixin.py:151} INFO - [2023-12-09T12:17:51.396+0000] {dag.py:3696} INFO - Setting next_dagrun for spark_airflow_dag to None, run_after=None
[2023-12-09T12:17:51.418+0000] {processor.py:179} INFO - Processing /opt/airflow/dags/spark-dag-example.py took 0.070 seconds
[2023-12-09T12:18:21.527+0000] {processor.py:157} INFO - Started process (PID=352) to work on /opt/airflow/dags/spark-dag-example.py
[2023-12-09T12:18:21.528+0000] {processor.py:829} INFO - Processing file /opt/airflow/dags/spark-dag-example.py for tasks to queue
[2023-12-09T12:18:21.529+0000] {logging_mixin.py:151} INFO - [2023-12-09T12:18:21.529+0000] {dagbag.py:539} INFO - Filling up the DagBag from /opt/airflow/dags/spark-dag-example.py
[2023-12-09T12:18:21.542+0000] {processor.py:839} INFO - DAG(s) dict_keys(['spark_airflow_dag']) retrieved from /opt/airflow/dags/spark-dag-example.py
[2023-12-09T12:18:21.564+0000] {logging_mixin.py:151} INFO - [2023-12-09T12:18:21.563+0000] {dag.py:2915} INFO - Sync 1 DAGs
[2023-12-09T12:18:21.575+0000] {logging_mixin.py:151} INFO - [2023-12-09T12:18:21.575+0000] {dag.py:3696} INFO - Setting next_dagrun for spark_airflow_dag to None, run_after=None
[2023-12-09T12:18:21.593+0000] {processor.py:179} INFO - Processing /opt/airflow/dags/spark-dag-example.py took 0.068 seconds
[2023-12-09T12:18:51.741+0000] {processor.py:157} INFO - Started process (PID=357) to work on /opt/airflow/dags/spark-dag-example.py
[2023-12-09T12:18:51.741+0000] {processor.py:829} INFO - Processing file /opt/airflow/dags/spark-dag-example.py for tasks to queue
[2023-12-09T12:18:51.743+0000] {logging_mixin.py:151} INFO - [2023-12-09T12:18:51.743+0000] {dagbag.py:539} INFO - Filling up the DagBag from /opt/airflow/dags/spark-dag-example.py
[2023-12-09T12:18:51.756+0000] {processor.py:839} INFO - DAG(s) dict_keys(['spark_airflow_dag']) retrieved from /opt/airflow/dags/spark-dag-example.py
[2023-12-09T12:18:51.777+0000] {logging_mixin.py:151} INFO - [2023-12-09T12:18:51.776+0000] {dag.py:2915} INFO - Sync 1 DAGs
[2023-12-09T12:18:51.787+0000] {logging_mixin.py:151} INFO - [2023-12-09T12:18:51.787+0000] {dag.py:3696} INFO - Setting next_dagrun for spark_airflow_dag to None, run_after=None
[2023-12-09T12:18:51.806+0000] {processor.py:179} INFO - Processing /opt/airflow/dags/spark-dag-example.py took 0.067 seconds
[2023-12-09T12:19:21.901+0000] {processor.py:157} INFO - Started process (PID=362) to work on /opt/airflow/dags/spark-dag-example.py
[2023-12-09T12:19:21.902+0000] {processor.py:829} INFO - Processing file /opt/airflow/dags/spark-dag-example.py for tasks to queue
[2023-12-09T12:19:21.904+0000] {logging_mixin.py:151} INFO - [2023-12-09T12:19:21.903+0000] {dagbag.py:539} INFO - Filling up the DagBag from /opt/airflow/dags/spark-dag-example.py
[2023-12-09T12:19:21.916+0000] {processor.py:839} INFO - DAG(s) dict_keys(['spark_airflow_dag']) retrieved from /opt/airflow/dags/spark-dag-example.py
[2023-12-09T12:19:21.937+0000] {logging_mixin.py:151} INFO - [2023-12-09T12:19:21.936+0000] {dag.py:2915} INFO - Sync 1 DAGs
[2023-12-09T12:19:21.947+0000] {logging_mixin.py:151} INFO - [2023-12-09T12:19:21.947+0000] {dag.py:3696} INFO - Setting next_dagrun for spark_airflow_dag to None, run_after=None
[2023-12-09T12:19:21.966+0000] {processor.py:179} INFO - Processing /opt/airflow/dags/spark-dag-example.py took 0.067 seconds
[2023-12-09T12:19:52.118+0000] {processor.py:157} INFO - Started process (PID=367) to work on /opt/airflow/dags/spark-dag-example.py
[2023-12-09T12:19:52.119+0000] {processor.py:829} INFO - Processing file /opt/airflow/dags/spark-dag-example.py for tasks to queue
[2023-12-09T12:19:52.121+0000] {logging_mixin.py:151} INFO - [2023-12-09T12:19:52.120+0000] {dagbag.py:539} INFO - Filling up the DagBag from /opt/airflow/dags/spark-dag-example.py
[2023-12-09T12:19:52.135+0000] {processor.py:839} INFO - DAG(s) dict_keys(['spark_airflow_dag']) retrieved from /opt/airflow/dags/spark-dag-example.py
[2023-12-09T12:19:52.159+0000] {logging_mixin.py:151} INFO - [2023-12-09T12:19:52.159+0000] {dag.py:2915} INFO - Sync 1 DAGs
[2023-12-09T12:19:52.171+0000] {logging_mixin.py:151} INFO - [2023-12-09T12:19:52.171+0000] {dag.py:3696} INFO - Setting next_dagrun for spark_airflow_dag to None, run_after=None
[2023-12-09T12:19:52.190+0000] {processor.py:179} INFO - Processing /opt/airflow/dags/spark-dag-example.py took 0.073 seconds
[2023-12-09T12:20:22.282+0000] {processor.py:157} INFO - Started process (PID=372) to work on /opt/airflow/dags/spark-dag-example.py
[2023-12-09T12:20:22.282+0000] {processor.py:829} INFO - Processing file /opt/airflow/dags/spark-dag-example.py for tasks to queue
[2023-12-09T12:20:22.283+0000] {logging_mixin.py:151} INFO - [2023-12-09T12:20:22.283+0000] {dagbag.py:539} INFO - Filling up the DagBag from /opt/airflow/dags/spark-dag-example.py
[2023-12-09T12:20:22.298+0000] {processor.py:839} INFO - DAG(s) dict_keys(['spark_airflow_dag']) retrieved from /opt/airflow/dags/spark-dag-example.py
[2023-12-09T12:20:22.319+0000] {logging_mixin.py:151} INFO - [2023-12-09T12:20:22.318+0000] {dag.py:2915} INFO - Sync 1 DAGs
[2023-12-09T12:20:22.330+0000] {logging_mixin.py:151} INFO - [2023-12-09T12:20:22.330+0000] {dag.py:3696} INFO - Setting next_dagrun for spark_airflow_dag to None, run_after=None
[2023-12-09T12:20:22.348+0000] {processor.py:179} INFO - Processing /opt/airflow/dags/spark-dag-example.py took 0.069 seconds
[2023-12-09T12:20:52.484+0000] {processor.py:157} INFO - Started process (PID=377) to work on /opt/airflow/dags/spark-dag-example.py
[2023-12-09T12:20:52.485+0000] {processor.py:829} INFO - Processing file /opt/airflow/dags/spark-dag-example.py for tasks to queue
[2023-12-09T12:20:52.486+0000] {logging_mixin.py:151} INFO - [2023-12-09T12:20:52.486+0000] {dagbag.py:539} INFO - Filling up the DagBag from /opt/airflow/dags/spark-dag-example.py
[2023-12-09T12:20:52.498+0000] {processor.py:839} INFO - DAG(s) dict_keys(['spark_airflow_dag']) retrieved from /opt/airflow/dags/spark-dag-example.py
[2023-12-09T12:20:52.516+0000] {logging_mixin.py:151} INFO - [2023-12-09T12:20:52.516+0000] {dag.py:2915} INFO - Sync 1 DAGs
[2023-12-09T12:20:52.526+0000] {logging_mixin.py:151} INFO - [2023-12-09T12:20:52.526+0000] {dag.py:3696} INFO - Setting next_dagrun for spark_airflow_dag to None, run_after=None
[2023-12-09T12:20:52.543+0000] {processor.py:179} INFO - Processing /opt/airflow/dags/spark-dag-example.py took 0.060 seconds
[2023-12-09T12:21:22.650+0000] {processor.py:157} INFO - Started process (PID=382) to work on /opt/airflow/dags/spark-dag-example.py
[2023-12-09T12:21:22.651+0000] {processor.py:829} INFO - Processing file /opt/airflow/dags/spark-dag-example.py for tasks to queue
[2023-12-09T12:21:22.652+0000] {logging_mixin.py:151} INFO - [2023-12-09T12:21:22.652+0000] {dagbag.py:539} INFO - Filling up the DagBag from /opt/airflow/dags/spark-dag-example.py
[2023-12-09T12:21:22.667+0000] {processor.py:839} INFO - DAG(s) dict_keys(['spark_airflow_dag']) retrieved from /opt/airflow/dags/spark-dag-example.py
[2023-12-09T12:21:22.689+0000] {logging_mixin.py:151} INFO - [2023-12-09T12:21:22.689+0000] {dag.py:2915} INFO - Sync 1 DAGs
[2023-12-09T12:21:22.701+0000] {logging_mixin.py:151} INFO - [2023-12-09T12:21:22.700+0000] {dag.py:3696} INFO - Setting next_dagrun for spark_airflow_dag to None, run_after=None
[2023-12-09T12:21:22.720+0000] {processor.py:179} INFO - Processing /opt/airflow/dags/spark-dag-example.py took 0.072 seconds
[2023-12-09T12:21:52.843+0000] {processor.py:157} INFO - Started process (PID=387) to work on /opt/airflow/dags/spark-dag-example.py
[2023-12-09T12:21:52.844+0000] {processor.py:829} INFO - Processing file /opt/airflow/dags/spark-dag-example.py for tasks to queue
[2023-12-09T12:21:52.846+0000] {logging_mixin.py:151} INFO - [2023-12-09T12:21:52.846+0000] {dagbag.py:539} INFO - Filling up the DagBag from /opt/airflow/dags/spark-dag-example.py
[2023-12-09T12:21:52.859+0000] {processor.py:839} INFO - DAG(s) dict_keys(['spark_airflow_dag']) retrieved from /opt/airflow/dags/spark-dag-example.py
[2023-12-09T12:21:52.879+0000] {logging_mixin.py:151} INFO - [2023-12-09T12:21:52.879+0000] {dag.py:2915} INFO - Sync 1 DAGs
[2023-12-09T12:21:52.890+0000] {logging_mixin.py:151} INFO - [2023-12-09T12:21:52.890+0000] {dag.py:3696} INFO - Setting next_dagrun for spark_airflow_dag to None, run_after=None
[2023-12-09T12:21:52.911+0000] {processor.py:179} INFO - Processing /opt/airflow/dags/spark-dag-example.py took 0.071 seconds
[2023-12-09T12:22:23.014+0000] {processor.py:157} INFO - Started process (PID=392) to work on /opt/airflow/dags/spark-dag-example.py
[2023-12-09T12:22:23.015+0000] {processor.py:829} INFO - Processing file /opt/airflow/dags/spark-dag-example.py for tasks to queue
[2023-12-09T12:22:23.016+0000] {logging_mixin.py:151} INFO - [2023-12-09T12:22:23.016+0000] {dagbag.py:539} INFO - Filling up the DagBag from /opt/airflow/dags/spark-dag-example.py
[2023-12-09T12:22:23.031+0000] {processor.py:839} INFO - DAG(s) dict_keys(['spark_airflow_dag']) retrieved from /opt/airflow/dags/spark-dag-example.py
[2023-12-09T12:22:23.054+0000] {logging_mixin.py:151} INFO - [2023-12-09T12:22:23.053+0000] {dag.py:2915} INFO - Sync 1 DAGs
[2023-12-09T12:22:23.065+0000] {logging_mixin.py:151} INFO - [2023-12-09T12:22:23.065+0000] {dag.py:3696} INFO - Setting next_dagrun for spark_airflow_dag to None, run_after=None
[2023-12-09T12:22:23.086+0000] {processor.py:179} INFO - Processing /opt/airflow/dags/spark-dag-example.py took 0.075 seconds
[2023-12-09T12:22:53.209+0000] {processor.py:157} INFO - Started process (PID=397) to work on /opt/airflow/dags/spark-dag-example.py
[2023-12-09T12:22:53.210+0000] {processor.py:829} INFO - Processing file /opt/airflow/dags/spark-dag-example.py for tasks to queue
[2023-12-09T12:22:53.212+0000] {logging_mixin.py:151} INFO - [2023-12-09T12:22:53.211+0000] {dagbag.py:539} INFO - Filling up the DagBag from /opt/airflow/dags/spark-dag-example.py
[2023-12-09T12:22:53.225+0000] {processor.py:839} INFO - DAG(s) dict_keys(['spark_airflow_dag']) retrieved from /opt/airflow/dags/spark-dag-example.py
[2023-12-09T12:22:53.246+0000] {logging_mixin.py:151} INFO - [2023-12-09T12:22:53.245+0000] {dag.py:2915} INFO - Sync 1 DAGs
[2023-12-09T12:22:53.257+0000] {logging_mixin.py:151} INFO - [2023-12-09T12:22:53.256+0000] {dag.py:3696} INFO - Setting next_dagrun for spark_airflow_dag to None, run_after=None
[2023-12-09T12:22:53.279+0000] {processor.py:179} INFO - Processing /opt/airflow/dags/spark-dag-example.py took 0.072 seconds
[2023-12-09T12:23:23.385+0000] {processor.py:157} INFO - Started process (PID=402) to work on /opt/airflow/dags/spark-dag-example.py
[2023-12-09T12:23:23.385+0000] {processor.py:829} INFO - Processing file /opt/airflow/dags/spark-dag-example.py for tasks to queue
[2023-12-09T12:23:23.388+0000] {logging_mixin.py:151} INFO - [2023-12-09T12:23:23.387+0000] {dagbag.py:539} INFO - Filling up the DagBag from /opt/airflow/dags/spark-dag-example.py
[2023-12-09T12:23:23.403+0000] {processor.py:839} INFO - DAG(s) dict_keys(['spark_airflow_dag']) retrieved from /opt/airflow/dags/spark-dag-example.py
[2023-12-09T12:23:23.424+0000] {logging_mixin.py:151} INFO - [2023-12-09T12:23:23.423+0000] {dag.py:2915} INFO - Sync 1 DAGs
[2023-12-09T12:23:23.435+0000] {logging_mixin.py:151} INFO - [2023-12-09T12:23:23.435+0000] {dag.py:3696} INFO - Setting next_dagrun for spark_airflow_dag to None, run_after=None
[2023-12-09T12:23:23.455+0000] {processor.py:179} INFO - Processing /opt/airflow/dags/spark-dag-example.py took 0.074 seconds
[2023-12-09T12:23:53.579+0000] {processor.py:157} INFO - Started process (PID=407) to work on /opt/airflow/dags/spark-dag-example.py
[2023-12-09T12:23:53.580+0000] {processor.py:829} INFO - Processing file /opt/airflow/dags/spark-dag-example.py for tasks to queue
[2023-12-09T12:23:53.582+0000] {logging_mixin.py:151} INFO - [2023-12-09T12:23:53.582+0000] {dagbag.py:539} INFO - Filling up the DagBag from /opt/airflow/dags/spark-dag-example.py
[2023-12-09T12:23:53.595+0000] {processor.py:839} INFO - DAG(s) dict_keys(['spark_airflow_dag']) retrieved from /opt/airflow/dags/spark-dag-example.py
[2023-12-09T12:23:53.617+0000] {logging_mixin.py:151} INFO - [2023-12-09T12:23:53.616+0000] {dag.py:2915} INFO - Sync 1 DAGs
[2023-12-09T12:23:53.628+0000] {logging_mixin.py:151} INFO - [2023-12-09T12:23:53.628+0000] {dag.py:3696} INFO - Setting next_dagrun for spark_airflow_dag to None, run_after=None
[2023-12-09T12:23:53.646+0000] {processor.py:179} INFO - Processing /opt/airflow/dags/spark-dag-example.py took 0.069 seconds
[2023-12-09T12:24:23.750+0000] {processor.py:157} INFO - Started process (PID=412) to work on /opt/airflow/dags/spark-dag-example.py
[2023-12-09T12:24:23.751+0000] {processor.py:829} INFO - Processing file /opt/airflow/dags/spark-dag-example.py for tasks to queue
[2023-12-09T12:24:23.752+0000] {logging_mixin.py:151} INFO - [2023-12-09T12:24:23.752+0000] {dagbag.py:539} INFO - Filling up the DagBag from /opt/airflow/dags/spark-dag-example.py
[2023-12-09T12:24:23.765+0000] {processor.py:839} INFO - DAG(s) dict_keys(['spark_airflow_dag']) retrieved from /opt/airflow/dags/spark-dag-example.py
[2023-12-09T12:24:23.786+0000] {logging_mixin.py:151} INFO - [2023-12-09T12:24:23.786+0000] {dag.py:2915} INFO - Sync 1 DAGs
[2023-12-09T12:24:23.796+0000] {logging_mixin.py:151} INFO - [2023-12-09T12:24:23.796+0000] {dag.py:3696} INFO - Setting next_dagrun for spark_airflow_dag to None, run_after=None
[2023-12-09T12:24:23.815+0000] {processor.py:179} INFO - Processing /opt/airflow/dags/spark-dag-example.py took 0.068 seconds
[2023-12-09T12:24:53.956+0000] {processor.py:157} INFO - Started process (PID=417) to work on /opt/airflow/dags/spark-dag-example.py
[2023-12-09T12:24:53.956+0000] {processor.py:829} INFO - Processing file /opt/airflow/dags/spark-dag-example.py for tasks to queue
[2023-12-09T12:24:53.958+0000] {logging_mixin.py:151} INFO - [2023-12-09T12:24:53.957+0000] {dagbag.py:539} INFO - Filling up the DagBag from /opt/airflow/dags/spark-dag-example.py
[2023-12-09T12:24:53.971+0000] {processor.py:839} INFO - DAG(s) dict_keys(['spark_airflow_dag']) retrieved from /opt/airflow/dags/spark-dag-example.py
[2023-12-09T12:24:53.991+0000] {logging_mixin.py:151} INFO - [2023-12-09T12:24:53.991+0000] {dag.py:2915} INFO - Sync 1 DAGs
[2023-12-09T12:24:54.002+0000] {logging_mixin.py:151} INFO - [2023-12-09T12:24:54.002+0000] {dag.py:3696} INFO - Setting next_dagrun for spark_airflow_dag to None, run_after=None
[2023-12-09T12:24:54.020+0000] {processor.py:179} INFO - Processing /opt/airflow/dags/spark-dag-example.py took 0.067 seconds
[2023-12-09T12:25:24.127+0000] {processor.py:157} INFO - Started process (PID=422) to work on /opt/airflow/dags/spark-dag-example.py
[2023-12-09T12:25:24.128+0000] {processor.py:829} INFO - Processing file /opt/airflow/dags/spark-dag-example.py for tasks to queue
[2023-12-09T12:25:24.129+0000] {logging_mixin.py:151} INFO - [2023-12-09T12:25:24.129+0000] {dagbag.py:539} INFO - Filling up the DagBag from /opt/airflow/dags/spark-dag-example.py
[2023-12-09T12:25:24.142+0000] {processor.py:839} INFO - DAG(s) dict_keys(['spark_airflow_dag']) retrieved from /opt/airflow/dags/spark-dag-example.py
[2023-12-09T12:25:24.163+0000] {logging_mixin.py:151} INFO - [2023-12-09T12:25:24.163+0000] {dag.py:2915} INFO - Sync 1 DAGs
[2023-12-09T12:25:24.174+0000] {logging_mixin.py:151} INFO - [2023-12-09T12:25:24.174+0000] {dag.py:3696} INFO - Setting next_dagrun for spark_airflow_dag to None, run_after=None
[2023-12-09T12:25:24.194+0000] {processor.py:179} INFO - Processing /opt/airflow/dags/spark-dag-example.py took 0.069 seconds
[2023-12-09T12:25:54.329+0000] {processor.py:157} INFO - Started process (PID=427) to work on /opt/airflow/dags/spark-dag-example.py
[2023-12-09T12:25:54.330+0000] {processor.py:829} INFO - Processing file /opt/airflow/dags/spark-dag-example.py for tasks to queue
[2023-12-09T12:25:54.331+0000] {logging_mixin.py:151} INFO - [2023-12-09T12:25:54.331+0000] {dagbag.py:539} INFO - Filling up the DagBag from /opt/airflow/dags/spark-dag-example.py
[2023-12-09T12:25:54.344+0000] {processor.py:839} INFO - DAG(s) dict_keys(['spark_airflow_dag']) retrieved from /opt/airflow/dags/spark-dag-example.py
[2023-12-09T12:25:54.365+0000] {logging_mixin.py:151} INFO - [2023-12-09T12:25:54.364+0000] {dag.py:2915} INFO - Sync 1 DAGs
[2023-12-09T12:25:54.375+0000] {logging_mixin.py:151} INFO - [2023-12-09T12:25:54.375+0000] {dag.py:3696} INFO - Setting next_dagrun for spark_airflow_dag to None, run_after=None
[2023-12-09T12:25:54.397+0000] {processor.py:179} INFO - Processing /opt/airflow/dags/spark-dag-example.py took 0.070 seconds
[2023-12-09T12:26:24.497+0000] {processor.py:157} INFO - Started process (PID=432) to work on /opt/airflow/dags/spark-dag-example.py
[2023-12-09T12:26:24.498+0000] {processor.py:829} INFO - Processing file /opt/airflow/dags/spark-dag-example.py for tasks to queue
[2023-12-09T12:26:24.500+0000] {logging_mixin.py:151} INFO - [2023-12-09T12:26:24.500+0000] {dagbag.py:539} INFO - Filling up the DagBag from /opt/airflow/dags/spark-dag-example.py
[2023-12-09T12:26:24.515+0000] {processor.py:839} INFO - DAG(s) dict_keys(['spark_airflow_dag']) retrieved from /opt/airflow/dags/spark-dag-example.py
[2023-12-09T12:26:24.538+0000] {logging_mixin.py:151} INFO - [2023-12-09T12:26:24.537+0000] {dag.py:2915} INFO - Sync 1 DAGs
[2023-12-09T12:26:24.550+0000] {logging_mixin.py:151} INFO - [2023-12-09T12:26:24.550+0000] {dag.py:3696} INFO - Setting next_dagrun for spark_airflow_dag to None, run_after=None
[2023-12-09T12:26:24.571+0000] {processor.py:179} INFO - Processing /opt/airflow/dags/spark-dag-example.py took 0.076 seconds
[2023-12-09T12:26:54.674+0000] {processor.py:157} INFO - Started process (PID=437) to work on /opt/airflow/dags/spark-dag-example.py
[2023-12-09T12:26:54.675+0000] {processor.py:829} INFO - Processing file /opt/airflow/dags/spark-dag-example.py for tasks to queue
[2023-12-09T12:26:54.677+0000] {logging_mixin.py:151} INFO - [2023-12-09T12:26:54.677+0000] {dagbag.py:539} INFO - Filling up the DagBag from /opt/airflow/dags/spark-dag-example.py
[2023-12-09T12:26:54.689+0000] {processor.py:839} INFO - DAG(s) dict_keys(['spark_airflow_dag']) retrieved from /opt/airflow/dags/spark-dag-example.py
[2023-12-09T12:26:54.711+0000] {logging_mixin.py:151} INFO - [2023-12-09T12:26:54.711+0000] {dag.py:2915} INFO - Sync 1 DAGs
[2023-12-09T12:26:54.722+0000] {logging_mixin.py:151} INFO - [2023-12-09T12:26:54.722+0000] {dag.py:3696} INFO - Setting next_dagrun for spark_airflow_dag to None, run_after=None
[2023-12-09T12:26:54.743+0000] {processor.py:179} INFO - Processing /opt/airflow/dags/spark-dag-example.py took 0.071 seconds
[2023-12-09T12:27:24.860+0000] {processor.py:157} INFO - Started process (PID=442) to work on /opt/airflow/dags/spark-dag-example.py
[2023-12-09T12:27:24.861+0000] {processor.py:829} INFO - Processing file /opt/airflow/dags/spark-dag-example.py for tasks to queue
[2023-12-09T12:27:24.863+0000] {logging_mixin.py:151} INFO - [2023-12-09T12:27:24.862+0000] {dagbag.py:539} INFO - Filling up the DagBag from /opt/airflow/dags/spark-dag-example.py
[2023-12-09T12:27:24.877+0000] {processor.py:839} INFO - DAG(s) dict_keys(['spark_airflow_dag']) retrieved from /opt/airflow/dags/spark-dag-example.py
[2023-12-09T12:27:24.897+0000] {logging_mixin.py:151} INFO - [2023-12-09T12:27:24.896+0000] {dag.py:2915} INFO - Sync 1 DAGs
[2023-12-09T12:27:24.908+0000] {logging_mixin.py:151} INFO - [2023-12-09T12:27:24.908+0000] {dag.py:3696} INFO - Setting next_dagrun for spark_airflow_dag to None, run_after=None
[2023-12-09T12:27:24.927+0000] {processor.py:179} INFO - Processing /opt/airflow/dags/spark-dag-example.py took 0.069 seconds
[2023-12-09T12:27:55.031+0000] {processor.py:157} INFO - Started process (PID=447) to work on /opt/airflow/dags/spark-dag-example.py
[2023-12-09T12:27:55.031+0000] {processor.py:829} INFO - Processing file /opt/airflow/dags/spark-dag-example.py for tasks to queue
[2023-12-09T12:27:55.033+0000] {logging_mixin.py:151} INFO - [2023-12-09T12:27:55.032+0000] {dagbag.py:539} INFO - Filling up the DagBag from /opt/airflow/dags/spark-dag-example.py
[2023-12-09T12:27:55.045+0000] {processor.py:839} INFO - DAG(s) dict_keys(['spark_airflow_dag']) retrieved from /opt/airflow/dags/spark-dag-example.py
[2023-12-09T12:27:55.066+0000] {logging_mixin.py:151} INFO - [2023-12-09T12:27:55.065+0000] {dag.py:2915} INFO - Sync 1 DAGs
[2023-12-09T12:27:55.077+0000] {logging_mixin.py:151} INFO - [2023-12-09T12:27:55.076+0000] {dag.py:3696} INFO - Setting next_dagrun for spark_airflow_dag to None, run_after=None
[2023-12-09T12:27:55.094+0000] {processor.py:179} INFO - Processing /opt/airflow/dags/spark-dag-example.py took 0.066 seconds
[2023-12-09T12:28:25.220+0000] {processor.py:157} INFO - Started process (PID=452) to work on /opt/airflow/dags/spark-dag-example.py
[2023-12-09T12:28:25.221+0000] {processor.py:829} INFO - Processing file /opt/airflow/dags/spark-dag-example.py for tasks to queue
[2023-12-09T12:28:25.222+0000] {logging_mixin.py:151} INFO - [2023-12-09T12:28:25.222+0000] {dagbag.py:539} INFO - Filling up the DagBag from /opt/airflow/dags/spark-dag-example.py
[2023-12-09T12:28:25.235+0000] {processor.py:839} INFO - DAG(s) dict_keys(['spark_airflow_dag']) retrieved from /opt/airflow/dags/spark-dag-example.py
[2023-12-09T12:28:25.255+0000] {logging_mixin.py:151} INFO - [2023-12-09T12:28:25.255+0000] {dag.py:2915} INFO - Sync 1 DAGs
[2023-12-09T12:28:25.267+0000] {logging_mixin.py:151} INFO - [2023-12-09T12:28:25.266+0000] {dag.py:3696} INFO - Setting next_dagrun for spark_airflow_dag to None, run_after=None
[2023-12-09T12:28:25.285+0000] {processor.py:179} INFO - Processing /opt/airflow/dags/spark-dag-example.py took 0.067 seconds
[2023-12-09T12:28:55.374+0000] {processor.py:157} INFO - Started process (PID=457) to work on /opt/airflow/dags/spark-dag-example.py
[2023-12-09T12:28:55.374+0000] {processor.py:829} INFO - Processing file /opt/airflow/dags/spark-dag-example.py for tasks to queue
[2023-12-09T12:28:55.375+0000] {logging_mixin.py:151} INFO - [2023-12-09T12:28:55.375+0000] {dagbag.py:539} INFO - Filling up the DagBag from /opt/airflow/dags/spark-dag-example.py
[2023-12-09T12:28:55.388+0000] {processor.py:839} INFO - DAG(s) dict_keys(['spark_airflow_dag']) retrieved from /opt/airflow/dags/spark-dag-example.py
[2023-12-09T12:28:55.408+0000] {logging_mixin.py:151} INFO - [2023-12-09T12:28:55.408+0000] {dag.py:2915} INFO - Sync 1 DAGs
[2023-12-09T12:28:55.419+0000] {logging_mixin.py:151} INFO - [2023-12-09T12:28:55.419+0000] {dag.py:3696} INFO - Setting next_dagrun for spark_airflow_dag to None, run_after=None
[2023-12-09T12:28:55.444+0000] {processor.py:179} INFO - Processing /opt/airflow/dags/spark-dag-example.py took 0.072 seconds
[2023-12-09T12:29:25.563+0000] {processor.py:157} INFO - Started process (PID=462) to work on /opt/airflow/dags/spark-dag-example.py
[2023-12-09T12:29:25.564+0000] {processor.py:829} INFO - Processing file /opt/airflow/dags/spark-dag-example.py for tasks to queue
[2023-12-09T12:29:25.565+0000] {logging_mixin.py:151} INFO - [2023-12-09T12:29:25.565+0000] {dagbag.py:539} INFO - Filling up the DagBag from /opt/airflow/dags/spark-dag-example.py
[2023-12-09T12:29:25.576+0000] {processor.py:839} INFO - DAG(s) dict_keys(['spark_airflow_dag']) retrieved from /opt/airflow/dags/spark-dag-example.py
[2023-12-09T12:29:25.594+0000] {logging_mixin.py:151} INFO - [2023-12-09T12:29:25.594+0000] {dag.py:2915} INFO - Sync 1 DAGs
[2023-12-09T12:29:25.605+0000] {logging_mixin.py:151} INFO - [2023-12-09T12:29:25.605+0000] {dag.py:3696} INFO - Setting next_dagrun for spark_airflow_dag to None, run_after=None
[2023-12-09T12:29:25.620+0000] {processor.py:179} INFO - Processing /opt/airflow/dags/spark-dag-example.py took 0.059 seconds
[2023-12-09T12:29:55.754+0000] {processor.py:157} INFO - Started process (PID=467) to work on /opt/airflow/dags/spark-dag-example.py
[2023-12-09T12:29:55.754+0000] {processor.py:829} INFO - Processing file /opt/airflow/dags/spark-dag-example.py for tasks to queue
[2023-12-09T12:29:55.756+0000] {logging_mixin.py:151} INFO - [2023-12-09T12:29:55.756+0000] {dagbag.py:539} INFO - Filling up the DagBag from /opt/airflow/dags/spark-dag-example.py
[2023-12-09T12:29:55.769+0000] {processor.py:839} INFO - DAG(s) dict_keys(['spark_airflow_dag']) retrieved from /opt/airflow/dags/spark-dag-example.py
[2023-12-09T12:29:55.793+0000] {logging_mixin.py:151} INFO - [2023-12-09T12:29:55.792+0000] {dag.py:2915} INFO - Sync 1 DAGs
[2023-12-09T12:29:55.804+0000] {logging_mixin.py:151} INFO - [2023-12-09T12:29:55.804+0000] {dag.py:3696} INFO - Setting next_dagrun for spark_airflow_dag to None, run_after=None
[2023-12-09T12:29:55.825+0000] {processor.py:179} INFO - Processing /opt/airflow/dags/spark-dag-example.py took 0.073 seconds
[2023-12-09T12:30:25.913+0000] {processor.py:157} INFO - Started process (PID=472) to work on /opt/airflow/dags/spark-dag-example.py
[2023-12-09T12:30:25.914+0000] {processor.py:829} INFO - Processing file /opt/airflow/dags/spark-dag-example.py for tasks to queue
[2023-12-09T12:30:25.916+0000] {logging_mixin.py:151} INFO - [2023-12-09T12:30:25.916+0000] {dagbag.py:539} INFO - Filling up the DagBag from /opt/airflow/dags/spark-dag-example.py
[2023-12-09T12:30:25.932+0000] {processor.py:839} INFO - DAG(s) dict_keys(['spark_airflow_dag']) retrieved from /opt/airflow/dags/spark-dag-example.py
[2023-12-09T12:30:25.954+0000] {logging_mixin.py:151} INFO - [2023-12-09T12:30:25.953+0000] {dag.py:2915} INFO - Sync 1 DAGs
[2023-12-09T12:30:25.966+0000] {logging_mixin.py:151} INFO - [2023-12-09T12:30:25.966+0000] {dag.py:3696} INFO - Setting next_dagrun for spark_airflow_dag to None, run_after=None
[2023-12-09T12:30:25.989+0000] {processor.py:179} INFO - Processing /opt/airflow/dags/spark-dag-example.py took 0.078 seconds
[2023-12-09T12:30:56.114+0000] {processor.py:157} INFO - Started process (PID=477) to work on /opt/airflow/dags/spark-dag-example.py
[2023-12-09T12:30:56.115+0000] {processor.py:829} INFO - Processing file /opt/airflow/dags/spark-dag-example.py for tasks to queue
[2023-12-09T12:30:56.117+0000] {logging_mixin.py:151} INFO - [2023-12-09T12:30:56.116+0000] {dagbag.py:539} INFO - Filling up the DagBag from /opt/airflow/dags/spark-dag-example.py
[2023-12-09T12:30:56.130+0000] {processor.py:839} INFO - DAG(s) dict_keys(['spark_airflow_dag']) retrieved from /opt/airflow/dags/spark-dag-example.py
[2023-12-09T12:30:56.150+0000] {logging_mixin.py:151} INFO - [2023-12-09T12:30:56.149+0000] {dag.py:2915} INFO - Sync 1 DAGs
[2023-12-09T12:30:56.161+0000] {logging_mixin.py:151} INFO - [2023-12-09T12:30:56.161+0000] {dag.py:3696} INFO - Setting next_dagrun for spark_airflow_dag to None, run_after=None
[2023-12-09T12:30:56.182+0000] {processor.py:179} INFO - Processing /opt/airflow/dags/spark-dag-example.py took 0.070 seconds
[2023-12-09T12:31:26.282+0000] {processor.py:157} INFO - Started process (PID=482) to work on /opt/airflow/dags/spark-dag-example.py
[2023-12-09T12:31:26.283+0000] {processor.py:829} INFO - Processing file /opt/airflow/dags/spark-dag-example.py for tasks to queue
[2023-12-09T12:31:26.285+0000] {logging_mixin.py:151} INFO - [2023-12-09T12:31:26.285+0000] {dagbag.py:539} INFO - Filling up the DagBag from /opt/airflow/dags/spark-dag-example.py
[2023-12-09T12:31:26.300+0000] {processor.py:839} INFO - DAG(s) dict_keys(['spark_airflow_dag']) retrieved from /opt/airflow/dags/spark-dag-example.py
[2023-12-09T12:31:26.321+0000] {logging_mixin.py:151} INFO - [2023-12-09T12:31:26.320+0000] {dag.py:2915} INFO - Sync 1 DAGs
[2023-12-09T12:31:26.332+0000] {logging_mixin.py:151} INFO - [2023-12-09T12:31:26.332+0000] {dag.py:3696} INFO - Setting next_dagrun for spark_airflow_dag to None, run_after=None
[2023-12-09T12:31:26.352+0000] {processor.py:179} INFO - Processing /opt/airflow/dags/spark-dag-example.py took 0.072 seconds
[2023-12-09T12:31:56.487+0000] {processor.py:157} INFO - Started process (PID=487) to work on /opt/airflow/dags/spark-dag-example.py
[2023-12-09T12:31:56.488+0000] {processor.py:829} INFO - Processing file /opt/airflow/dags/spark-dag-example.py for tasks to queue
[2023-12-09T12:31:56.490+0000] {logging_mixin.py:151} INFO - [2023-12-09T12:31:56.490+0000] {dagbag.py:539} INFO - Filling up the DagBag from /opt/airflow/dags/spark-dag-example.py
[2023-12-09T12:31:56.503+0000] {processor.py:839} INFO - DAG(s) dict_keys(['spark_airflow_dag']) retrieved from /opt/airflow/dags/spark-dag-example.py
[2023-12-09T12:31:56.524+0000] {logging_mixin.py:151} INFO - [2023-12-09T12:31:56.523+0000] {dag.py:2915} INFO - Sync 1 DAGs
[2023-12-09T12:31:56.534+0000] {logging_mixin.py:151} INFO - [2023-12-09T12:31:56.534+0000] {dag.py:3696} INFO - Setting next_dagrun for spark_airflow_dag to None, run_after=None
[2023-12-09T12:31:56.553+0000] {processor.py:179} INFO - Processing /opt/airflow/dags/spark-dag-example.py took 0.068 seconds
