[2023-12-16T05:37:06.397+0000] {taskinstance.py:1157} INFO - Dependencies all met for dep_context=non-requeueable deps ti=<TaskInstance: assignment_spark_dag.run_spark_task manual__2023-12-16T05:36:29.438356+00:00 [queued]>
[2023-12-16T05:37:06.404+0000] {taskinstance.py:1157} INFO - Dependencies all met for dep_context=requeueable deps ti=<TaskInstance: assignment_spark_dag.run_spark_task manual__2023-12-16T05:36:29.438356+00:00 [queued]>
[2023-12-16T05:37:06.405+0000] {taskinstance.py:1359} INFO - Starting attempt 2 of 2
[2023-12-16T05:37:06.417+0000] {taskinstance.py:1380} INFO - Executing <Task(BashOperator): run_spark_task> on 2023-12-16 05:36:29.438356+00:00
[2023-12-16T05:37:06.421+0000] {standard_task_runner.py:57} INFO - Started process 909 to run task
[2023-12-16T05:37:06.423+0000] {standard_task_runner.py:84} INFO - Running: ['airflow', 'tasks', 'run', 'assignment_spark_dag', 'run_spark_task', 'manual__2023-12-16T05:36:29.438356+00:00', '--job-id', '67', '--raw', '--subdir', 'DAGS_FOLDER/assignment_spark_dag.py', '--cfg-path', '/tmp/tmpc3ajiz4k']
[2023-12-16T05:37:06.425+0000] {standard_task_runner.py:85} INFO - Job 67: Subtask run_spark_task
[2023-12-16T05:37:06.437+0000] {logging_mixin.py:151} WARNING - /home/airflow/.local/lib/python3.9/site-packages/airflow/settings.py:195 DeprecationWarning: The sql_alchemy_conn option in [core] has been moved to the sql_alchemy_conn option in [database] - the old setting has been used, but please update your config.
[2023-12-16T05:37:06.461+0000] {task_command.py:415} INFO - Running <TaskInstance: assignment_spark_dag.run_spark_task manual__2023-12-16T05:36:29.438356+00:00 [running]> on host dataeng-airflow-scheduler
[2023-12-16T05:37:06.522+0000] {taskinstance.py:1660} INFO - Exporting env vars: AIRFLOW_CTX_DAG_OWNER='ahmad_belva' AIRFLOW_CTX_DAG_ID='assignment_spark_dag' AIRFLOW_CTX_TASK_ID='run_spark_task' AIRFLOW_CTX_EXECUTION_DATE='2023-12-16T05:36:29.438356+00:00' AIRFLOW_CTX_TRY_NUMBER='2' AIRFLOW_CTX_DAG_RUN_ID='manual__2023-12-16T05:36:29.438356+00:00'
[2023-12-16T05:37:06.524+0000] {subprocess.py:63} INFO - Tmp dir root location: /tmp
[2023-12-16T05:37:06.525+0000] {subprocess.py:75} INFO - Running command: ['/bin/bash', '-c', 'spark-submit --master spark://dataeng-spark-master:7077 /spark-scripts/assignment_spark_file.py']
[2023-12-16T05:37:06.532+0000] {subprocess.py:86} INFO - Output:
[2023-12-16T05:37:08.956+0000] {subprocess.py:93} INFO - 23/12/16 05:37:08 INFO SparkContext: Running Spark version 3.3.2
[2023-12-16T05:37:09.003+0000] {subprocess.py:93} INFO - 23/12/16 05:37:09 WARN NativeCodeLoader: Unable to load native-hadoop library for your platform... using builtin-java classes where applicable
[2023-12-16T05:37:09.070+0000] {subprocess.py:93} INFO - 23/12/16 05:37:09 INFO ResourceUtils: ==============================================================
[2023-12-16T05:37:09.070+0000] {subprocess.py:93} INFO - 23/12/16 05:37:09 INFO ResourceUtils: No custom resources configured for spark.driver.
[2023-12-16T05:37:09.071+0000] {subprocess.py:93} INFO - 23/12/16 05:37:09 INFO ResourceUtils: ==============================================================
[2023-12-16T05:37:09.071+0000] {subprocess.py:93} INFO - 23/12/16 05:37:09 INFO SparkContext: Submitted application: day15_assignment
[2023-12-16T05:37:09.088+0000] {subprocess.py:93} INFO - 23/12/16 05:37:09 INFO ResourceProfile: Default ResourceProfile created, executor resources: Map(cores -> name: cores, amount: 1, script: , vendor: , memory -> name: memory, amount: 1024, script: , vendor: , offHeap -> name: offHeap, amount: 0, script: , vendor: ), task resources: Map(cpus -> name: cpus, amount: 1.0)
[2023-12-16T05:37:09.099+0000] {subprocess.py:93} INFO - 23/12/16 05:37:09 INFO ResourceProfile: Limiting resource is cpu
[2023-12-16T05:37:09.100+0000] {subprocess.py:93} INFO - 23/12/16 05:37:09 INFO ResourceProfileManager: Added ResourceProfile id: 0
[2023-12-16T05:37:09.139+0000] {subprocess.py:93} INFO - 23/12/16 05:37:09 INFO SecurityManager: Changing view acls to: airflow
[2023-12-16T05:37:09.140+0000] {subprocess.py:93} INFO - 23/12/16 05:37:09 INFO SecurityManager: Changing modify acls to: airflow
[2023-12-16T05:37:09.140+0000] {subprocess.py:93} INFO - 23/12/16 05:37:09 INFO SecurityManager: Changing view acls groups to:
[2023-12-16T05:37:09.141+0000] {subprocess.py:93} INFO - 23/12/16 05:37:09 INFO SecurityManager: Changing modify acls groups to:
[2023-12-16T05:37:09.141+0000] {subprocess.py:93} INFO - 23/12/16 05:37:09 INFO SecurityManager: SecurityManager: authentication disabled; ui acls disabled; users  with view permissions: Set(airflow); groups with view permissions: Set(); users  with modify permissions: Set(airflow); groups with modify permissions: Set()
[2023-12-16T05:37:09.373+0000] {subprocess.py:93} INFO - 23/12/16 05:37:09 INFO Utils: Successfully started service 'sparkDriver' on port 40775.
[2023-12-16T05:37:09.398+0000] {subprocess.py:93} INFO - 23/12/16 05:37:09 INFO SparkEnv: Registering MapOutputTracker
[2023-12-16T05:37:09.431+0000] {subprocess.py:93} INFO - 23/12/16 05:37:09 INFO SparkEnv: Registering BlockManagerMaster
[2023-12-16T05:37:09.445+0000] {subprocess.py:93} INFO - 23/12/16 05:37:09 INFO BlockManagerMasterEndpoint: Using org.apache.spark.storage.DefaultTopologyMapper for getting topology information
[2023-12-16T05:37:09.446+0000] {subprocess.py:93} INFO - 23/12/16 05:37:09 INFO BlockManagerMasterEndpoint: BlockManagerMasterEndpoint up
[2023-12-16T05:37:09.450+0000] {subprocess.py:93} INFO - 23/12/16 05:37:09 INFO SparkEnv: Registering BlockManagerMasterHeartbeat
[2023-12-16T05:37:09.472+0000] {subprocess.py:93} INFO - 23/12/16 05:37:09 INFO DiskBlockManager: Created local directory at /tmp/blockmgr-c29fec3c-0d46-4e23-ac9b-70ab1c8ca9b0
[2023-12-16T05:37:09.488+0000] {subprocess.py:93} INFO - 23/12/16 05:37:09 INFO MemoryStore: MemoryStore started with capacity 434.4 MiB
[2023-12-16T05:37:09.504+0000] {subprocess.py:93} INFO - 23/12/16 05:37:09 INFO SparkEnv: Registering OutputCommitCoordinator
[2023-12-16T05:37:09.690+0000] {subprocess.py:93} INFO - 23/12/16 05:37:09 INFO Utils: Successfully started service 'SparkUI' on port 4040.
[2023-12-16T05:37:09.719+0000] {subprocess.py:93} INFO - 23/12/16 05:37:09 INFO SparkContext: Added JAR /jars/postgresql-42.2.27.jar at spark://dataeng-airflow-scheduler:40775/jars/postgresql-42.2.27.jar with timestamp 1702705028946
[2023-12-16T05:37:09.786+0000] {subprocess.py:93} INFO - 23/12/16 05:37:09 INFO StandaloneAppClient$ClientEndpoint: Connecting to master spark://dataeng-spark-master:7077...
[2023-12-16T05:37:09.819+0000] {subprocess.py:93} INFO - 23/12/16 05:37:09 INFO TransportClientFactory: Successfully created connection to dataeng-spark-master/172.22.0.5:7077 after 18 ms (0 ms spent in bootstraps)
[2023-12-16T05:37:09.893+0000] {subprocess.py:93} INFO - 23/12/16 05:37:09 INFO StandaloneSchedulerBackend: Connected to Spark cluster with app ID app-20231216053709-0002
[2023-12-16T05:37:09.895+0000] {subprocess.py:93} INFO - 23/12/16 05:37:09 INFO StandaloneAppClient$ClientEndpoint: Executor added: app-20231216053709-0002/0 on worker-20231216052750-172.22.0.6-42295 (172.22.0.6:42295) with 1 core(s)
[2023-12-16T05:37:09.897+0000] {subprocess.py:93} INFO - 23/12/16 05:37:09 INFO StandaloneSchedulerBackend: Granted executor ID app-20231216053709-0002/0 on hostPort 172.22.0.6:42295 with 1 core(s), 1024.0 MiB RAM
[2023-12-16T05:37:09.900+0000] {subprocess.py:93} INFO - 23/12/16 05:37:09 INFO Utils: Successfully started service 'org.apache.spark.network.netty.NettyBlockTransferService' on port 38305.
[2023-12-16T05:37:09.901+0000] {subprocess.py:93} INFO - 23/12/16 05:37:09 INFO NettyBlockTransferService: Server created on dataeng-airflow-scheduler:38305
[2023-12-16T05:37:09.902+0000] {subprocess.py:93} INFO - 23/12/16 05:37:09 INFO BlockManager: Using org.apache.spark.storage.RandomBlockReplicationPolicy for block replication policy
[2023-12-16T05:37:09.908+0000] {subprocess.py:93} INFO - 23/12/16 05:37:09 INFO BlockManagerMaster: Registering BlockManager BlockManagerId(driver, dataeng-airflow-scheduler, 38305, None)
[2023-12-16T05:37:09.912+0000] {subprocess.py:93} INFO - 23/12/16 05:37:09 INFO BlockManagerMasterEndpoint: Registering block manager dataeng-airflow-scheduler:38305 with 434.4 MiB RAM, BlockManagerId(driver, dataeng-airflow-scheduler, 38305, None)
[2023-12-16T05:37:09.915+0000] {subprocess.py:93} INFO - 23/12/16 05:37:09 INFO BlockManagerMaster: Registered BlockManager BlockManagerId(driver, dataeng-airflow-scheduler, 38305, None)
[2023-12-16T05:37:09.917+0000] {subprocess.py:93} INFO - 23/12/16 05:37:09 INFO BlockManager: Initialized BlockManager: BlockManagerId(driver, dataeng-airflow-scheduler, 38305, None)
[2023-12-16T05:37:09.926+0000] {subprocess.py:93} INFO - 23/12/16 05:37:09 INFO StandaloneAppClient$ClientEndpoint: Executor updated: app-20231216053709-0002/0 is now RUNNING
[2023-12-16T05:37:10.107+0000] {subprocess.py:93} INFO - 23/12/16 05:37:10 INFO StandaloneSchedulerBackend: SchedulerBackend is ready for scheduling beginning after reached minRegisteredResourcesRatio: 0.0
[2023-12-16T05:37:10.314+0000] {subprocess.py:93} INFO - 23/12/16 05:37:10 INFO SharedState: Setting hive.metastore.warehouse.dir ('null') to the value of spark.sql.warehouse.dir.
[2023-12-16T05:37:10.322+0000] {subprocess.py:93} INFO - 23/12/16 05:37:10 INFO SharedState: Warehouse path is 'file:/tmp/airflowtmpof_tv3e1/spark-warehouse'.
[2023-12-16T05:37:11.104+0000] {subprocess.py:93} INFO - Traceback (most recent call last):
[2023-12-16T05:37:11.105+0000] {subprocess.py:93} INFO -   File "/spark-scripts/assignment_spark_file.py", line 35, in <module>
[2023-12-16T05:37:11.106+0000] {subprocess.py:93} INFO -     retail_df = spark.read.jdbc(
[2023-12-16T05:37:11.107+0000] {subprocess.py:93} INFO -   File "/home/airflow/.local/lib/python3.9/site-packages/pyspark/python/lib/pyspark.zip/pyspark/sql/readwriter.py", line 716, in jdbc
[2023-12-16T05:37:11.108+0000] {subprocess.py:93} INFO -   File "/home/airflow/.local/lib/python3.9/site-packages/pyspark/python/lib/py4j-0.10.9.5-src.zip/py4j/java_gateway.py", line 1321, in __call__
[2023-12-16T05:37:11.108+0000] {subprocess.py:93} INFO -   File "/home/airflow/.local/lib/python3.9/site-packages/pyspark/python/lib/pyspark.zip/pyspark/sql/utils.py", line 190, in deco
[2023-12-16T05:37:11.109+0000] {subprocess.py:93} INFO -   File "/home/airflow/.local/lib/python3.9/site-packages/pyspark/python/lib/py4j-0.10.9.5-src.zip/py4j/protocol.py", line 326, in get_return_value
[2023-12-16T05:37:11.109+0000] {subprocess.py:93} INFO - py4j.protocol.Py4JJavaError: An error occurred while calling o27.jdbc.
[2023-12-16T05:37:11.110+0000] {subprocess.py:93} INFO - : java.lang.ClassNotFoundException: org.postgresql.Driver
[2023-12-16T05:37:11.110+0000] {subprocess.py:93} INFO - 	at java.base/java.net.URLClassLoader.findClass(URLClassLoader.java:476)
[2023-12-16T05:37:11.111+0000] {subprocess.py:93} INFO - 	at java.base/java.lang.ClassLoader.loadClass(ClassLoader.java:594)
[2023-12-16T05:37:11.111+0000] {subprocess.py:93} INFO - 	at java.base/java.lang.ClassLoader.loadClass(ClassLoader.java:527)
[2023-12-16T05:37:11.111+0000] {subprocess.py:93} INFO - 	at org.apache.spark.sql.execution.datasources.jdbc.DriverRegistry$.register(DriverRegistry.scala:46)
[2023-12-16T05:37:11.112+0000] {subprocess.py:93} INFO - 	at org.apache.spark.sql.execution.datasources.jdbc.JDBCOptions.$anonfun$driverClass$1(JDBCOptions.scala:101)
[2023-12-16T05:37:11.112+0000] {subprocess.py:93} INFO - 	at org.apache.spark.sql.execution.datasources.jdbc.JDBCOptions.$anonfun$driverClass$1$adapted(JDBCOptions.scala:101)
[2023-12-16T05:37:11.113+0000] {subprocess.py:93} INFO - 	at scala.Option.foreach(Option.scala:407)
[2023-12-16T05:37:11.113+0000] {subprocess.py:93} INFO - 	at org.apache.spark.sql.execution.datasources.jdbc.JDBCOptions.<init>(JDBCOptions.scala:101)
[2023-12-16T05:37:11.113+0000] {subprocess.py:93} INFO - 	at org.apache.spark.sql.execution.datasources.jdbc.JDBCOptions.<init>(JDBCOptions.scala:39)
[2023-12-16T05:37:11.114+0000] {subprocess.py:93} INFO - 	at org.apache.spark.sql.execution.datasources.jdbc.JdbcRelationProvider.createRelation(JdbcRelationProvider.scala:34)
[2023-12-16T05:37:11.114+0000] {subprocess.py:93} INFO - 	at org.apache.spark.sql.execution.datasources.DataSource.resolveRelation(DataSource.scala:350)
[2023-12-16T05:37:11.114+0000] {subprocess.py:93} INFO - 	at org.apache.spark.sql.DataFrameReader.loadV1Source(DataFrameReader.scala:228)
[2023-12-16T05:37:11.115+0000] {subprocess.py:93} INFO - 	at org.apache.spark.sql.DataFrameReader.$anonfun$load$2(DataFrameReader.scala:210)
[2023-12-16T05:37:11.115+0000] {subprocess.py:93} INFO - 	at scala.Option.getOrElse(Option.scala:189)
[2023-12-16T05:37:11.115+0000] {subprocess.py:93} INFO - 	at org.apache.spark.sql.DataFrameReader.load(DataFrameReader.scala:210)
[2023-12-16T05:37:11.116+0000] {subprocess.py:93} INFO - 	at org.apache.spark.sql.DataFrameReader.load(DataFrameReader.scala:171)
[2023-12-16T05:37:11.116+0000] {subprocess.py:93} INFO - 	at org.apache.spark.sql.DataFrameReader.jdbc(DataFrameReader.scala:248)
[2023-12-16T05:37:11.116+0000] {subprocess.py:93} INFO - 	at java.base/jdk.internal.reflect.NativeMethodAccessorImpl.invoke0(Native Method)
[2023-12-16T05:37:11.116+0000] {subprocess.py:93} INFO - 	at java.base/jdk.internal.reflect.NativeMethodAccessorImpl.invoke(NativeMethodAccessorImpl.java:62)
[2023-12-16T05:37:11.117+0000] {subprocess.py:93} INFO - 	at java.base/jdk.internal.reflect.DelegatingMethodAccessorImpl.invoke(DelegatingMethodAccessorImpl.java:43)
[2023-12-16T05:37:11.117+0000] {subprocess.py:93} INFO - 	at java.base/java.lang.reflect.Method.invoke(Method.java:566)
[2023-12-16T05:37:11.118+0000] {subprocess.py:93} INFO - 	at py4j.reflection.MethodInvoker.invoke(MethodInvoker.java:244)
[2023-12-16T05:37:11.118+0000] {subprocess.py:93} INFO - 	at py4j.reflection.ReflectionEngine.invoke(ReflectionEngine.java:357)
[2023-12-16T05:37:11.118+0000] {subprocess.py:93} INFO - 	at py4j.Gateway.invoke(Gateway.java:282)
[2023-12-16T05:37:11.119+0000] {subprocess.py:93} INFO - 	at py4j.commands.AbstractCommand.invokeMethod(AbstractCommand.java:132)
[2023-12-16T05:37:11.119+0000] {subprocess.py:93} INFO - 	at py4j.commands.CallCommand.execute(CallCommand.java:79)
[2023-12-16T05:37:11.119+0000] {subprocess.py:93} INFO - 	at py4j.ClientServerConnection.waitForCommands(ClientServerConnection.java:182)
[2023-12-16T05:37:11.120+0000] {subprocess.py:93} INFO - 	at py4j.ClientServerConnection.run(ClientServerConnection.java:106)
[2023-12-16T05:37:11.120+0000] {subprocess.py:93} INFO - 	at java.base/java.lang.Thread.run(Thread.java:829)
[2023-12-16T05:37:11.120+0000] {subprocess.py:93} INFO - 
[2023-12-16T05:37:11.188+0000] {subprocess.py:93} INFO - 23/12/16 05:37:11 INFO SparkContext: Invoking stop() from shutdown hook
[2023-12-16T05:37:11.205+0000] {subprocess.py:93} INFO - 23/12/16 05:37:11 INFO SparkUI: Stopped Spark web UI at http://dataeng-airflow-scheduler:4040
[2023-12-16T05:37:11.210+0000] {subprocess.py:93} INFO - 23/12/16 05:37:11 INFO StandaloneSchedulerBackend: Shutting down all executors
[2023-12-16T05:37:11.215+0000] {subprocess.py:93} INFO - 23/12/16 05:37:11 INFO CoarseGrainedSchedulerBackend$DriverEndpoint: Asking each executor to shut down
[2023-12-16T05:37:11.235+0000] {subprocess.py:93} INFO - 23/12/16 05:37:11 INFO MapOutputTrackerMasterEndpoint: MapOutputTrackerMasterEndpoint stopped!
[2023-12-16T05:37:11.248+0000] {subprocess.py:93} INFO - 23/12/16 05:37:11 INFO MemoryStore: MemoryStore cleared
[2023-12-16T05:37:11.249+0000] {subprocess.py:93} INFO - 23/12/16 05:37:11 INFO BlockManager: BlockManager stopped
[2023-12-16T05:37:11.256+0000] {subprocess.py:93} INFO - 23/12/16 05:37:11 INFO BlockManagerMaster: BlockManagerMaster stopped
[2023-12-16T05:37:11.259+0000] {subprocess.py:93} INFO - 23/12/16 05:37:11 INFO OutputCommitCoordinator$OutputCommitCoordinatorEndpoint: OutputCommitCoordinator stopped!
[2023-12-16T05:37:11.267+0000] {subprocess.py:93} INFO - 23/12/16 05:37:11 INFO SparkContext: Successfully stopped SparkContext
[2023-12-16T05:37:11.267+0000] {subprocess.py:93} INFO - 23/12/16 05:37:11 INFO ShutdownHookManager: Shutdown hook called
[2023-12-16T05:37:11.268+0000] {subprocess.py:93} INFO - 23/12/16 05:37:11 INFO ShutdownHookManager: Deleting directory /tmp/spark-33c891aa-792f-493a-8a1e-eef09987668c/pyspark-2a7295f6-7c6f-4cc0-b783-170fee2783dc
[2023-12-16T05:37:11.270+0000] {subprocess.py:93} INFO - 23/12/16 05:37:11 INFO ShutdownHookManager: Deleting directory /tmp/spark-33c891aa-792f-493a-8a1e-eef09987668c
[2023-12-16T05:37:11.274+0000] {subprocess.py:93} INFO - 23/12/16 05:37:11 INFO ShutdownHookManager: Deleting directory /tmp/spark-a5ad1125-ec73-402c-8826-2a56a5684c4f
[2023-12-16T05:37:11.312+0000] {subprocess.py:97} INFO - Command exited with return code 1
[2023-12-16T05:37:11.323+0000] {taskinstance.py:1935} ERROR - Task failed with exception
Traceback (most recent call last):
  File "/home/airflow/.local/lib/python3.9/site-packages/airflow/operators/bash.py", line 210, in execute
    raise AirflowException(
airflow.exceptions.AirflowException: Bash command failed. The command returned a non-zero exit code 1.
[2023-12-16T05:37:11.328+0000] {taskinstance.py:1398} INFO - Marking task as FAILED. dag_id=assignment_spark_dag, task_id=run_spark_task, execution_date=20231216T053629, start_date=20231216T053706, end_date=20231216T053711
[2023-12-16T05:37:11.345+0000] {standard_task_runner.py:104} ERROR - Failed to execute job 67 for task run_spark_task (Bash command failed. The command returned a non-zero exit code 1.; 909)
[2023-12-16T05:37:11.372+0000] {local_task_job_runner.py:228} INFO - Task exited with return code 1
[2023-12-16T05:37:11.389+0000] {taskinstance.py:2776} INFO - 0 downstream tasks scheduled from follow-on schedule check
