[2023-12-16T05:27:37.936+0000] {processor.py:157} INFO - Started process (PID=226) to work on /opt/airflow/dags/assignment_spark_dag.py
[2023-12-16T05:27:37.936+0000] {processor.py:829} INFO - Processing file /opt/airflow/dags/assignment_spark_dag.py for tasks to queue
[2023-12-16T05:27:37.938+0000] {logging_mixin.py:151} INFO - [2023-12-16T05:27:37.938+0000] {dagbag.py:539} INFO - Filling up the DagBag from /opt/airflow/dags/assignment_spark_dag.py
[2023-12-16T05:27:38.001+0000] {processor.py:839} INFO - DAG(s) dict_keys(['assignment_spark_dag']) retrieved from /opt/airflow/dags/assignment_spark_dag.py
[2023-12-16T05:27:38.021+0000] {logging_mixin.py:151} INFO - [2023-12-16T05:27:38.021+0000] {dag.py:2915} INFO - Sync 1 DAGs
[2023-12-16T05:27:38.033+0000] {logging_mixin.py:151} INFO - [2023-12-16T05:27:38.032+0000] {dag.py:3696} INFO - Setting next_dagrun for assignment_spark_dag to None, run_after=None
[2023-12-16T05:27:38.053+0000] {processor.py:179} INFO - Processing /opt/airflow/dags/assignment_spark_dag.py took 0.120 seconds
[2023-12-16T05:28:08.224+0000] {processor.py:157} INFO - Started process (PID=236) to work on /opt/airflow/dags/assignment_spark_dag.py
[2023-12-16T05:28:08.225+0000] {processor.py:829} INFO - Processing file /opt/airflow/dags/assignment_spark_dag.py for tasks to queue
[2023-12-16T05:28:08.232+0000] {logging_mixin.py:151} INFO - [2023-12-16T05:28:08.231+0000] {dagbag.py:539} INFO - Filling up the DagBag from /opt/airflow/dags/assignment_spark_dag.py
[2023-12-16T05:28:08.351+0000] {processor.py:839} INFO - DAG(s) dict_keys(['assignment_spark_dag']) retrieved from /opt/airflow/dags/assignment_spark_dag.py
[2023-12-16T05:28:08.394+0000] {logging_mixin.py:151} INFO - [2023-12-16T05:28:08.392+0000] {dag.py:2915} INFO - Sync 1 DAGs
[2023-12-16T05:28:08.414+0000] {logging_mixin.py:151} INFO - [2023-12-16T05:28:08.413+0000] {dag.py:3696} INFO - Setting next_dagrun for assignment_spark_dag to None, run_after=None
[2023-12-16T05:28:08.431+0000] {processor.py:179} INFO - Processing /opt/airflow/dags/assignment_spark_dag.py took 0.210 seconds
[2023-12-16T05:28:46.570+0000] {processor.py:157} INFO - Started process (PID=172) to work on /opt/airflow/dags/assignment_spark_dag.py
[2023-12-16T05:28:46.571+0000] {processor.py:829} INFO - Processing file /opt/airflow/dags/assignment_spark_dag.py for tasks to queue
[2023-12-16T05:28:46.573+0000] {logging_mixin.py:151} INFO - [2023-12-16T05:28:46.573+0000] {dagbag.py:539} INFO - Filling up the DagBag from /opt/airflow/dags/assignment_spark_dag.py
[2023-12-16T05:28:46.627+0000] {processor.py:839} INFO - DAG(s) dict_keys(['assignment_spark_dag']) retrieved from /opt/airflow/dags/assignment_spark_dag.py
[2023-12-16T05:28:46.647+0000] {logging_mixin.py:151} INFO - [2023-12-16T05:28:46.646+0000] {dag.py:2915} INFO - Sync 1 DAGs
[2023-12-16T05:28:46.657+0000] {logging_mixin.py:151} INFO - [2023-12-16T05:28:46.657+0000] {dag.py:3696} INFO - Setting next_dagrun for assignment_spark_dag to None, run_after=None
[2023-12-16T05:28:46.675+0000] {processor.py:179} INFO - Processing /opt/airflow/dags/assignment_spark_dag.py took 0.107 seconds
[2023-12-16T05:29:16.870+0000] {processor.py:157} INFO - Started process (PID=182) to work on /opt/airflow/dags/assignment_spark_dag.py
[2023-12-16T05:29:16.873+0000] {processor.py:829} INFO - Processing file /opt/airflow/dags/assignment_spark_dag.py for tasks to queue
[2023-12-16T05:29:16.882+0000] {logging_mixin.py:151} INFO - [2023-12-16T05:29:16.881+0000] {dagbag.py:539} INFO - Filling up the DagBag from /opt/airflow/dags/assignment_spark_dag.py
[2023-12-16T05:29:16.988+0000] {processor.py:839} INFO - DAG(s) dict_keys(['assignment_spark_dag']) retrieved from /opt/airflow/dags/assignment_spark_dag.py
[2023-12-16T05:29:17.017+0000] {logging_mixin.py:151} INFO - [2023-12-16T05:29:17.017+0000] {dag.py:2915} INFO - Sync 1 DAGs
[2023-12-16T05:29:17.034+0000] {logging_mixin.py:151} INFO - [2023-12-16T05:29:17.034+0000] {dag.py:3696} INFO - Setting next_dagrun for assignment_spark_dag to None, run_after=None
[2023-12-16T05:29:17.058+0000] {processor.py:179} INFO - Processing /opt/airflow/dags/assignment_spark_dag.py took 0.198 seconds
[2023-12-16T05:29:47.231+0000] {processor.py:157} INFO - Started process (PID=192) to work on /opt/airflow/dags/assignment_spark_dag.py
[2023-12-16T05:29:47.232+0000] {processor.py:829} INFO - Processing file /opt/airflow/dags/assignment_spark_dag.py for tasks to queue
[2023-12-16T05:29:47.233+0000] {logging_mixin.py:151} INFO - [2023-12-16T05:29:47.233+0000] {dagbag.py:539} INFO - Filling up the DagBag from /opt/airflow/dags/assignment_spark_dag.py
[2023-12-16T05:29:47.296+0000] {processor.py:839} INFO - DAG(s) dict_keys(['assignment_spark_dag']) retrieved from /opt/airflow/dags/assignment_spark_dag.py
[2023-12-16T05:29:47.316+0000] {logging_mixin.py:151} INFO - [2023-12-16T05:29:47.315+0000] {dag.py:2915} INFO - Sync 1 DAGs
[2023-12-16T05:29:47.327+0000] {logging_mixin.py:151} INFO - [2023-12-16T05:29:47.326+0000] {dag.py:3696} INFO - Setting next_dagrun for assignment_spark_dag to None, run_after=None
[2023-12-16T05:29:47.342+0000] {processor.py:179} INFO - Processing /opt/airflow/dags/assignment_spark_dag.py took 0.114 seconds
[2023-12-16T05:30:17.516+0000] {processor.py:157} INFO - Started process (PID=343) to work on /opt/airflow/dags/assignment_spark_dag.py
[2023-12-16T05:30:17.517+0000] {processor.py:829} INFO - Processing file /opt/airflow/dags/assignment_spark_dag.py for tasks to queue
[2023-12-16T05:30:17.520+0000] {logging_mixin.py:151} INFO - [2023-12-16T05:30:17.520+0000] {dagbag.py:539} INFO - Filling up the DagBag from /opt/airflow/dags/assignment_spark_dag.py
[2023-12-16T05:30:17.597+0000] {processor.py:839} INFO - DAG(s) dict_keys(['assignment_spark_dag']) retrieved from /opt/airflow/dags/assignment_spark_dag.py
[2023-12-16T05:30:17.620+0000] {logging_mixin.py:151} INFO - [2023-12-16T05:30:17.619+0000] {dag.py:2915} INFO - Sync 1 DAGs
[2023-12-16T05:30:17.631+0000] {logging_mixin.py:151} INFO - [2023-12-16T05:30:17.630+0000] {dag.py:3696} INFO - Setting next_dagrun for assignment_spark_dag to None, run_after=None
[2023-12-16T05:30:17.650+0000] {processor.py:179} INFO - Processing /opt/airflow/dags/assignment_spark_dag.py took 0.138 seconds
[2023-12-16T05:30:47.809+0000] {processor.py:157} INFO - Started process (PID=594) to work on /opt/airflow/dags/assignment_spark_dag.py
[2023-12-16T05:30:47.810+0000] {processor.py:829} INFO - Processing file /opt/airflow/dags/assignment_spark_dag.py for tasks to queue
[2023-12-16T05:30:47.812+0000] {logging_mixin.py:151} INFO - [2023-12-16T05:30:47.811+0000] {dagbag.py:539} INFO - Filling up the DagBag from /opt/airflow/dags/assignment_spark_dag.py
[2023-12-16T05:30:47.891+0000] {processor.py:839} INFO - DAG(s) dict_keys(['assignment_spark_dag']) retrieved from /opt/airflow/dags/assignment_spark_dag.py
[2023-12-16T05:30:47.914+0000] {logging_mixin.py:151} INFO - [2023-12-16T05:30:47.913+0000] {dag.py:2915} INFO - Sync 1 DAGs
[2023-12-16T05:30:47.924+0000] {logging_mixin.py:151} INFO - [2023-12-16T05:30:47.924+0000] {dag.py:3696} INFO - Setting next_dagrun for assignment_spark_dag to None, run_after=None
[2023-12-16T05:30:47.946+0000] {processor.py:179} INFO - Processing /opt/airflow/dags/assignment_spark_dag.py took 0.140 seconds
[2023-12-16T05:31:18.089+0000] {processor.py:157} INFO - Started process (PID=604) to work on /opt/airflow/dags/assignment_spark_dag.py
[2023-12-16T05:31:18.090+0000] {processor.py:829} INFO - Processing file /opt/airflow/dags/assignment_spark_dag.py for tasks to queue
[2023-12-16T05:31:18.091+0000] {logging_mixin.py:151} INFO - [2023-12-16T05:31:18.091+0000] {dagbag.py:539} INFO - Filling up the DagBag from /opt/airflow/dags/assignment_spark_dag.py
[2023-12-16T05:31:18.160+0000] {processor.py:839} INFO - DAG(s) dict_keys(['assignment_spark_dag']) retrieved from /opt/airflow/dags/assignment_spark_dag.py
[2023-12-16T05:31:18.182+0000] {logging_mixin.py:151} INFO - [2023-12-16T05:31:18.181+0000] {dag.py:2915} INFO - Sync 1 DAGs
[2023-12-16T05:31:18.194+0000] {logging_mixin.py:151} INFO - [2023-12-16T05:31:18.193+0000] {dag.py:3696} INFO - Setting next_dagrun for assignment_spark_dag to None, run_after=None
[2023-12-16T05:31:18.213+0000] {processor.py:179} INFO - Processing /opt/airflow/dags/assignment_spark_dag.py took 0.127 seconds
[2023-12-16T05:31:48.375+0000] {processor.py:157} INFO - Started process (PID=614) to work on /opt/airflow/dags/assignment_spark_dag.py
[2023-12-16T05:31:48.376+0000] {processor.py:829} INFO - Processing file /opt/airflow/dags/assignment_spark_dag.py for tasks to queue
[2023-12-16T05:31:48.378+0000] {logging_mixin.py:151} INFO - [2023-12-16T05:31:48.378+0000] {dagbag.py:539} INFO - Filling up the DagBag from /opt/airflow/dags/assignment_spark_dag.py
[2023-12-16T05:31:48.435+0000] {processor.py:839} INFO - DAG(s) dict_keys(['assignment_spark_dag']) retrieved from /opt/airflow/dags/assignment_spark_dag.py
[2023-12-16T05:31:48.454+0000] {logging_mixin.py:151} INFO - [2023-12-16T05:31:48.453+0000] {dag.py:2915} INFO - Sync 1 DAGs
[2023-12-16T05:31:48.464+0000] {logging_mixin.py:151} INFO - [2023-12-16T05:31:48.463+0000] {dag.py:3696} INFO - Setting next_dagrun for assignment_spark_dag to None, run_after=None
[2023-12-16T05:31:48.482+0000] {processor.py:179} INFO - Processing /opt/airflow/dags/assignment_spark_dag.py took 0.111 seconds
[2023-12-16T05:32:18.660+0000] {processor.py:157} INFO - Started process (PID=624) to work on /opt/airflow/dags/assignment_spark_dag.py
[2023-12-16T05:32:18.660+0000] {processor.py:829} INFO - Processing file /opt/airflow/dags/assignment_spark_dag.py for tasks to queue
[2023-12-16T05:32:18.663+0000] {logging_mixin.py:151} INFO - [2023-12-16T05:32:18.662+0000] {dagbag.py:539} INFO - Filling up the DagBag from /opt/airflow/dags/assignment_spark_dag.py
[2023-12-16T05:32:18.739+0000] {processor.py:839} INFO - DAG(s) dict_keys(['assignment_spark_dag']) retrieved from /opt/airflow/dags/assignment_spark_dag.py
[2023-12-16T05:32:18.763+0000] {logging_mixin.py:151} INFO - [2023-12-16T05:32:18.763+0000] {dag.py:2915} INFO - Sync 1 DAGs
[2023-12-16T05:32:18.775+0000] {logging_mixin.py:151} INFO - [2023-12-16T05:32:18.775+0000] {dag.py:3696} INFO - Setting next_dagrun for assignment_spark_dag to None, run_after=None
[2023-12-16T05:32:18.794+0000] {processor.py:179} INFO - Processing /opt/airflow/dags/assignment_spark_dag.py took 0.137 seconds
[2023-12-16T05:32:48.951+0000] {processor.py:157} INFO - Started process (PID=634) to work on /opt/airflow/dags/assignment_spark_dag.py
[2023-12-16T05:32:48.952+0000] {processor.py:829} INFO - Processing file /opt/airflow/dags/assignment_spark_dag.py for tasks to queue
[2023-12-16T05:32:48.954+0000] {logging_mixin.py:151} INFO - [2023-12-16T05:32:48.954+0000] {dagbag.py:539} INFO - Filling up the DagBag from /opt/airflow/dags/assignment_spark_dag.py
[2023-12-16T05:32:49.013+0000] {processor.py:839} INFO - DAG(s) dict_keys(['assignment_spark_dag']) retrieved from /opt/airflow/dags/assignment_spark_dag.py
[2023-12-16T05:32:49.038+0000] {logging_mixin.py:151} INFO - [2023-12-16T05:32:49.037+0000] {dag.py:2915} INFO - Sync 1 DAGs
[2023-12-16T05:32:49.050+0000] {logging_mixin.py:151} INFO - [2023-12-16T05:32:49.049+0000] {dag.py:3696} INFO - Setting next_dagrun for assignment_spark_dag to None, run_after=None
[2023-12-16T05:32:49.066+0000] {processor.py:179} INFO - Processing /opt/airflow/dags/assignment_spark_dag.py took 0.117 seconds
[2023-12-16T05:33:19.240+0000] {processor.py:157} INFO - Started process (PID=644) to work on /opt/airflow/dags/assignment_spark_dag.py
[2023-12-16T05:33:19.241+0000] {processor.py:829} INFO - Processing file /opt/airflow/dags/assignment_spark_dag.py for tasks to queue
[2023-12-16T05:33:19.243+0000] {logging_mixin.py:151} INFO - [2023-12-16T05:33:19.242+0000] {dagbag.py:539} INFO - Filling up the DagBag from /opt/airflow/dags/assignment_spark_dag.py
[2023-12-16T05:33:19.304+0000] {processor.py:839} INFO - DAG(s) dict_keys(['assignment_spark_dag']) retrieved from /opt/airflow/dags/assignment_spark_dag.py
[2023-12-16T05:33:19.325+0000] {logging_mixin.py:151} INFO - [2023-12-16T05:33:19.324+0000] {dag.py:2915} INFO - Sync 1 DAGs
[2023-12-16T05:33:19.335+0000] {logging_mixin.py:151} INFO - [2023-12-16T05:33:19.335+0000] {dag.py:3696} INFO - Setting next_dagrun for assignment_spark_dag to None, run_after=None
[2023-12-16T05:33:19.353+0000] {processor.py:179} INFO - Processing /opt/airflow/dags/assignment_spark_dag.py took 0.116 seconds
[2023-12-16T05:33:49.548+0000] {processor.py:157} INFO - Started process (PID=654) to work on /opt/airflow/dags/assignment_spark_dag.py
[2023-12-16T05:33:49.549+0000] {processor.py:829} INFO - Processing file /opt/airflow/dags/assignment_spark_dag.py for tasks to queue
[2023-12-16T05:33:49.551+0000] {logging_mixin.py:151} INFO - [2023-12-16T05:33:49.551+0000] {dagbag.py:539} INFO - Filling up the DagBag from /opt/airflow/dags/assignment_spark_dag.py
[2023-12-16T05:33:49.618+0000] {processor.py:839} INFO - DAG(s) dict_keys(['assignment_spark_dag']) retrieved from /opt/airflow/dags/assignment_spark_dag.py
[2023-12-16T05:33:49.639+0000] {logging_mixin.py:151} INFO - [2023-12-16T05:33:49.638+0000] {dag.py:2915} INFO - Sync 1 DAGs
[2023-12-16T05:33:49.649+0000] {logging_mixin.py:151} INFO - [2023-12-16T05:33:49.649+0000] {dag.py:3696} INFO - Setting next_dagrun for assignment_spark_dag to None, run_after=None
[2023-12-16T05:33:49.665+0000] {processor.py:179} INFO - Processing /opt/airflow/dags/assignment_spark_dag.py took 0.119 seconds
[2023-12-16T05:34:19.830+0000] {processor.py:157} INFO - Started process (PID=664) to work on /opt/airflow/dags/assignment_spark_dag.py
[2023-12-16T05:34:19.830+0000] {processor.py:829} INFO - Processing file /opt/airflow/dags/assignment_spark_dag.py for tasks to queue
[2023-12-16T05:34:19.832+0000] {logging_mixin.py:151} INFO - [2023-12-16T05:34:19.832+0000] {dagbag.py:539} INFO - Filling up the DagBag from /opt/airflow/dags/assignment_spark_dag.py
[2023-12-16T05:34:19.894+0000] {processor.py:839} INFO - DAG(s) dict_keys(['assignment_spark_dag']) retrieved from /opt/airflow/dags/assignment_spark_dag.py
[2023-12-16T05:34:19.915+0000] {logging_mixin.py:151} INFO - [2023-12-16T05:34:19.914+0000] {dag.py:2915} INFO - Sync 1 DAGs
[2023-12-16T05:34:19.926+0000] {logging_mixin.py:151} INFO - [2023-12-16T05:34:19.926+0000] {dag.py:3696} INFO - Setting next_dagrun for assignment_spark_dag to None, run_after=None
[2023-12-16T05:34:19.948+0000] {processor.py:179} INFO - Processing /opt/airflow/dags/assignment_spark_dag.py took 0.121 seconds
[2023-12-16T05:34:50.102+0000] {processor.py:157} INFO - Started process (PID=674) to work on /opt/airflow/dags/assignment_spark_dag.py
[2023-12-16T05:34:50.103+0000] {processor.py:829} INFO - Processing file /opt/airflow/dags/assignment_spark_dag.py for tasks to queue
[2023-12-16T05:34:50.105+0000] {logging_mixin.py:151} INFO - [2023-12-16T05:34:50.104+0000] {dagbag.py:539} INFO - Filling up the DagBag from /opt/airflow/dags/assignment_spark_dag.py
[2023-12-16T05:34:50.161+0000] {processor.py:839} INFO - DAG(s) dict_keys(['assignment_spark_dag']) retrieved from /opt/airflow/dags/assignment_spark_dag.py
[2023-12-16T05:34:50.180+0000] {logging_mixin.py:151} INFO - [2023-12-16T05:34:50.179+0000] {dag.py:2915} INFO - Sync 1 DAGs
[2023-12-16T05:34:50.191+0000] {logging_mixin.py:151} INFO - [2023-12-16T05:34:50.191+0000] {dag.py:3696} INFO - Setting next_dagrun for assignment_spark_dag to None, run_after=None
[2023-12-16T05:34:50.208+0000] {processor.py:179} INFO - Processing /opt/airflow/dags/assignment_spark_dag.py took 0.107 seconds
[2023-12-16T05:35:20.370+0000] {processor.py:157} INFO - Started process (PID=684) to work on /opt/airflow/dags/assignment_spark_dag.py
[2023-12-16T05:35:20.371+0000] {processor.py:829} INFO - Processing file /opt/airflow/dags/assignment_spark_dag.py for tasks to queue
[2023-12-16T05:35:20.373+0000] {logging_mixin.py:151} INFO - [2023-12-16T05:35:20.373+0000] {dagbag.py:539} INFO - Filling up the DagBag from /opt/airflow/dags/assignment_spark_dag.py
[2023-12-16T05:35:20.426+0000] {processor.py:839} INFO - DAG(s) dict_keys(['assignment_spark_dag']) retrieved from /opt/airflow/dags/assignment_spark_dag.py
[2023-12-16T05:35:20.447+0000] {logging_mixin.py:151} INFO - [2023-12-16T05:35:20.446+0000] {dag.py:2915} INFO - Sync 1 DAGs
[2023-12-16T05:35:20.457+0000] {logging_mixin.py:151} INFO - [2023-12-16T05:35:20.457+0000] {dag.py:3696} INFO - Setting next_dagrun for assignment_spark_dag to None, run_after=None
[2023-12-16T05:35:20.474+0000] {processor.py:179} INFO - Processing /opt/airflow/dags/assignment_spark_dag.py took 0.106 seconds
[2023-12-16T05:35:50.645+0000] {processor.py:157} INFO - Started process (PID=694) to work on /opt/airflow/dags/assignment_spark_dag.py
[2023-12-16T05:35:50.646+0000] {processor.py:829} INFO - Processing file /opt/airflow/dags/assignment_spark_dag.py for tasks to queue
[2023-12-16T05:35:50.648+0000] {logging_mixin.py:151} INFO - [2023-12-16T05:35:50.648+0000] {dagbag.py:539} INFO - Filling up the DagBag from /opt/airflow/dags/assignment_spark_dag.py
[2023-12-16T05:35:50.711+0000] {processor.py:839} INFO - DAG(s) dict_keys(['assignment_spark_dag']) retrieved from /opt/airflow/dags/assignment_spark_dag.py
[2023-12-16T05:35:50.734+0000] {logging_mixin.py:151} INFO - [2023-12-16T05:35:50.733+0000] {dag.py:2915} INFO - Sync 1 DAGs
[2023-12-16T05:35:50.745+0000] {logging_mixin.py:151} INFO - [2023-12-16T05:35:50.745+0000] {dag.py:3696} INFO - Setting next_dagrun for assignment_spark_dag to None, run_after=None
[2023-12-16T05:35:50.763+0000] {processor.py:179} INFO - Processing /opt/airflow/dags/assignment_spark_dag.py took 0.120 seconds
[2023-12-16T05:36:15.907+0000] {processor.py:157} INFO - Started process (PID=704) to work on /opt/airflow/dags/assignment_spark_dag.py
[2023-12-16T05:36:15.908+0000] {processor.py:829} INFO - Processing file /opt/airflow/dags/assignment_spark_dag.py for tasks to queue
[2023-12-16T05:36:15.909+0000] {logging_mixin.py:151} INFO - [2023-12-16T05:36:15.909+0000] {dagbag.py:539} INFO - Filling up the DagBag from /opt/airflow/dags/assignment_spark_dag.py
[2023-12-16T05:36:15.978+0000] {processor.py:839} INFO - DAG(s) dict_keys(['assignment_spark_dag']) retrieved from /opt/airflow/dags/assignment_spark_dag.py
[2023-12-16T05:36:16.118+0000] {logging_mixin.py:151} INFO - [2023-12-16T05:36:16.118+0000] {security.py:708} INFO - Not syncing DAG-level permissions for DAG 'DAG:assignment_spark_dag' as access control is unset.
[2023-12-16T05:36:16.119+0000] {logging_mixin.py:151} INFO - [2023-12-16T05:36:16.119+0000] {dag.py:2915} INFO - Sync 1 DAGs
[2023-12-16T05:36:16.128+0000] {logging_mixin.py:151} INFO - [2023-12-16T05:36:16.127+0000] {dag.py:3696} INFO - Setting next_dagrun for assignment_spark_dag to None, run_after=None
[2023-12-16T05:36:16.155+0000] {processor.py:179} INFO - Processing /opt/airflow/dags/assignment_spark_dag.py took 0.249 seconds
[2023-12-16T05:36:46.195+0000] {processor.py:157} INFO - Started process (PID=898) to work on /opt/airflow/dags/assignment_spark_dag.py
[2023-12-16T05:36:46.196+0000] {processor.py:829} INFO - Processing file /opt/airflow/dags/assignment_spark_dag.py for tasks to queue
[2023-12-16T05:36:46.198+0000] {logging_mixin.py:151} INFO - [2023-12-16T05:36:46.198+0000] {dagbag.py:539} INFO - Filling up the DagBag from /opt/airflow/dags/assignment_spark_dag.py
[2023-12-16T05:36:46.276+0000] {processor.py:839} INFO - DAG(s) dict_keys(['assignment_spark_dag']) retrieved from /opt/airflow/dags/assignment_spark_dag.py
[2023-12-16T05:36:46.325+0000] {logging_mixin.py:151} INFO - [2023-12-16T05:36:46.325+0000] {dag.py:2915} INFO - Sync 1 DAGs
[2023-12-16T05:36:46.337+0000] {logging_mixin.py:151} INFO - [2023-12-16T05:36:46.337+0000] {dag.py:3696} INFO - Setting next_dagrun for assignment_spark_dag to None, run_after=None
[2023-12-16T05:36:46.361+0000] {processor.py:179} INFO - Processing /opt/airflow/dags/assignment_spark_dag.py took 0.169 seconds
[2023-12-16T05:37:16.440+0000] {processor.py:157} INFO - Started process (PID=1099) to work on /opt/airflow/dags/assignment_spark_dag.py
[2023-12-16T05:37:16.441+0000] {processor.py:829} INFO - Processing file /opt/airflow/dags/assignment_spark_dag.py for tasks to queue
[2023-12-16T05:37:16.443+0000] {logging_mixin.py:151} INFO - [2023-12-16T05:37:16.442+0000] {dagbag.py:539} INFO - Filling up the DagBag from /opt/airflow/dags/assignment_spark_dag.py
[2023-12-16T05:37:16.502+0000] {processor.py:839} INFO - DAG(s) dict_keys(['assignment_spark_dag']) retrieved from /opt/airflow/dags/assignment_spark_dag.py
[2023-12-16T05:37:16.524+0000] {logging_mixin.py:151} INFO - [2023-12-16T05:37:16.524+0000] {dag.py:2915} INFO - Sync 1 DAGs
[2023-12-16T05:37:16.542+0000] {logging_mixin.py:151} INFO - [2023-12-16T05:37:16.542+0000] {dag.py:3696} INFO - Setting next_dagrun for assignment_spark_dag to None, run_after=None
[2023-12-16T05:37:16.575+0000] {processor.py:179} INFO - Processing /opt/airflow/dags/assignment_spark_dag.py took 0.137 seconds
[2023-12-16T05:37:31.551+0000] {processor.py:157} INFO - Started process (PID=1109) to work on /opt/airflow/dags/assignment_spark_dag.py
[2023-12-16T05:37:31.551+0000] {processor.py:829} INFO - Processing file /opt/airflow/dags/assignment_spark_dag.py for tasks to queue
[2023-12-16T05:37:31.553+0000] {logging_mixin.py:151} INFO - [2023-12-16T05:37:31.553+0000] {dagbag.py:539} INFO - Filling up the DagBag from /opt/airflow/dags/assignment_spark_dag.py
[2023-12-16T05:37:31.614+0000] {processor.py:839} INFO - DAG(s) dict_keys(['assignment_spark_dag']) retrieved from /opt/airflow/dags/assignment_spark_dag.py
[2023-12-16T05:37:31.697+0000] {logging_mixin.py:151} INFO - [2023-12-16T05:37:31.697+0000] {security.py:708} INFO - Not syncing DAG-level permissions for DAG 'DAG:assignment_spark_dag' as access control is unset.
[2023-12-16T05:37:31.697+0000] {logging_mixin.py:151} INFO - [2023-12-16T05:37:31.697+0000] {dag.py:2915} INFO - Sync 1 DAGs
[2023-12-16T05:37:31.709+0000] {logging_mixin.py:151} INFO - [2023-12-16T05:37:31.709+0000] {dag.py:3696} INFO - Setting next_dagrun for assignment_spark_dag to None, run_after=None
[2023-12-16T05:37:31.731+0000] {processor.py:179} INFO - Processing /opt/airflow/dags/assignment_spark_dag.py took 0.183 seconds
[2023-12-16T05:38:01.790+0000] {processor.py:157} INFO - Started process (PID=1512) to work on /opt/airflow/dags/assignment_spark_dag.py
[2023-12-16T05:38:01.791+0000] {processor.py:829} INFO - Processing file /opt/airflow/dags/assignment_spark_dag.py for tasks to queue
[2023-12-16T05:38:01.792+0000] {logging_mixin.py:151} INFO - [2023-12-16T05:38:01.792+0000] {dagbag.py:539} INFO - Filling up the DagBag from /opt/airflow/dags/assignment_spark_dag.py
[2023-12-16T05:38:01.854+0000] {processor.py:839} INFO - DAG(s) dict_keys(['assignment_spark_dag']) retrieved from /opt/airflow/dags/assignment_spark_dag.py
[2023-12-16T05:38:01.878+0000] {logging_mixin.py:151} INFO - [2023-12-16T05:38:01.877+0000] {dag.py:2915} INFO - Sync 1 DAGs
[2023-12-16T05:38:01.889+0000] {logging_mixin.py:151} INFO - [2023-12-16T05:38:01.889+0000] {dag.py:3696} INFO - Setting next_dagrun for assignment_spark_dag to None, run_after=None
[2023-12-16T05:38:01.910+0000] {processor.py:179} INFO - Processing /opt/airflow/dags/assignment_spark_dag.py took 0.123 seconds
[2023-12-16T05:38:32.077+0000] {processor.py:157} INFO - Started process (PID=1522) to work on /opt/airflow/dags/assignment_spark_dag.py
[2023-12-16T05:38:32.078+0000] {processor.py:829} INFO - Processing file /opt/airflow/dags/assignment_spark_dag.py for tasks to queue
[2023-12-16T05:38:32.079+0000] {logging_mixin.py:151} INFO - [2023-12-16T05:38:32.079+0000] {dagbag.py:539} INFO - Filling up the DagBag from /opt/airflow/dags/assignment_spark_dag.py
[2023-12-16T05:38:32.137+0000] {processor.py:839} INFO - DAG(s) dict_keys(['assignment_spark_dag']) retrieved from /opt/airflow/dags/assignment_spark_dag.py
[2023-12-16T05:38:32.158+0000] {logging_mixin.py:151} INFO - [2023-12-16T05:38:32.158+0000] {dag.py:2915} INFO - Sync 1 DAGs
[2023-12-16T05:38:32.170+0000] {logging_mixin.py:151} INFO - [2023-12-16T05:38:32.169+0000] {dag.py:3696} INFO - Setting next_dagrun for assignment_spark_dag to None, run_after=None
[2023-12-16T05:38:32.189+0000] {processor.py:179} INFO - Processing /opt/airflow/dags/assignment_spark_dag.py took 0.115 seconds
[2023-12-16T05:39:02.373+0000] {processor.py:157} INFO - Started process (PID=1532) to work on /opt/airflow/dags/assignment_spark_dag.py
[2023-12-16T05:39:02.374+0000] {processor.py:829} INFO - Processing file /opt/airflow/dags/assignment_spark_dag.py for tasks to queue
[2023-12-16T05:39:02.375+0000] {logging_mixin.py:151} INFO - [2023-12-16T05:39:02.375+0000] {dagbag.py:539} INFO - Filling up the DagBag from /opt/airflow/dags/assignment_spark_dag.py
[2023-12-16T05:39:02.444+0000] {processor.py:839} INFO - DAG(s) dict_keys(['assignment_spark_dag']) retrieved from /opt/airflow/dags/assignment_spark_dag.py
[2023-12-16T05:39:02.464+0000] {logging_mixin.py:151} INFO - [2023-12-16T05:39:02.464+0000] {dag.py:2915} INFO - Sync 1 DAGs
[2023-12-16T05:39:02.474+0000] {logging_mixin.py:151} INFO - [2023-12-16T05:39:02.474+0000] {dag.py:3696} INFO - Setting next_dagrun for assignment_spark_dag to None, run_after=None
[2023-12-16T05:39:02.494+0000] {processor.py:179} INFO - Processing /opt/airflow/dags/assignment_spark_dag.py took 0.124 seconds
[2023-12-16T05:39:32.683+0000] {processor.py:157} INFO - Started process (PID=1542) to work on /opt/airflow/dags/assignment_spark_dag.py
[2023-12-16T05:39:32.684+0000] {processor.py:829} INFO - Processing file /opt/airflow/dags/assignment_spark_dag.py for tasks to queue
[2023-12-16T05:39:32.686+0000] {logging_mixin.py:151} INFO - [2023-12-16T05:39:32.686+0000] {dagbag.py:539} INFO - Filling up the DagBag from /opt/airflow/dags/assignment_spark_dag.py
[2023-12-16T05:39:32.750+0000] {processor.py:839} INFO - DAG(s) dict_keys(['assignment_spark_dag']) retrieved from /opt/airflow/dags/assignment_spark_dag.py
[2023-12-16T05:39:32.770+0000] {logging_mixin.py:151} INFO - [2023-12-16T05:39:32.769+0000] {dag.py:2915} INFO - Sync 1 DAGs
[2023-12-16T05:39:32.781+0000] {logging_mixin.py:151} INFO - [2023-12-16T05:39:32.781+0000] {dag.py:3696} INFO - Setting next_dagrun for assignment_spark_dag to None, run_after=None
[2023-12-16T05:39:32.800+0000] {processor.py:179} INFO - Processing /opt/airflow/dags/assignment_spark_dag.py took 0.119 seconds
[2023-12-16T05:39:41.793+0000] {processor.py:157} INFO - Started process (PID=1547) to work on /opt/airflow/dags/assignment_spark_dag.py
[2023-12-16T05:39:41.794+0000] {processor.py:829} INFO - Processing file /opt/airflow/dags/assignment_spark_dag.py for tasks to queue
[2023-12-16T05:39:41.796+0000] {logging_mixin.py:151} INFO - [2023-12-16T05:39:41.796+0000] {dagbag.py:539} INFO - Filling up the DagBag from /opt/airflow/dags/assignment_spark_dag.py
[2023-12-16T05:39:41.866+0000] {processor.py:839} INFO - DAG(s) dict_keys(['assignment_spark_dag']) retrieved from /opt/airflow/dags/assignment_spark_dag.py
[2023-12-16T05:39:41.965+0000] {logging_mixin.py:151} INFO - [2023-12-16T05:39:41.965+0000] {security.py:708} INFO - Not syncing DAG-level permissions for DAG 'DAG:assignment_spark_dag' as access control is unset.
[2023-12-16T05:39:41.966+0000] {logging_mixin.py:151} INFO - [2023-12-16T05:39:41.966+0000] {dag.py:2915} INFO - Sync 1 DAGs
[2023-12-16T05:39:41.977+0000] {logging_mixin.py:151} INFO - [2023-12-16T05:39:41.977+0000] {dag.py:3696} INFO - Setting next_dagrun for assignment_spark_dag to None, run_after=None
[2023-12-16T05:39:42.006+0000] {processor.py:179} INFO - Processing /opt/airflow/dags/assignment_spark_dag.py took 0.215 seconds
[2023-12-16T05:40:12.051+0000] {processor.py:157} INFO - Started process (PID=1560) to work on /opt/airflow/dags/assignment_spark_dag.py
[2023-12-16T05:40:12.052+0000] {processor.py:829} INFO - Processing file /opt/airflow/dags/assignment_spark_dag.py for tasks to queue
[2023-12-16T05:40:12.054+0000] {logging_mixin.py:151} INFO - [2023-12-16T05:40:12.053+0000] {dagbag.py:539} INFO - Filling up the DagBag from /opt/airflow/dags/assignment_spark_dag.py
[2023-12-16T05:40:12.117+0000] {processor.py:839} INFO - DAG(s) dict_keys(['assignment_spark_dag']) retrieved from /opt/airflow/dags/assignment_spark_dag.py
[2023-12-16T05:40:12.137+0000] {logging_mixin.py:151} INFO - [2023-12-16T05:40:12.137+0000] {dag.py:2915} INFO - Sync 1 DAGs
[2023-12-16T05:40:12.149+0000] {logging_mixin.py:151} INFO - [2023-12-16T05:40:12.149+0000] {dag.py:3696} INFO - Setting next_dagrun for assignment_spark_dag to None, run_after=None
[2023-12-16T05:40:12.168+0000] {processor.py:179} INFO - Processing /opt/airflow/dags/assignment_spark_dag.py took 0.119 seconds
[2023-12-16T05:40:42.350+0000] {processor.py:157} INFO - Started process (PID=1573) to work on /opt/airflow/dags/assignment_spark_dag.py
[2023-12-16T05:40:42.350+0000] {processor.py:829} INFO - Processing file /opt/airflow/dags/assignment_spark_dag.py for tasks to queue
[2023-12-16T05:40:42.352+0000] {logging_mixin.py:151} INFO - [2023-12-16T05:40:42.351+0000] {dagbag.py:539} INFO - Filling up the DagBag from /opt/airflow/dags/assignment_spark_dag.py
[2023-12-16T05:40:42.404+0000] {processor.py:839} INFO - DAG(s) dict_keys(['assignment_spark_dag']) retrieved from /opt/airflow/dags/assignment_spark_dag.py
[2023-12-16T05:40:42.423+0000] {logging_mixin.py:151} INFO - [2023-12-16T05:40:42.423+0000] {dag.py:2915} INFO - Sync 1 DAGs
[2023-12-16T05:40:42.434+0000] {logging_mixin.py:151} INFO - [2023-12-16T05:40:42.434+0000] {dag.py:3696} INFO - Setting next_dagrun for assignment_spark_dag to None, run_after=None
[2023-12-16T05:40:42.450+0000] {processor.py:179} INFO - Processing /opt/airflow/dags/assignment_spark_dag.py took 0.103 seconds
[2023-12-16T05:40:57.471+0000] {processor.py:157} INFO - Started process (PID=1583) to work on /opt/airflow/dags/assignment_spark_dag.py
[2023-12-16T05:40:57.472+0000] {processor.py:829} INFO - Processing file /opt/airflow/dags/assignment_spark_dag.py for tasks to queue
[2023-12-16T05:40:57.474+0000] {logging_mixin.py:151} INFO - [2023-12-16T05:40:57.474+0000] {dagbag.py:539} INFO - Filling up the DagBag from /opt/airflow/dags/assignment_spark_dag.py
[2023-12-16T05:40:57.541+0000] {processor.py:839} INFO - DAG(s) dict_keys(['assignment_spark_dag']) retrieved from /opt/airflow/dags/assignment_spark_dag.py
[2023-12-16T05:40:57.621+0000] {logging_mixin.py:151} INFO - [2023-12-16T05:40:57.621+0000] {security.py:708} INFO - Not syncing DAG-level permissions for DAG 'DAG:assignment_spark_dag' as access control is unset.
[2023-12-16T05:40:57.622+0000] {logging_mixin.py:151} INFO - [2023-12-16T05:40:57.622+0000] {dag.py:2915} INFO - Sync 1 DAGs
[2023-12-16T05:40:57.630+0000] {logging_mixin.py:151} INFO - [2023-12-16T05:40:57.630+0000] {dag.py:3696} INFO - Setting next_dagrun for assignment_spark_dag to None, run_after=None
[2023-12-16T05:40:57.653+0000] {processor.py:179} INFO - Processing /opt/airflow/dags/assignment_spark_dag.py took 0.183 seconds
[2023-12-16T05:41:27.711+0000] {processor.py:157} INFO - Started process (PID=1781) to work on /opt/airflow/dags/assignment_spark_dag.py
[2023-12-16T05:41:27.712+0000] {processor.py:829} INFO - Processing file /opt/airflow/dags/assignment_spark_dag.py for tasks to queue
[2023-12-16T05:41:27.714+0000] {logging_mixin.py:151} INFO - [2023-12-16T05:41:27.714+0000] {dagbag.py:539} INFO - Filling up the DagBag from /opt/airflow/dags/assignment_spark_dag.py
[2023-12-16T05:41:27.767+0000] {processor.py:839} INFO - DAG(s) dict_keys(['assignment_spark_dag']) retrieved from /opt/airflow/dags/assignment_spark_dag.py
[2023-12-16T05:41:27.788+0000] {logging_mixin.py:151} INFO - [2023-12-16T05:41:27.788+0000] {dag.py:2915} INFO - Sync 1 DAGs
[2023-12-16T05:41:27.798+0000] {logging_mixin.py:151} INFO - [2023-12-16T05:41:27.798+0000] {dag.py:3696} INFO - Setting next_dagrun for assignment_spark_dag to None, run_after=None
[2023-12-16T05:41:27.815+0000] {processor.py:179} INFO - Processing /opt/airflow/dags/assignment_spark_dag.py took 0.106 seconds
[2023-12-16T05:41:57.979+0000] {processor.py:157} INFO - Started process (PID=1976) to work on /opt/airflow/dags/assignment_spark_dag.py
[2023-12-16T05:41:57.980+0000] {processor.py:829} INFO - Processing file /opt/airflow/dags/assignment_spark_dag.py for tasks to queue
[2023-12-16T05:41:57.982+0000] {logging_mixin.py:151} INFO - [2023-12-16T05:41:57.982+0000] {dagbag.py:539} INFO - Filling up the DagBag from /opt/airflow/dags/assignment_spark_dag.py
[2023-12-16T05:41:58.053+0000] {processor.py:839} INFO - DAG(s) dict_keys(['assignment_spark_dag']) retrieved from /opt/airflow/dags/assignment_spark_dag.py
[2023-12-16T05:41:58.074+0000] {logging_mixin.py:151} INFO - [2023-12-16T05:41:58.074+0000] {dag.py:2915} INFO - Sync 1 DAGs
[2023-12-16T05:41:58.085+0000] {logging_mixin.py:151} INFO - [2023-12-16T05:41:58.085+0000] {dag.py:3696} INFO - Setting next_dagrun for assignment_spark_dag to None, run_after=None
[2023-12-16T05:41:58.107+0000] {processor.py:179} INFO - Processing /opt/airflow/dags/assignment_spark_dag.py took 0.130 seconds
[2023-12-16T05:42:10.126+0000] {processor.py:157} INFO - Started process (PID=1981) to work on /opt/airflow/dags/assignment_spark_dag.py
[2023-12-16T05:42:10.127+0000] {processor.py:829} INFO - Processing file /opt/airflow/dags/assignment_spark_dag.py for tasks to queue
[2023-12-16T05:42:10.129+0000] {logging_mixin.py:151} INFO - [2023-12-16T05:42:10.128+0000] {dagbag.py:539} INFO - Filling up the DagBag from /opt/airflow/dags/assignment_spark_dag.py
[2023-12-16T05:42:10.188+0000] {processor.py:839} INFO - DAG(s) dict_keys(['assignment_spark_dag']) retrieved from /opt/airflow/dags/assignment_spark_dag.py
[2023-12-16T05:42:10.262+0000] {logging_mixin.py:151} INFO - [2023-12-16T05:42:10.262+0000] {security.py:708} INFO - Not syncing DAG-level permissions for DAG 'DAG:assignment_spark_dag' as access control is unset.
[2023-12-16T05:42:10.262+0000] {logging_mixin.py:151} INFO - [2023-12-16T05:42:10.262+0000] {dag.py:2915} INFO - Sync 1 DAGs
[2023-12-16T05:42:10.270+0000] {logging_mixin.py:151} INFO - [2023-12-16T05:42:10.270+0000] {dag.py:3696} INFO - Setting next_dagrun for assignment_spark_dag to None, run_after=None
[2023-12-16T05:42:10.291+0000] {processor.py:179} INFO - Processing /opt/airflow/dags/assignment_spark_dag.py took 0.167 seconds
[2023-12-16T05:42:33.322+0000] {processor.py:157} INFO - Started process (PID=1991) to work on /opt/airflow/dags/assignment_spark_dag.py
[2023-12-16T05:42:33.322+0000] {processor.py:829} INFO - Processing file /opt/airflow/dags/assignment_spark_dag.py for tasks to queue
[2023-12-16T05:42:33.324+0000] {logging_mixin.py:151} INFO - [2023-12-16T05:42:33.324+0000] {dagbag.py:539} INFO - Filling up the DagBag from /opt/airflow/dags/assignment_spark_dag.py
[2023-12-16T05:42:33.381+0000] {processor.py:839} INFO - DAG(s) dict_keys(['assignment_spark_dag']) retrieved from /opt/airflow/dags/assignment_spark_dag.py
[2023-12-16T05:42:33.390+0000] {logging_mixin.py:151} INFO - [2023-12-16T05:42:33.390+0000] {dag.py:2915} INFO - Sync 1 DAGs
[2023-12-16T05:42:33.399+0000] {logging_mixin.py:151} INFO - [2023-12-16T05:42:33.399+0000] {dag.py:3696} INFO - Setting next_dagrun for assignment_spark_dag to None, run_after=None
[2023-12-16T05:42:33.418+0000] {processor.py:179} INFO - Processing /opt/airflow/dags/assignment_spark_dag.py took 0.098 seconds
[2023-12-16T05:43:03.649+0000] {processor.py:157} INFO - Started process (PID=2406) to work on /opt/airflow/dags/assignment_spark_dag.py
[2023-12-16T05:43:03.650+0000] {processor.py:829} INFO - Processing file /opt/airflow/dags/assignment_spark_dag.py for tasks to queue
[2023-12-16T05:43:03.652+0000] {logging_mixin.py:151} INFO - [2023-12-16T05:43:03.652+0000] {dagbag.py:539} INFO - Filling up the DagBag from /opt/airflow/dags/assignment_spark_dag.py
[2023-12-16T05:43:03.707+0000] {processor.py:839} INFO - DAG(s) dict_keys(['assignment_spark_dag']) retrieved from /opt/airflow/dags/assignment_spark_dag.py
[2023-12-16T05:43:03.787+0000] {logging_mixin.py:151} INFO - [2023-12-16T05:43:03.787+0000] {security.py:708} INFO - Not syncing DAG-level permissions for DAG 'DAG:assignment_spark_dag' as access control is unset.
[2023-12-16T05:43:03.788+0000] {logging_mixin.py:151} INFO - [2023-12-16T05:43:03.788+0000] {dag.py:2915} INFO - Sync 1 DAGs
[2023-12-16T05:43:03.797+0000] {logging_mixin.py:151} INFO - [2023-12-16T05:43:03.797+0000] {dag.py:3696} INFO - Setting next_dagrun for assignment_spark_dag to None, run_after=None
[2023-12-16T05:43:03.815+0000] {processor.py:179} INFO - Processing /opt/airflow/dags/assignment_spark_dag.py took 0.168 seconds
[2023-12-16T05:43:33.989+0000] {processor.py:157} INFO - Started process (PID=2416) to work on /opt/airflow/dags/assignment_spark_dag.py
[2023-12-16T05:43:33.990+0000] {processor.py:829} INFO - Processing file /opt/airflow/dags/assignment_spark_dag.py for tasks to queue
[2023-12-16T05:43:33.991+0000] {logging_mixin.py:151} INFO - [2023-12-16T05:43:33.991+0000] {dagbag.py:539} INFO - Filling up the DagBag from /opt/airflow/dags/assignment_spark_dag.py
[2023-12-16T05:43:34.049+0000] {processor.py:839} INFO - DAG(s) dict_keys(['assignment_spark_dag']) retrieved from /opt/airflow/dags/assignment_spark_dag.py
[2023-12-16T05:43:34.068+0000] {logging_mixin.py:151} INFO - [2023-12-16T05:43:34.067+0000] {dag.py:2915} INFO - Sync 1 DAGs
[2023-12-16T05:43:34.078+0000] {logging_mixin.py:151} INFO - [2023-12-16T05:43:34.078+0000] {dag.py:3696} INFO - Setting next_dagrun for assignment_spark_dag to None, run_after=None
[2023-12-16T05:43:34.096+0000] {processor.py:179} INFO - Processing /opt/airflow/dags/assignment_spark_dag.py took 0.109 seconds
[2023-12-16T05:44:04.274+0000] {processor.py:157} INFO - Started process (PID=2426) to work on /opt/airflow/dags/assignment_spark_dag.py
[2023-12-16T05:44:04.275+0000] {processor.py:829} INFO - Processing file /opt/airflow/dags/assignment_spark_dag.py for tasks to queue
[2023-12-16T05:44:04.276+0000] {logging_mixin.py:151} INFO - [2023-12-16T05:44:04.276+0000] {dagbag.py:539} INFO - Filling up the DagBag from /opt/airflow/dags/assignment_spark_dag.py
[2023-12-16T05:44:04.332+0000] {processor.py:839} INFO - DAG(s) dict_keys(['assignment_spark_dag']) retrieved from /opt/airflow/dags/assignment_spark_dag.py
[2023-12-16T05:44:04.352+0000] {logging_mixin.py:151} INFO - [2023-12-16T05:44:04.352+0000] {dag.py:2915} INFO - Sync 1 DAGs
[2023-12-16T05:44:04.362+0000] {logging_mixin.py:151} INFO - [2023-12-16T05:44:04.362+0000] {dag.py:3696} INFO - Setting next_dagrun for assignment_spark_dag to None, run_after=None
[2023-12-16T05:44:04.378+0000] {processor.py:179} INFO - Processing /opt/airflow/dags/assignment_spark_dag.py took 0.106 seconds
[2023-12-16T05:44:34.563+0000] {processor.py:157} INFO - Started process (PID=2436) to work on /opt/airflow/dags/assignment_spark_dag.py
[2023-12-16T05:44:34.564+0000] {processor.py:829} INFO - Processing file /opt/airflow/dags/assignment_spark_dag.py for tasks to queue
[2023-12-16T05:44:34.565+0000] {logging_mixin.py:151} INFO - [2023-12-16T05:44:34.565+0000] {dagbag.py:539} INFO - Filling up the DagBag from /opt/airflow/dags/assignment_spark_dag.py
[2023-12-16T05:44:34.629+0000] {processor.py:839} INFO - DAG(s) dict_keys(['assignment_spark_dag']) retrieved from /opt/airflow/dags/assignment_spark_dag.py
[2023-12-16T05:44:34.651+0000] {logging_mixin.py:151} INFO - [2023-12-16T05:44:34.651+0000] {dag.py:2915} INFO - Sync 1 DAGs
[2023-12-16T05:44:34.663+0000] {logging_mixin.py:151} INFO - [2023-12-16T05:44:34.662+0000] {dag.py:3696} INFO - Setting next_dagrun for assignment_spark_dag to None, run_after=None
[2023-12-16T05:44:34.685+0000] {processor.py:179} INFO - Processing /opt/airflow/dags/assignment_spark_dag.py took 0.124 seconds
[2023-12-16T05:45:04.750+0000] {processor.py:157} INFO - Started process (PID=2446) to work on /opt/airflow/dags/assignment_spark_dag.py
[2023-12-16T05:45:04.751+0000] {processor.py:829} INFO - Processing file /opt/airflow/dags/assignment_spark_dag.py for tasks to queue
[2023-12-16T05:45:04.752+0000] {logging_mixin.py:151} INFO - [2023-12-16T05:45:04.752+0000] {dagbag.py:539} INFO - Filling up the DagBag from /opt/airflow/dags/assignment_spark_dag.py
[2023-12-16T05:45:04.804+0000] {processor.py:839} INFO - DAG(s) dict_keys(['assignment_spark_dag']) retrieved from /opt/airflow/dags/assignment_spark_dag.py
[2023-12-16T05:45:04.821+0000] {logging_mixin.py:151} INFO - [2023-12-16T05:45:04.821+0000] {dag.py:2915} INFO - Sync 1 DAGs
[2023-12-16T05:45:04.830+0000] {logging_mixin.py:151} INFO - [2023-12-16T05:45:04.830+0000] {dag.py:3696} INFO - Setting next_dagrun for assignment_spark_dag to None, run_after=None
[2023-12-16T05:45:04.848+0000] {processor.py:179} INFO - Processing /opt/airflow/dags/assignment_spark_dag.py took 0.099 seconds
[2023-12-16T05:45:35.034+0000] {processor.py:157} INFO - Started process (PID=2456) to work on /opt/airflow/dags/assignment_spark_dag.py
[2023-12-16T05:45:35.034+0000] {processor.py:829} INFO - Processing file /opt/airflow/dags/assignment_spark_dag.py for tasks to queue
[2023-12-16T05:45:35.036+0000] {logging_mixin.py:151} INFO - [2023-12-16T05:45:35.036+0000] {dagbag.py:539} INFO - Filling up the DagBag from /opt/airflow/dags/assignment_spark_dag.py
[2023-12-16T05:45:35.098+0000] {processor.py:839} INFO - DAG(s) dict_keys(['assignment_spark_dag']) retrieved from /opt/airflow/dags/assignment_spark_dag.py
[2023-12-16T05:45:35.119+0000] {logging_mixin.py:151} INFO - [2023-12-16T05:45:35.119+0000] {dag.py:2915} INFO - Sync 1 DAGs
[2023-12-16T05:45:35.130+0000] {logging_mixin.py:151} INFO - [2023-12-16T05:45:35.129+0000] {dag.py:3696} INFO - Setting next_dagrun for assignment_spark_dag to None, run_after=None
[2023-12-16T05:45:35.158+0000] {processor.py:179} INFO - Processing /opt/airflow/dags/assignment_spark_dag.py took 0.127 seconds
[2023-12-16T05:46:05.341+0000] {processor.py:157} INFO - Started process (PID=2466) to work on /opt/airflow/dags/assignment_spark_dag.py
[2023-12-16T05:46:05.342+0000] {processor.py:829} INFO - Processing file /opt/airflow/dags/assignment_spark_dag.py for tasks to queue
[2023-12-16T05:46:05.344+0000] {logging_mixin.py:151} INFO - [2023-12-16T05:46:05.344+0000] {dagbag.py:539} INFO - Filling up the DagBag from /opt/airflow/dags/assignment_spark_dag.py
[2023-12-16T05:46:05.405+0000] {processor.py:839} INFO - DAG(s) dict_keys(['assignment_spark_dag']) retrieved from /opt/airflow/dags/assignment_spark_dag.py
[2023-12-16T05:46:05.427+0000] {logging_mixin.py:151} INFO - [2023-12-16T05:46:05.426+0000] {dag.py:2915} INFO - Sync 1 DAGs
[2023-12-16T05:46:05.439+0000] {logging_mixin.py:151} INFO - [2023-12-16T05:46:05.438+0000] {dag.py:3696} INFO - Setting next_dagrun for assignment_spark_dag to None, run_after=None
[2023-12-16T05:46:05.463+0000] {processor.py:179} INFO - Processing /opt/airflow/dags/assignment_spark_dag.py took 0.124 seconds
[2023-12-16T05:46:35.654+0000] {processor.py:157} INFO - Started process (PID=2476) to work on /opt/airflow/dags/assignment_spark_dag.py
[2023-12-16T05:46:35.655+0000] {processor.py:829} INFO - Processing file /opt/airflow/dags/assignment_spark_dag.py for tasks to queue
[2023-12-16T05:46:35.656+0000] {logging_mixin.py:151} INFO - [2023-12-16T05:46:35.656+0000] {dagbag.py:539} INFO - Filling up the DagBag from /opt/airflow/dags/assignment_spark_dag.py
[2023-12-16T05:46:35.711+0000] {processor.py:839} INFO - DAG(s) dict_keys(['assignment_spark_dag']) retrieved from /opt/airflow/dags/assignment_spark_dag.py
[2023-12-16T05:46:35.730+0000] {logging_mixin.py:151} INFO - [2023-12-16T05:46:35.729+0000] {dag.py:2915} INFO - Sync 1 DAGs
[2023-12-16T05:46:35.738+0000] {logging_mixin.py:151} INFO - [2023-12-16T05:46:35.738+0000] {dag.py:3696} INFO - Setting next_dagrun for assignment_spark_dag to None, run_after=None
[2023-12-16T05:46:35.758+0000] {processor.py:179} INFO - Processing /opt/airflow/dags/assignment_spark_dag.py took 0.106 seconds
[2023-12-16T05:47:05.853+0000] {processor.py:157} INFO - Started process (PID=2486) to work on /opt/airflow/dags/assignment_spark_dag.py
[2023-12-16T05:47:05.855+0000] {processor.py:829} INFO - Processing file /opt/airflow/dags/assignment_spark_dag.py for tasks to queue
[2023-12-16T05:47:05.857+0000] {logging_mixin.py:151} INFO - [2023-12-16T05:47:05.856+0000] {dagbag.py:539} INFO - Filling up the DagBag from /opt/airflow/dags/assignment_spark_dag.py
[2023-12-16T05:47:05.913+0000] {processor.py:839} INFO - DAG(s) dict_keys(['assignment_spark_dag']) retrieved from /opt/airflow/dags/assignment_spark_dag.py
[2023-12-16T05:47:05.934+0000] {logging_mixin.py:151} INFO - [2023-12-16T05:47:05.933+0000] {dag.py:2915} INFO - Sync 1 DAGs
[2023-12-16T05:47:05.945+0000] {logging_mixin.py:151} INFO - [2023-12-16T05:47:05.945+0000] {dag.py:3696} INFO - Setting next_dagrun for assignment_spark_dag to None, run_after=None
[2023-12-16T05:47:05.964+0000] {processor.py:179} INFO - Processing /opt/airflow/dags/assignment_spark_dag.py took 0.113 seconds
[2023-12-16T05:47:36.145+0000] {processor.py:157} INFO - Started process (PID=2496) to work on /opt/airflow/dags/assignment_spark_dag.py
[2023-12-16T05:47:36.146+0000] {processor.py:829} INFO - Processing file /opt/airflow/dags/assignment_spark_dag.py for tasks to queue
[2023-12-16T05:47:36.147+0000] {logging_mixin.py:151} INFO - [2023-12-16T05:47:36.147+0000] {dagbag.py:539} INFO - Filling up the DagBag from /opt/airflow/dags/assignment_spark_dag.py
[2023-12-16T05:47:36.208+0000] {processor.py:839} INFO - DAG(s) dict_keys(['assignment_spark_dag']) retrieved from /opt/airflow/dags/assignment_spark_dag.py
[2023-12-16T05:47:36.229+0000] {logging_mixin.py:151} INFO - [2023-12-16T05:47:36.229+0000] {dag.py:2915} INFO - Sync 1 DAGs
[2023-12-16T05:47:36.240+0000] {logging_mixin.py:151} INFO - [2023-12-16T05:47:36.240+0000] {dag.py:3696} INFO - Setting next_dagrun for assignment_spark_dag to None, run_after=None
[2023-12-16T05:47:36.258+0000] {processor.py:179} INFO - Processing /opt/airflow/dags/assignment_spark_dag.py took 0.115 seconds
[2023-12-16T05:48:06.447+0000] {processor.py:157} INFO - Started process (PID=2506) to work on /opt/airflow/dags/assignment_spark_dag.py
[2023-12-16T05:48:06.448+0000] {processor.py:829} INFO - Processing file /opt/airflow/dags/assignment_spark_dag.py for tasks to queue
[2023-12-16T05:48:06.450+0000] {logging_mixin.py:151} INFO - [2023-12-16T05:48:06.449+0000] {dagbag.py:539} INFO - Filling up the DagBag from /opt/airflow/dags/assignment_spark_dag.py
[2023-12-16T05:48:06.517+0000] {processor.py:839} INFO - DAG(s) dict_keys(['assignment_spark_dag']) retrieved from /opt/airflow/dags/assignment_spark_dag.py
[2023-12-16T05:48:06.538+0000] {logging_mixin.py:151} INFO - [2023-12-16T05:48:06.538+0000] {dag.py:2915} INFO - Sync 1 DAGs
[2023-12-16T05:48:06.549+0000] {logging_mixin.py:151} INFO - [2023-12-16T05:48:06.549+0000] {dag.py:3696} INFO - Setting next_dagrun for assignment_spark_dag to None, run_after=None
[2023-12-16T05:48:06.570+0000] {processor.py:179} INFO - Processing /opt/airflow/dags/assignment_spark_dag.py took 0.125 seconds
[2023-12-16T05:48:36.647+0000] {processor.py:157} INFO - Started process (PID=2516) to work on /opt/airflow/dags/assignment_spark_dag.py
[2023-12-16T05:48:36.648+0000] {processor.py:829} INFO - Processing file /opt/airflow/dags/assignment_spark_dag.py for tasks to queue
[2023-12-16T05:48:36.650+0000] {logging_mixin.py:151} INFO - [2023-12-16T05:48:36.650+0000] {dagbag.py:539} INFO - Filling up the DagBag from /opt/airflow/dags/assignment_spark_dag.py
[2023-12-16T05:48:36.716+0000] {processor.py:839} INFO - DAG(s) dict_keys(['assignment_spark_dag']) retrieved from /opt/airflow/dags/assignment_spark_dag.py
[2023-12-16T05:48:36.737+0000] {logging_mixin.py:151} INFO - [2023-12-16T05:48:36.736+0000] {dag.py:2915} INFO - Sync 1 DAGs
[2023-12-16T05:48:36.748+0000] {logging_mixin.py:151} INFO - [2023-12-16T05:48:36.748+0000] {dag.py:3696} INFO - Setting next_dagrun for assignment_spark_dag to None, run_after=None
[2023-12-16T05:48:36.767+0000] {processor.py:179} INFO - Processing /opt/airflow/dags/assignment_spark_dag.py took 0.123 seconds
[2023-12-16T05:49:06.941+0000] {processor.py:157} INFO - Started process (PID=2526) to work on /opt/airflow/dags/assignment_spark_dag.py
[2023-12-16T05:49:06.942+0000] {processor.py:829} INFO - Processing file /opt/airflow/dags/assignment_spark_dag.py for tasks to queue
[2023-12-16T05:49:06.943+0000] {logging_mixin.py:151} INFO - [2023-12-16T05:49:06.943+0000] {dagbag.py:539} INFO - Filling up the DagBag from /opt/airflow/dags/assignment_spark_dag.py
[2023-12-16T05:49:07.006+0000] {processor.py:839} INFO - DAG(s) dict_keys(['assignment_spark_dag']) retrieved from /opt/airflow/dags/assignment_spark_dag.py
[2023-12-16T05:49:07.028+0000] {logging_mixin.py:151} INFO - [2023-12-16T05:49:07.028+0000] {dag.py:2915} INFO - Sync 1 DAGs
[2023-12-16T05:49:07.039+0000] {logging_mixin.py:151} INFO - [2023-12-16T05:49:07.039+0000] {dag.py:3696} INFO - Setting next_dagrun for assignment_spark_dag to None, run_after=None
[2023-12-16T05:49:07.057+0000] {processor.py:179} INFO - Processing /opt/airflow/dags/assignment_spark_dag.py took 0.118 seconds
[2023-12-16T05:49:37.244+0000] {processor.py:157} INFO - Started process (PID=2536) to work on /opt/airflow/dags/assignment_spark_dag.py
[2023-12-16T05:49:37.244+0000] {processor.py:829} INFO - Processing file /opt/airflow/dags/assignment_spark_dag.py for tasks to queue
[2023-12-16T05:49:37.246+0000] {logging_mixin.py:151} INFO - [2023-12-16T05:49:37.245+0000] {dagbag.py:539} INFO - Filling up the DagBag from /opt/airflow/dags/assignment_spark_dag.py
[2023-12-16T05:49:37.308+0000] {processor.py:839} INFO - DAG(s) dict_keys(['assignment_spark_dag']) retrieved from /opt/airflow/dags/assignment_spark_dag.py
[2023-12-16T05:49:37.328+0000] {logging_mixin.py:151} INFO - [2023-12-16T05:49:37.328+0000] {dag.py:2915} INFO - Sync 1 DAGs
[2023-12-16T05:49:37.340+0000] {logging_mixin.py:151} INFO - [2023-12-16T05:49:37.339+0000] {dag.py:3696} INFO - Setting next_dagrun for assignment_spark_dag to None, run_after=None
[2023-12-16T05:49:37.358+0000] {processor.py:179} INFO - Processing /opt/airflow/dags/assignment_spark_dag.py took 0.116 seconds
[2023-12-16T05:50:07.448+0000] {processor.py:157} INFO - Started process (PID=2546) to work on /opt/airflow/dags/assignment_spark_dag.py
[2023-12-16T05:50:07.449+0000] {processor.py:829} INFO - Processing file /opt/airflow/dags/assignment_spark_dag.py for tasks to queue
[2023-12-16T05:50:07.450+0000] {logging_mixin.py:151} INFO - [2023-12-16T05:50:07.450+0000] {dagbag.py:539} INFO - Filling up the DagBag from /opt/airflow/dags/assignment_spark_dag.py
[2023-12-16T05:50:07.504+0000] {processor.py:839} INFO - DAG(s) dict_keys(['assignment_spark_dag']) retrieved from /opt/airflow/dags/assignment_spark_dag.py
[2023-12-16T05:50:07.523+0000] {logging_mixin.py:151} INFO - [2023-12-16T05:50:07.522+0000] {dag.py:2915} INFO - Sync 1 DAGs
[2023-12-16T05:50:07.532+0000] {logging_mixin.py:151} INFO - [2023-12-16T05:50:07.532+0000] {dag.py:3696} INFO - Setting next_dagrun for assignment_spark_dag to None, run_after=None
[2023-12-16T05:50:07.550+0000] {processor.py:179} INFO - Processing /opt/airflow/dags/assignment_spark_dag.py took 0.104 seconds
[2023-12-16T05:50:37.739+0000] {processor.py:157} INFO - Started process (PID=2556) to work on /opt/airflow/dags/assignment_spark_dag.py
[2023-12-16T05:50:37.740+0000] {processor.py:829} INFO - Processing file /opt/airflow/dags/assignment_spark_dag.py for tasks to queue
[2023-12-16T05:50:37.741+0000] {logging_mixin.py:151} INFO - [2023-12-16T05:50:37.741+0000] {dagbag.py:539} INFO - Filling up the DagBag from /opt/airflow/dags/assignment_spark_dag.py
[2023-12-16T05:50:37.804+0000] {processor.py:839} INFO - DAG(s) dict_keys(['assignment_spark_dag']) retrieved from /opt/airflow/dags/assignment_spark_dag.py
[2023-12-16T05:50:37.825+0000] {logging_mixin.py:151} INFO - [2023-12-16T05:50:37.824+0000] {dag.py:2915} INFO - Sync 1 DAGs
[2023-12-16T05:50:37.836+0000] {logging_mixin.py:151} INFO - [2023-12-16T05:50:37.836+0000] {dag.py:3696} INFO - Setting next_dagrun for assignment_spark_dag to None, run_after=None
[2023-12-16T05:50:37.855+0000] {processor.py:179} INFO - Processing /opt/airflow/dags/assignment_spark_dag.py took 0.118 seconds
[2023-12-16T05:51:08.056+0000] {processor.py:157} INFO - Started process (PID=2566) to work on /opt/airflow/dags/assignment_spark_dag.py
[2023-12-16T05:51:08.057+0000] {processor.py:829} INFO - Processing file /opt/airflow/dags/assignment_spark_dag.py for tasks to queue
[2023-12-16T05:51:08.059+0000] {logging_mixin.py:151} INFO - [2023-12-16T05:51:08.059+0000] {dagbag.py:539} INFO - Filling up the DagBag from /opt/airflow/dags/assignment_spark_dag.py
[2023-12-16T05:51:08.126+0000] {processor.py:839} INFO - DAG(s) dict_keys(['assignment_spark_dag']) retrieved from /opt/airflow/dags/assignment_spark_dag.py
[2023-12-16T05:51:08.146+0000] {logging_mixin.py:151} INFO - [2023-12-16T05:51:08.146+0000] {dag.py:2915} INFO - Sync 1 DAGs
[2023-12-16T05:51:08.157+0000] {logging_mixin.py:151} INFO - [2023-12-16T05:51:08.157+0000] {dag.py:3696} INFO - Setting next_dagrun for assignment_spark_dag to None, run_after=None
[2023-12-16T05:51:08.178+0000] {processor.py:179} INFO - Processing /opt/airflow/dags/assignment_spark_dag.py took 0.124 seconds
[2023-12-16T05:51:38.285+0000] {processor.py:157} INFO - Started process (PID=2576) to work on /opt/airflow/dags/assignment_spark_dag.py
[2023-12-16T05:51:38.285+0000] {processor.py:829} INFO - Processing file /opt/airflow/dags/assignment_spark_dag.py for tasks to queue
[2023-12-16T05:51:38.287+0000] {logging_mixin.py:151} INFO - [2023-12-16T05:51:38.287+0000] {dagbag.py:539} INFO - Filling up the DagBag from /opt/airflow/dags/assignment_spark_dag.py
[2023-12-16T05:51:38.348+0000] {processor.py:839} INFO - DAG(s) dict_keys(['assignment_spark_dag']) retrieved from /opt/airflow/dags/assignment_spark_dag.py
[2023-12-16T05:51:38.367+0000] {logging_mixin.py:151} INFO - [2023-12-16T05:51:38.367+0000] {dag.py:2915} INFO - Sync 1 DAGs
[2023-12-16T05:51:38.377+0000] {logging_mixin.py:151} INFO - [2023-12-16T05:51:38.377+0000] {dag.py:3696} INFO - Setting next_dagrun for assignment_spark_dag to None, run_after=None
[2023-12-16T05:51:38.394+0000] {processor.py:179} INFO - Processing /opt/airflow/dags/assignment_spark_dag.py took 0.112 seconds
[2023-12-16T05:52:08.577+0000] {processor.py:157} INFO - Started process (PID=2586) to work on /opt/airflow/dags/assignment_spark_dag.py
[2023-12-16T05:52:08.577+0000] {processor.py:829} INFO - Processing file /opt/airflow/dags/assignment_spark_dag.py for tasks to queue
[2023-12-16T05:52:08.579+0000] {logging_mixin.py:151} INFO - [2023-12-16T05:52:08.578+0000] {dagbag.py:539} INFO - Filling up the DagBag from /opt/airflow/dags/assignment_spark_dag.py
[2023-12-16T05:52:08.630+0000] {processor.py:839} INFO - DAG(s) dict_keys(['assignment_spark_dag']) retrieved from /opt/airflow/dags/assignment_spark_dag.py
[2023-12-16T05:52:08.649+0000] {logging_mixin.py:151} INFO - [2023-12-16T05:52:08.649+0000] {dag.py:2915} INFO - Sync 1 DAGs
[2023-12-16T05:52:08.658+0000] {logging_mixin.py:151} INFO - [2023-12-16T05:52:08.658+0000] {dag.py:3696} INFO - Setting next_dagrun for assignment_spark_dag to None, run_after=None
[2023-12-16T05:52:08.676+0000] {processor.py:179} INFO - Processing /opt/airflow/dags/assignment_spark_dag.py took 0.102 seconds
[2023-12-16T05:52:38.859+0000] {processor.py:157} INFO - Started process (PID=2596) to work on /opt/airflow/dags/assignment_spark_dag.py
[2023-12-16T05:52:38.859+0000] {processor.py:829} INFO - Processing file /opt/airflow/dags/assignment_spark_dag.py for tasks to queue
[2023-12-16T05:52:38.861+0000] {logging_mixin.py:151} INFO - [2023-12-16T05:52:38.860+0000] {dagbag.py:539} INFO - Filling up the DagBag from /opt/airflow/dags/assignment_spark_dag.py
[2023-12-16T05:52:38.921+0000] {processor.py:839} INFO - DAG(s) dict_keys(['assignment_spark_dag']) retrieved from /opt/airflow/dags/assignment_spark_dag.py
[2023-12-16T05:52:38.942+0000] {logging_mixin.py:151} INFO - [2023-12-16T05:52:38.942+0000] {dag.py:2915} INFO - Sync 1 DAGs
[2023-12-16T05:52:38.953+0000] {logging_mixin.py:151} INFO - [2023-12-16T05:52:38.952+0000] {dag.py:3696} INFO - Setting next_dagrun for assignment_spark_dag to None, run_after=None
[2023-12-16T05:52:38.972+0000] {processor.py:179} INFO - Processing /opt/airflow/dags/assignment_spark_dag.py took 0.115 seconds
[2023-12-16T05:53:09.147+0000] {processor.py:157} INFO - Started process (PID=2606) to work on /opt/airflow/dags/assignment_spark_dag.py
[2023-12-16T05:53:09.147+0000] {processor.py:829} INFO - Processing file /opt/airflow/dags/assignment_spark_dag.py for tasks to queue
[2023-12-16T05:53:09.149+0000] {logging_mixin.py:151} INFO - [2023-12-16T05:53:09.149+0000] {dagbag.py:539} INFO - Filling up the DagBag from /opt/airflow/dags/assignment_spark_dag.py
[2023-12-16T05:53:09.205+0000] {processor.py:839} INFO - DAG(s) dict_keys(['assignment_spark_dag']) retrieved from /opt/airflow/dags/assignment_spark_dag.py
[2023-12-16T05:53:09.224+0000] {logging_mixin.py:151} INFO - [2023-12-16T05:53:09.223+0000] {dag.py:2915} INFO - Sync 1 DAGs
[2023-12-16T05:53:09.234+0000] {logging_mixin.py:151} INFO - [2023-12-16T05:53:09.234+0000] {dag.py:3696} INFO - Setting next_dagrun for assignment_spark_dag to None, run_after=None
[2023-12-16T05:53:09.255+0000] {processor.py:179} INFO - Processing /opt/airflow/dags/assignment_spark_dag.py took 0.110 seconds
[2023-12-16T05:53:39.339+0000] {processor.py:157} INFO - Started process (PID=2616) to work on /opt/airflow/dags/assignment_spark_dag.py
[2023-12-16T05:53:39.340+0000] {processor.py:829} INFO - Processing file /opt/airflow/dags/assignment_spark_dag.py for tasks to queue
[2023-12-16T05:53:39.342+0000] {logging_mixin.py:151} INFO - [2023-12-16T05:53:39.342+0000] {dagbag.py:539} INFO - Filling up the DagBag from /opt/airflow/dags/assignment_spark_dag.py
[2023-12-16T05:53:39.404+0000] {processor.py:839} INFO - DAG(s) dict_keys(['assignment_spark_dag']) retrieved from /opt/airflow/dags/assignment_spark_dag.py
[2023-12-16T05:53:39.427+0000] {logging_mixin.py:151} INFO - [2023-12-16T05:53:39.427+0000] {dag.py:2915} INFO - Sync 1 DAGs
[2023-12-16T05:53:39.438+0000] {logging_mixin.py:151} INFO - [2023-12-16T05:53:39.438+0000] {dag.py:3696} INFO - Setting next_dagrun for assignment_spark_dag to None, run_after=None
[2023-12-16T05:53:39.458+0000] {processor.py:179} INFO - Processing /opt/airflow/dags/assignment_spark_dag.py took 0.121 seconds
[2023-12-16T05:54:09.619+0000] {processor.py:157} INFO - Started process (PID=2626) to work on /opt/airflow/dags/assignment_spark_dag.py
[2023-12-16T05:54:09.620+0000] {processor.py:829} INFO - Processing file /opt/airflow/dags/assignment_spark_dag.py for tasks to queue
[2023-12-16T05:54:09.621+0000] {logging_mixin.py:151} INFO - [2023-12-16T05:54:09.621+0000] {dagbag.py:539} INFO - Filling up the DagBag from /opt/airflow/dags/assignment_spark_dag.py
[2023-12-16T05:54:09.673+0000] {processor.py:839} INFO - DAG(s) dict_keys(['assignment_spark_dag']) retrieved from /opt/airflow/dags/assignment_spark_dag.py
[2023-12-16T05:54:09.692+0000] {logging_mixin.py:151} INFO - [2023-12-16T05:54:09.692+0000] {dag.py:2915} INFO - Sync 1 DAGs
[2023-12-16T05:54:09.702+0000] {logging_mixin.py:151} INFO - [2023-12-16T05:54:09.702+0000] {dag.py:3696} INFO - Setting next_dagrun for assignment_spark_dag to None, run_after=None
[2023-12-16T05:54:09.720+0000] {processor.py:179} INFO - Processing /opt/airflow/dags/assignment_spark_dag.py took 0.103 seconds
[2023-12-16T05:54:39.898+0000] {processor.py:157} INFO - Started process (PID=3031) to work on /opt/airflow/dags/assignment_spark_dag.py
[2023-12-16T05:54:39.899+0000] {processor.py:829} INFO - Processing file /opt/airflow/dags/assignment_spark_dag.py for tasks to queue
[2023-12-16T05:54:39.901+0000] {logging_mixin.py:151} INFO - [2023-12-16T05:54:39.900+0000] {dagbag.py:539} INFO - Filling up the DagBag from /opt/airflow/dags/assignment_spark_dag.py
[2023-12-16T05:54:39.959+0000] {processor.py:839} INFO - DAG(s) dict_keys(['assignment_spark_dag']) retrieved from /opt/airflow/dags/assignment_spark_dag.py
[2023-12-16T05:54:39.978+0000] {logging_mixin.py:151} INFO - [2023-12-16T05:54:39.978+0000] {dag.py:2915} INFO - Sync 1 DAGs
[2023-12-16T05:54:39.988+0000] {logging_mixin.py:151} INFO - [2023-12-16T05:54:39.988+0000] {dag.py:3696} INFO - Setting next_dagrun for assignment_spark_dag to None, run_after=None
[2023-12-16T05:54:40.008+0000] {processor.py:179} INFO - Processing /opt/airflow/dags/assignment_spark_dag.py took 0.112 seconds
[2023-12-16T05:55:10.182+0000] {processor.py:157} INFO - Started process (PID=3041) to work on /opt/airflow/dags/assignment_spark_dag.py
[2023-12-16T05:55:10.182+0000] {processor.py:829} INFO - Processing file /opt/airflow/dags/assignment_spark_dag.py for tasks to queue
[2023-12-16T05:55:10.184+0000] {logging_mixin.py:151} INFO - [2023-12-16T05:55:10.184+0000] {dagbag.py:539} INFO - Filling up the DagBag from /opt/airflow/dags/assignment_spark_dag.py
[2023-12-16T05:55:10.234+0000] {processor.py:839} INFO - DAG(s) dict_keys(['assignment_spark_dag']) retrieved from /opt/airflow/dags/assignment_spark_dag.py
[2023-12-16T05:55:10.253+0000] {logging_mixin.py:151} INFO - [2023-12-16T05:55:10.253+0000] {dag.py:2915} INFO - Sync 1 DAGs
[2023-12-16T05:55:10.263+0000] {logging_mixin.py:151} INFO - [2023-12-16T05:55:10.263+0000] {dag.py:3696} INFO - Setting next_dagrun for assignment_spark_dag to None, run_after=None
[2023-12-16T05:55:10.282+0000] {processor.py:179} INFO - Processing /opt/airflow/dags/assignment_spark_dag.py took 0.102 seconds
[2023-12-16T05:55:40.459+0000] {processor.py:157} INFO - Started process (PID=3051) to work on /opt/airflow/dags/assignment_spark_dag.py
[2023-12-16T05:55:40.460+0000] {processor.py:829} INFO - Processing file /opt/airflow/dags/assignment_spark_dag.py for tasks to queue
[2023-12-16T05:55:40.462+0000] {logging_mixin.py:151} INFO - [2023-12-16T05:55:40.462+0000] {dagbag.py:539} INFO - Filling up the DagBag from /opt/airflow/dags/assignment_spark_dag.py
[2023-12-16T05:55:40.523+0000] {processor.py:839} INFO - DAG(s) dict_keys(['assignment_spark_dag']) retrieved from /opt/airflow/dags/assignment_spark_dag.py
[2023-12-16T05:55:40.543+0000] {logging_mixin.py:151} INFO - [2023-12-16T05:55:40.542+0000] {dag.py:2915} INFO - Sync 1 DAGs
[2023-12-16T05:55:40.554+0000] {logging_mixin.py:151} INFO - [2023-12-16T05:55:40.553+0000] {dag.py:3696} INFO - Setting next_dagrun for assignment_spark_dag to None, run_after=None
[2023-12-16T05:55:40.572+0000] {processor.py:179} INFO - Processing /opt/airflow/dags/assignment_spark_dag.py took 0.114 seconds
[2023-12-16T05:56:10.743+0000] {processor.py:157} INFO - Started process (PID=3061) to work on /opt/airflow/dags/assignment_spark_dag.py
[2023-12-16T05:56:10.744+0000] {processor.py:829} INFO - Processing file /opt/airflow/dags/assignment_spark_dag.py for tasks to queue
[2023-12-16T05:56:10.745+0000] {logging_mixin.py:151} INFO - [2023-12-16T05:56:10.745+0000] {dagbag.py:539} INFO - Filling up the DagBag from /opt/airflow/dags/assignment_spark_dag.py
[2023-12-16T05:56:10.801+0000] {processor.py:839} INFO - DAG(s) dict_keys(['assignment_spark_dag']) retrieved from /opt/airflow/dags/assignment_spark_dag.py
[2023-12-16T05:56:10.819+0000] {logging_mixin.py:151} INFO - [2023-12-16T05:56:10.819+0000] {dag.py:2915} INFO - Sync 1 DAGs
[2023-12-16T05:56:10.829+0000] {logging_mixin.py:151} INFO - [2023-12-16T05:56:10.829+0000] {dag.py:3696} INFO - Setting next_dagrun for assignment_spark_dag to None, run_after=None
[2023-12-16T05:56:10.846+0000] {processor.py:179} INFO - Processing /opt/airflow/dags/assignment_spark_dag.py took 0.105 seconds
[2023-12-16T05:56:40.944+0000] {processor.py:157} INFO - Started process (PID=3071) to work on /opt/airflow/dags/assignment_spark_dag.py
[2023-12-16T05:56:40.945+0000] {processor.py:829} INFO - Processing file /opt/airflow/dags/assignment_spark_dag.py for tasks to queue
[2023-12-16T05:56:40.947+0000] {logging_mixin.py:151} INFO - [2023-12-16T05:56:40.946+0000] {dagbag.py:539} INFO - Filling up the DagBag from /opt/airflow/dags/assignment_spark_dag.py
[2023-12-16T05:56:41.009+0000] {processor.py:839} INFO - DAG(s) dict_keys(['assignment_spark_dag']) retrieved from /opt/airflow/dags/assignment_spark_dag.py
[2023-12-16T05:56:41.037+0000] {logging_mixin.py:151} INFO - [2023-12-16T05:56:41.037+0000] {dag.py:2915} INFO - Sync 1 DAGs
[2023-12-16T05:56:41.049+0000] {logging_mixin.py:151} INFO - [2023-12-16T05:56:41.049+0000] {dag.py:3696} INFO - Setting next_dagrun for assignment_spark_dag to None, run_after=None
[2023-12-16T05:56:41.071+0000] {processor.py:179} INFO - Processing /opt/airflow/dags/assignment_spark_dag.py took 0.130 seconds
[2023-12-16T05:57:11.256+0000] {processor.py:157} INFO - Started process (PID=3081) to work on /opt/airflow/dags/assignment_spark_dag.py
[2023-12-16T05:57:11.257+0000] {processor.py:829} INFO - Processing file /opt/airflow/dags/assignment_spark_dag.py for tasks to queue
[2023-12-16T05:57:11.258+0000] {logging_mixin.py:151} INFO - [2023-12-16T05:57:11.258+0000] {dagbag.py:539} INFO - Filling up the DagBag from /opt/airflow/dags/assignment_spark_dag.py
[2023-12-16T05:57:11.321+0000] {processor.py:839} INFO - DAG(s) dict_keys(['assignment_spark_dag']) retrieved from /opt/airflow/dags/assignment_spark_dag.py
[2023-12-16T05:57:11.342+0000] {logging_mixin.py:151} INFO - [2023-12-16T05:57:11.342+0000] {dag.py:2915} INFO - Sync 1 DAGs
[2023-12-16T05:57:11.355+0000] {logging_mixin.py:151} INFO - [2023-12-16T05:57:11.354+0000] {dag.py:3696} INFO - Setting next_dagrun for assignment_spark_dag to None, run_after=None
[2023-12-16T05:57:11.375+0000] {processor.py:179} INFO - Processing /opt/airflow/dags/assignment_spark_dag.py took 0.121 seconds
[2023-12-16T05:57:41.473+0000] {processor.py:157} INFO - Started process (PID=3091) to work on /opt/airflow/dags/assignment_spark_dag.py
[2023-12-16T05:57:41.474+0000] {processor.py:829} INFO - Processing file /opt/airflow/dags/assignment_spark_dag.py for tasks to queue
[2023-12-16T05:57:41.475+0000] {logging_mixin.py:151} INFO - [2023-12-16T05:57:41.475+0000] {dagbag.py:539} INFO - Filling up the DagBag from /opt/airflow/dags/assignment_spark_dag.py
[2023-12-16T05:57:41.541+0000] {processor.py:839} INFO - DAG(s) dict_keys(['assignment_spark_dag']) retrieved from /opt/airflow/dags/assignment_spark_dag.py
[2023-12-16T05:57:41.561+0000] {logging_mixin.py:151} INFO - [2023-12-16T05:57:41.561+0000] {dag.py:2915} INFO - Sync 1 DAGs
[2023-12-16T05:57:41.571+0000] {logging_mixin.py:151} INFO - [2023-12-16T05:57:41.571+0000] {dag.py:3696} INFO - Setting next_dagrun for assignment_spark_dag to None, run_after=None
[2023-12-16T05:57:41.591+0000] {processor.py:179} INFO - Processing /opt/airflow/dags/assignment_spark_dag.py took 0.120 seconds
[2023-12-16T05:58:11.767+0000] {processor.py:157} INFO - Started process (PID=3101) to work on /opt/airflow/dags/assignment_spark_dag.py
[2023-12-16T05:58:11.768+0000] {processor.py:829} INFO - Processing file /opt/airflow/dags/assignment_spark_dag.py for tasks to queue
[2023-12-16T05:58:11.769+0000] {logging_mixin.py:151} INFO - [2023-12-16T05:58:11.769+0000] {dagbag.py:539} INFO - Filling up the DagBag from /opt/airflow/dags/assignment_spark_dag.py
[2023-12-16T05:58:11.832+0000] {processor.py:839} INFO - DAG(s) dict_keys(['assignment_spark_dag']) retrieved from /opt/airflow/dags/assignment_spark_dag.py
[2023-12-16T05:58:11.854+0000] {logging_mixin.py:151} INFO - [2023-12-16T05:58:11.854+0000] {dag.py:2915} INFO - Sync 1 DAGs
[2023-12-16T05:58:11.865+0000] {logging_mixin.py:151} INFO - [2023-12-16T05:58:11.865+0000] {dag.py:3696} INFO - Setting next_dagrun for assignment_spark_dag to None, run_after=None
[2023-12-16T05:58:11.884+0000] {processor.py:179} INFO - Processing /opt/airflow/dags/assignment_spark_dag.py took 0.119 seconds
[2023-12-16T05:58:42.061+0000] {processor.py:157} INFO - Started process (PID=3111) to work on /opt/airflow/dags/assignment_spark_dag.py
[2023-12-16T05:58:42.062+0000] {processor.py:829} INFO - Processing file /opt/airflow/dags/assignment_spark_dag.py for tasks to queue
[2023-12-16T05:58:42.064+0000] {logging_mixin.py:151} INFO - [2023-12-16T05:58:42.063+0000] {dagbag.py:539} INFO - Filling up the DagBag from /opt/airflow/dags/assignment_spark_dag.py
[2023-12-16T05:58:42.123+0000] {processor.py:839} INFO - DAG(s) dict_keys(['assignment_spark_dag']) retrieved from /opt/airflow/dags/assignment_spark_dag.py
[2023-12-16T05:58:42.142+0000] {logging_mixin.py:151} INFO - [2023-12-16T05:58:42.142+0000] {dag.py:2915} INFO - Sync 1 DAGs
[2023-12-16T05:58:42.152+0000] {logging_mixin.py:151} INFO - [2023-12-16T05:58:42.151+0000] {dag.py:3696} INFO - Setting next_dagrun for assignment_spark_dag to None, run_after=None
[2023-12-16T05:58:42.168+0000] {processor.py:179} INFO - Processing /opt/airflow/dags/assignment_spark_dag.py took 0.109 seconds
[2023-12-16T05:59:12.355+0000] {processor.py:157} INFO - Started process (PID=3121) to work on /opt/airflow/dags/assignment_spark_dag.py
[2023-12-16T05:59:12.356+0000] {processor.py:829} INFO - Processing file /opt/airflow/dags/assignment_spark_dag.py for tasks to queue
[2023-12-16T05:59:12.357+0000] {logging_mixin.py:151} INFO - [2023-12-16T05:59:12.357+0000] {dagbag.py:539} INFO - Filling up the DagBag from /opt/airflow/dags/assignment_spark_dag.py
[2023-12-16T05:59:12.418+0000] {processor.py:839} INFO - DAG(s) dict_keys(['assignment_spark_dag']) retrieved from /opt/airflow/dags/assignment_spark_dag.py
[2023-12-16T05:59:12.441+0000] {logging_mixin.py:151} INFO - [2023-12-16T05:59:12.440+0000] {dag.py:2915} INFO - Sync 1 DAGs
[2023-12-16T05:59:12.452+0000] {logging_mixin.py:151} INFO - [2023-12-16T05:59:12.452+0000] {dag.py:3696} INFO - Setting next_dagrun for assignment_spark_dag to None, run_after=None
[2023-12-16T05:59:12.472+0000] {processor.py:179} INFO - Processing /opt/airflow/dags/assignment_spark_dag.py took 0.119 seconds
[2023-12-16T05:59:42.554+0000] {processor.py:157} INFO - Started process (PID=3131) to work on /opt/airflow/dags/assignment_spark_dag.py
[2023-12-16T05:59:42.555+0000] {processor.py:829} INFO - Processing file /opt/airflow/dags/assignment_spark_dag.py for tasks to queue
[2023-12-16T05:59:42.556+0000] {logging_mixin.py:151} INFO - [2023-12-16T05:59:42.556+0000] {dagbag.py:539} INFO - Filling up the DagBag from /opt/airflow/dags/assignment_spark_dag.py
[2023-12-16T05:59:42.605+0000] {processor.py:839} INFO - DAG(s) dict_keys(['assignment_spark_dag']) retrieved from /opt/airflow/dags/assignment_spark_dag.py
[2023-12-16T05:59:42.624+0000] {logging_mixin.py:151} INFO - [2023-12-16T05:59:42.623+0000] {dag.py:2915} INFO - Sync 1 DAGs
[2023-12-16T05:59:42.634+0000] {logging_mixin.py:151} INFO - [2023-12-16T05:59:42.634+0000] {dag.py:3696} INFO - Setting next_dagrun for assignment_spark_dag to None, run_after=None
[2023-12-16T05:59:42.652+0000] {processor.py:179} INFO - Processing /opt/airflow/dags/assignment_spark_dag.py took 0.100 seconds
[2023-12-16T06:00:12.821+0000] {processor.py:157} INFO - Started process (PID=3141) to work on /opt/airflow/dags/assignment_spark_dag.py
[2023-12-16T06:00:12.822+0000] {processor.py:829} INFO - Processing file /opt/airflow/dags/assignment_spark_dag.py for tasks to queue
[2023-12-16T06:00:12.823+0000] {logging_mixin.py:151} INFO - [2023-12-16T06:00:12.823+0000] {dagbag.py:539} INFO - Filling up the DagBag from /opt/airflow/dags/assignment_spark_dag.py
[2023-12-16T06:00:12.875+0000] {processor.py:839} INFO - DAG(s) dict_keys(['assignment_spark_dag']) retrieved from /opt/airflow/dags/assignment_spark_dag.py
[2023-12-16T06:00:12.897+0000] {logging_mixin.py:151} INFO - [2023-12-16T06:00:12.896+0000] {dag.py:2915} INFO - Sync 1 DAGs
[2023-12-16T06:00:12.907+0000] {logging_mixin.py:151} INFO - [2023-12-16T06:00:12.906+0000] {dag.py:3696} INFO - Setting next_dagrun for assignment_spark_dag to None, run_after=None
[2023-12-16T06:00:12.928+0000] {processor.py:179} INFO - Processing /opt/airflow/dags/assignment_spark_dag.py took 0.109 seconds
[2023-12-16T06:00:43.106+0000] {processor.py:157} INFO - Started process (PID=3151) to work on /opt/airflow/dags/assignment_spark_dag.py
[2023-12-16T06:00:43.107+0000] {processor.py:829} INFO - Processing file /opt/airflow/dags/assignment_spark_dag.py for tasks to queue
[2023-12-16T06:00:43.108+0000] {logging_mixin.py:151} INFO - [2023-12-16T06:00:43.108+0000] {dagbag.py:539} INFO - Filling up the DagBag from /opt/airflow/dags/assignment_spark_dag.py
[2023-12-16T06:00:43.161+0000] {processor.py:839} INFO - DAG(s) dict_keys(['assignment_spark_dag']) retrieved from /opt/airflow/dags/assignment_spark_dag.py
[2023-12-16T06:00:43.180+0000] {logging_mixin.py:151} INFO - [2023-12-16T06:00:43.180+0000] {dag.py:2915} INFO - Sync 1 DAGs
[2023-12-16T06:00:43.190+0000] {logging_mixin.py:151} INFO - [2023-12-16T06:00:43.190+0000] {dag.py:3696} INFO - Setting next_dagrun for assignment_spark_dag to None, run_after=None
[2023-12-16T06:00:43.206+0000] {processor.py:179} INFO - Processing /opt/airflow/dags/assignment_spark_dag.py took 0.103 seconds
[2023-12-16T06:01:13.391+0000] {processor.py:157} INFO - Started process (PID=3161) to work on /opt/airflow/dags/assignment_spark_dag.py
[2023-12-16T06:01:13.392+0000] {processor.py:829} INFO - Processing file /opt/airflow/dags/assignment_spark_dag.py for tasks to queue
[2023-12-16T06:01:13.394+0000] {logging_mixin.py:151} INFO - [2023-12-16T06:01:13.394+0000] {dagbag.py:539} INFO - Filling up the DagBag from /opt/airflow/dags/assignment_spark_dag.py
[2023-12-16T06:01:13.448+0000] {processor.py:839} INFO - DAG(s) dict_keys(['assignment_spark_dag']) retrieved from /opt/airflow/dags/assignment_spark_dag.py
[2023-12-16T06:01:13.465+0000] {logging_mixin.py:151} INFO - [2023-12-16T06:01:13.465+0000] {dag.py:2915} INFO - Sync 1 DAGs
[2023-12-16T06:01:13.474+0000] {logging_mixin.py:151} INFO - [2023-12-16T06:01:13.474+0000] {dag.py:3696} INFO - Setting next_dagrun for assignment_spark_dag to None, run_after=None
[2023-12-16T06:01:13.492+0000] {processor.py:179} INFO - Processing /opt/airflow/dags/assignment_spark_dag.py took 0.103 seconds
[2023-12-16T06:01:43.688+0000] {processor.py:157} INFO - Started process (PID=3319) to work on /opt/airflow/dags/assignment_spark_dag.py
[2023-12-16T06:01:43.689+0000] {processor.py:829} INFO - Processing file /opt/airflow/dags/assignment_spark_dag.py for tasks to queue
[2023-12-16T06:01:43.692+0000] {logging_mixin.py:151} INFO - [2023-12-16T06:01:43.691+0000] {dagbag.py:539} INFO - Filling up the DagBag from /opt/airflow/dags/assignment_spark_dag.py
[2023-12-16T06:01:43.795+0000] {processor.py:839} INFO - DAG(s) dict_keys(['assignment_spark_dag']) retrieved from /opt/airflow/dags/assignment_spark_dag.py
[2023-12-16T06:01:43.830+0000] {logging_mixin.py:151} INFO - [2023-12-16T06:01:43.830+0000] {dag.py:2915} INFO - Sync 1 DAGs
[2023-12-16T06:01:43.852+0000] {logging_mixin.py:151} INFO - [2023-12-16T06:01:43.851+0000] {dag.py:3696} INFO - Setting next_dagrun for assignment_spark_dag to None, run_after=None
[2023-12-16T06:01:43.881+0000] {processor.py:179} INFO - Processing /opt/airflow/dags/assignment_spark_dag.py took 0.197 seconds
[2023-12-16T06:02:13.953+0000] {processor.py:157} INFO - Started process (PID=3576) to work on /opt/airflow/dags/assignment_spark_dag.py
[2023-12-16T06:02:13.954+0000] {processor.py:829} INFO - Processing file /opt/airflow/dags/assignment_spark_dag.py for tasks to queue
[2023-12-16T06:02:13.956+0000] {logging_mixin.py:151} INFO - [2023-12-16T06:02:13.956+0000] {dagbag.py:539} INFO - Filling up the DagBag from /opt/airflow/dags/assignment_spark_dag.py
[2023-12-16T06:02:14.021+0000] {processor.py:839} INFO - DAG(s) dict_keys(['assignment_spark_dag']) retrieved from /opt/airflow/dags/assignment_spark_dag.py
[2023-12-16T06:02:14.042+0000] {logging_mixin.py:151} INFO - [2023-12-16T06:02:14.042+0000] {dag.py:2915} INFO - Sync 1 DAGs
[2023-12-16T06:02:14.055+0000] {logging_mixin.py:151} INFO - [2023-12-16T06:02:14.054+0000] {dag.py:3696} INFO - Setting next_dagrun for assignment_spark_dag to None, run_after=None
[2023-12-16T06:02:14.077+0000] {processor.py:179} INFO - Processing /opt/airflow/dags/assignment_spark_dag.py took 0.126 seconds
