[2023-12-16T05:27:37.948+0000] {processor.py:157} INFO - Started process (PID=229) to work on /opt/airflow/dags/spark-dag-example.py
[2023-12-16T05:27:37.949+0000] {processor.py:829} INFO - Processing file /opt/airflow/dags/spark-dag-example.py for tasks to queue
[2023-12-16T05:27:37.951+0000] {logging_mixin.py:151} INFO - [2023-12-16T05:27:37.951+0000] {dagbag.py:539} INFO - Filling up the DagBag from /opt/airflow/dags/spark-dag-example.py
[2023-12-16T05:27:37.968+0000] {processor.py:839} INFO - DAG(s) dict_keys(['spark_airflow_dag']) retrieved from /opt/airflow/dags/spark-dag-example.py
[2023-12-16T05:27:37.992+0000] {logging_mixin.py:151} INFO - [2023-12-16T05:27:37.992+0000] {dag.py:2915} INFO - Sync 1 DAGs
[2023-12-16T05:27:38.004+0000] {logging_mixin.py:151} INFO - [2023-12-16T05:27:38.004+0000] {dag.py:3696} INFO - Setting next_dagrun for spark_airflow_dag to None, run_after=None
[2023-12-16T05:27:38.028+0000] {processor.py:179} INFO - Processing /opt/airflow/dags/spark-dag-example.py took 0.082 seconds
[2023-12-16T05:28:08.247+0000] {processor.py:157} INFO - Started process (PID=239) to work on /opt/airflow/dags/spark-dag-example.py
[2023-12-16T05:28:08.249+0000] {processor.py:829} INFO - Processing file /opt/airflow/dags/spark-dag-example.py for tasks to queue
[2023-12-16T05:28:08.255+0000] {logging_mixin.py:151} INFO - [2023-12-16T05:28:08.255+0000] {dagbag.py:539} INFO - Filling up the DagBag from /opt/airflow/dags/spark-dag-example.py
[2023-12-16T05:28:08.287+0000] {processor.py:839} INFO - DAG(s) dict_keys(['spark_airflow_dag']) retrieved from /opt/airflow/dags/spark-dag-example.py
[2023-12-16T05:28:08.352+0000] {logging_mixin.py:151} INFO - [2023-12-16T05:28:08.351+0000] {dag.py:2915} INFO - Sync 1 DAGs
[2023-12-16T05:28:08.375+0000] {logging_mixin.py:151} INFO - [2023-12-16T05:28:08.375+0000] {dag.py:3696} INFO - Setting next_dagrun for spark_airflow_dag to None, run_after=None
[2023-12-16T05:28:08.406+0000] {processor.py:179} INFO - Processing /opt/airflow/dags/spark-dag-example.py took 0.168 seconds
[2023-12-16T05:28:46.578+0000] {processor.py:157} INFO - Started process (PID=175) to work on /opt/airflow/dags/spark-dag-example.py
[2023-12-16T05:28:46.579+0000] {processor.py:829} INFO - Processing file /opt/airflow/dags/spark-dag-example.py for tasks to queue
[2023-12-16T05:28:46.580+0000] {logging_mixin.py:151} INFO - [2023-12-16T05:28:46.580+0000] {dagbag.py:539} INFO - Filling up the DagBag from /opt/airflow/dags/spark-dag-example.py
[2023-12-16T05:28:46.596+0000] {processor.py:839} INFO - DAG(s) dict_keys(['spark_airflow_dag']) retrieved from /opt/airflow/dags/spark-dag-example.py
[2023-12-16T05:28:46.616+0000] {logging_mixin.py:151} INFO - [2023-12-16T05:28:46.616+0000] {dag.py:2915} INFO - Sync 1 DAGs
[2023-12-16T05:28:46.628+0000] {logging_mixin.py:151} INFO - [2023-12-16T05:28:46.628+0000] {dag.py:3696} INFO - Setting next_dagrun for spark_airflow_dag to None, run_after=None
[2023-12-16T05:28:46.647+0000] {processor.py:179} INFO - Processing /opt/airflow/dags/spark-dag-example.py took 0.071 seconds
[2023-12-16T05:29:16.883+0000] {processor.py:157} INFO - Started process (PID=185) to work on /opt/airflow/dags/spark-dag-example.py
[2023-12-16T05:29:16.884+0000] {processor.py:829} INFO - Processing file /opt/airflow/dags/spark-dag-example.py for tasks to queue
[2023-12-16T05:29:16.891+0000] {logging_mixin.py:151} INFO - [2023-12-16T05:29:16.891+0000] {dagbag.py:539} INFO - Filling up the DagBag from /opt/airflow/dags/spark-dag-example.py
[2023-12-16T05:29:16.923+0000] {processor.py:839} INFO - DAG(s) dict_keys(['spark_airflow_dag']) retrieved from /opt/airflow/dags/spark-dag-example.py
[2023-12-16T05:29:16.981+0000] {logging_mixin.py:151} INFO - [2023-12-16T05:29:16.980+0000] {dag.py:2915} INFO - Sync 1 DAGs
[2023-12-16T05:29:16.995+0000] {logging_mixin.py:151} INFO - [2023-12-16T05:29:16.995+0000] {dag.py:3696} INFO - Setting next_dagrun for spark_airflow_dag to None, run_after=None
[2023-12-16T05:29:17.021+0000] {processor.py:179} INFO - Processing /opt/airflow/dags/spark-dag-example.py took 0.149 seconds
[2023-12-16T05:29:47.239+0000] {processor.py:157} INFO - Started process (PID=195) to work on /opt/airflow/dags/spark-dag-example.py
[2023-12-16T05:29:47.239+0000] {processor.py:829} INFO - Processing file /opt/airflow/dags/spark-dag-example.py for tasks to queue
[2023-12-16T05:29:47.241+0000] {logging_mixin.py:151} INFO - [2023-12-16T05:29:47.241+0000] {dagbag.py:539} INFO - Filling up the DagBag from /opt/airflow/dags/spark-dag-example.py
[2023-12-16T05:29:47.255+0000] {processor.py:839} INFO - DAG(s) dict_keys(['spark_airflow_dag']) retrieved from /opt/airflow/dags/spark-dag-example.py
[2023-12-16T05:29:47.279+0000] {logging_mixin.py:151} INFO - [2023-12-16T05:29:47.278+0000] {dag.py:2915} INFO - Sync 1 DAGs
[2023-12-16T05:29:47.289+0000] {logging_mixin.py:151} INFO - [2023-12-16T05:29:47.289+0000] {dag.py:3696} INFO - Setting next_dagrun for spark_airflow_dag to None, run_after=None
[2023-12-16T05:29:47.310+0000] {processor.py:179} INFO - Processing /opt/airflow/dags/spark-dag-example.py took 0.074 seconds
[2023-12-16T05:30:17.526+0000] {processor.py:157} INFO - Started process (PID=346) to work on /opt/airflow/dags/spark-dag-example.py
[2023-12-16T05:30:17.527+0000] {processor.py:829} INFO - Processing file /opt/airflow/dags/spark-dag-example.py for tasks to queue
[2023-12-16T05:30:17.530+0000] {logging_mixin.py:151} INFO - [2023-12-16T05:30:17.530+0000] {dagbag.py:539} INFO - Filling up the DagBag from /opt/airflow/dags/spark-dag-example.py
[2023-12-16T05:30:17.543+0000] {processor.py:839} INFO - DAG(s) dict_keys(['spark_airflow_dag']) retrieved from /opt/airflow/dags/spark-dag-example.py
[2023-12-16T05:30:17.571+0000] {logging_mixin.py:151} INFO - [2023-12-16T05:30:17.570+0000] {dag.py:2915} INFO - Sync 1 DAGs
[2023-12-16T05:30:17.587+0000] {logging_mixin.py:151} INFO - [2023-12-16T05:30:17.587+0000] {dag.py:3696} INFO - Setting next_dagrun for spark_airflow_dag to None, run_after=None
[2023-12-16T05:30:17.612+0000] {processor.py:179} INFO - Processing /opt/airflow/dags/spark-dag-example.py took 0.089 seconds
[2023-12-16T05:30:47.819+0000] {processor.py:157} INFO - Started process (PID=597) to work on /opt/airflow/dags/spark-dag-example.py
[2023-12-16T05:30:47.820+0000] {processor.py:829} INFO - Processing file /opt/airflow/dags/spark-dag-example.py for tasks to queue
[2023-12-16T05:30:47.821+0000] {logging_mixin.py:151} INFO - [2023-12-16T05:30:47.821+0000] {dagbag.py:539} INFO - Filling up the DagBag from /opt/airflow/dags/spark-dag-example.py
[2023-12-16T05:30:47.837+0000] {processor.py:839} INFO - DAG(s) dict_keys(['spark_airflow_dag']) retrieved from /opt/airflow/dags/spark-dag-example.py
[2023-12-16T05:30:47.861+0000] {logging_mixin.py:151} INFO - [2023-12-16T05:30:47.861+0000] {dag.py:2915} INFO - Sync 1 DAGs
[2023-12-16T05:30:47.875+0000] {logging_mixin.py:151} INFO - [2023-12-16T05:30:47.874+0000] {dag.py:3696} INFO - Setting next_dagrun for spark_airflow_dag to None, run_after=None
[2023-12-16T05:30:47.897+0000] {processor.py:179} INFO - Processing /opt/airflow/dags/spark-dag-example.py took 0.081 seconds
[2023-12-16T05:31:18.098+0000] {processor.py:157} INFO - Started process (PID=607) to work on /opt/airflow/dags/spark-dag-example.py
[2023-12-16T05:31:18.099+0000] {processor.py:829} INFO - Processing file /opt/airflow/dags/spark-dag-example.py for tasks to queue
[2023-12-16T05:31:18.101+0000] {logging_mixin.py:151} INFO - [2023-12-16T05:31:18.101+0000] {dagbag.py:539} INFO - Filling up the DagBag from /opt/airflow/dags/spark-dag-example.py
[2023-12-16T05:31:18.113+0000] {processor.py:839} INFO - DAG(s) dict_keys(['spark_airflow_dag']) retrieved from /opt/airflow/dags/spark-dag-example.py
[2023-12-16T05:31:18.141+0000] {logging_mixin.py:151} INFO - [2023-12-16T05:31:18.140+0000] {dag.py:2915} INFO - Sync 1 DAGs
[2023-12-16T05:31:18.157+0000] {logging_mixin.py:151} INFO - [2023-12-16T05:31:18.157+0000] {dag.py:3696} INFO - Setting next_dagrun for spark_airflow_dag to None, run_after=None
[2023-12-16T05:31:18.184+0000] {processor.py:179} INFO - Processing /opt/airflow/dags/spark-dag-example.py took 0.090 seconds
[2023-12-16T05:31:48.383+0000] {processor.py:157} INFO - Started process (PID=617) to work on /opt/airflow/dags/spark-dag-example.py
[2023-12-16T05:31:48.384+0000] {processor.py:829} INFO - Processing file /opt/airflow/dags/spark-dag-example.py for tasks to queue
[2023-12-16T05:31:48.386+0000] {logging_mixin.py:151} INFO - [2023-12-16T05:31:48.386+0000] {dagbag.py:539} INFO - Filling up the DagBag from /opt/airflow/dags/spark-dag-example.py
[2023-12-16T05:31:48.398+0000] {processor.py:839} INFO - DAG(s) dict_keys(['spark_airflow_dag']) retrieved from /opt/airflow/dags/spark-dag-example.py
[2023-12-16T05:31:48.418+0000] {logging_mixin.py:151} INFO - [2023-12-16T05:31:48.417+0000] {dag.py:2915} INFO - Sync 1 DAGs
[2023-12-16T05:31:48.428+0000] {logging_mixin.py:151} INFO - [2023-12-16T05:31:48.428+0000] {dag.py:3696} INFO - Setting next_dagrun for spark_airflow_dag to None, run_after=None
[2023-12-16T05:31:48.446+0000] {processor.py:179} INFO - Processing /opt/airflow/dags/spark-dag-example.py took 0.067 seconds
[2023-12-16T05:32:18.664+0000] {processor.py:157} INFO - Started process (PID=627) to work on /opt/airflow/dags/spark-dag-example.py
[2023-12-16T05:32:18.665+0000] {processor.py:829} INFO - Processing file /opt/airflow/dags/spark-dag-example.py for tasks to queue
[2023-12-16T05:32:18.667+0000] {logging_mixin.py:151} INFO - [2023-12-16T05:32:18.667+0000] {dagbag.py:539} INFO - Filling up the DagBag from /opt/airflow/dags/spark-dag-example.py
[2023-12-16T05:32:18.682+0000] {processor.py:839} INFO - DAG(s) dict_keys(['spark_airflow_dag']) retrieved from /opt/airflow/dags/spark-dag-example.py
[2023-12-16T05:32:18.712+0000] {logging_mixin.py:151} INFO - [2023-12-16T05:32:18.712+0000] {dag.py:2915} INFO - Sync 1 DAGs
[2023-12-16T05:32:18.726+0000] {logging_mixin.py:151} INFO - [2023-12-16T05:32:18.726+0000] {dag.py:3696} INFO - Setting next_dagrun for spark_airflow_dag to None, run_after=None
[2023-12-16T05:32:18.750+0000] {processor.py:179} INFO - Processing /opt/airflow/dags/spark-dag-example.py took 0.088 seconds
[2023-12-16T05:32:48.958+0000] {processor.py:157} INFO - Started process (PID=637) to work on /opt/airflow/dags/spark-dag-example.py
[2023-12-16T05:32:48.958+0000] {processor.py:829} INFO - Processing file /opt/airflow/dags/spark-dag-example.py for tasks to queue
[2023-12-16T05:32:48.960+0000] {logging_mixin.py:151} INFO - [2023-12-16T05:32:48.960+0000] {dagbag.py:539} INFO - Filling up the DagBag from /opt/airflow/dags/spark-dag-example.py
[2023-12-16T05:32:48.974+0000] {processor.py:839} INFO - DAG(s) dict_keys(['spark_airflow_dag']) retrieved from /opt/airflow/dags/spark-dag-example.py
[2023-12-16T05:32:48.994+0000] {logging_mixin.py:151} INFO - [2023-12-16T05:32:48.993+0000] {dag.py:2915} INFO - Sync 1 DAGs
[2023-12-16T05:32:49.003+0000] {logging_mixin.py:151} INFO - [2023-12-16T05:32:49.003+0000] {dag.py:3696} INFO - Setting next_dagrun for spark_airflow_dag to None, run_after=None
[2023-12-16T05:32:49.027+0000] {processor.py:179} INFO - Processing /opt/airflow/dags/spark-dag-example.py took 0.072 seconds
[2023-12-16T05:33:19.248+0000] {processor.py:157} INFO - Started process (PID=647) to work on /opt/airflow/dags/spark-dag-example.py
[2023-12-16T05:33:19.249+0000] {processor.py:829} INFO - Processing file /opt/airflow/dags/spark-dag-example.py for tasks to queue
[2023-12-16T05:33:19.251+0000] {logging_mixin.py:151} INFO - [2023-12-16T05:33:19.250+0000] {dagbag.py:539} INFO - Filling up the DagBag from /opt/airflow/dags/spark-dag-example.py
[2023-12-16T05:33:19.264+0000] {processor.py:839} INFO - DAG(s) dict_keys(['spark_airflow_dag']) retrieved from /opt/airflow/dags/spark-dag-example.py
[2023-12-16T05:33:19.287+0000] {logging_mixin.py:151} INFO - [2023-12-16T05:33:19.287+0000] {dag.py:2915} INFO - Sync 1 DAGs
[2023-12-16T05:33:19.300+0000] {logging_mixin.py:151} INFO - [2023-12-16T05:33:19.300+0000] {dag.py:3696} INFO - Setting next_dagrun for spark_airflow_dag to None, run_after=None
[2023-12-16T05:33:19.322+0000] {processor.py:179} INFO - Processing /opt/airflow/dags/spark-dag-example.py took 0.075 seconds
[2023-12-16T05:33:49.556+0000] {processor.py:157} INFO - Started process (PID=657) to work on /opt/airflow/dags/spark-dag-example.py
[2023-12-16T05:33:49.556+0000] {processor.py:829} INFO - Processing file /opt/airflow/dags/spark-dag-example.py for tasks to queue
[2023-12-16T05:33:49.558+0000] {logging_mixin.py:151} INFO - [2023-12-16T05:33:49.558+0000] {dagbag.py:539} INFO - Filling up the DagBag from /opt/airflow/dags/spark-dag-example.py
[2023-12-16T05:33:49.571+0000] {processor.py:839} INFO - DAG(s) dict_keys(['spark_airflow_dag']) retrieved from /opt/airflow/dags/spark-dag-example.py
[2023-12-16T05:33:49.595+0000] {logging_mixin.py:151} INFO - [2023-12-16T05:33:49.595+0000] {dag.py:2915} INFO - Sync 1 DAGs
[2023-12-16T05:33:49.608+0000] {logging_mixin.py:151} INFO - [2023-12-16T05:33:49.608+0000] {dag.py:3696} INFO - Setting next_dagrun for spark_airflow_dag to None, run_after=None
[2023-12-16T05:33:49.629+0000] {processor.py:179} INFO - Processing /opt/airflow/dags/spark-dag-example.py took 0.076 seconds
[2023-12-16T05:34:19.837+0000] {processor.py:157} INFO - Started process (PID=667) to work on /opt/airflow/dags/spark-dag-example.py
[2023-12-16T05:34:19.838+0000] {processor.py:829} INFO - Processing file /opt/airflow/dags/spark-dag-example.py for tasks to queue
[2023-12-16T05:34:19.840+0000] {logging_mixin.py:151} INFO - [2023-12-16T05:34:19.839+0000] {dagbag.py:539} INFO - Filling up the DagBag from /opt/airflow/dags/spark-dag-example.py
[2023-12-16T05:34:19.853+0000] {processor.py:839} INFO - DAG(s) dict_keys(['spark_airflow_dag']) retrieved from /opt/airflow/dags/spark-dag-example.py
[2023-12-16T05:34:19.874+0000] {logging_mixin.py:151} INFO - [2023-12-16T05:34:19.874+0000] {dag.py:2915} INFO - Sync 1 DAGs
[2023-12-16T05:34:19.886+0000] {logging_mixin.py:151} INFO - [2023-12-16T05:34:19.886+0000] {dag.py:3696} INFO - Setting next_dagrun for spark_airflow_dag to None, run_after=None
[2023-12-16T05:34:19.906+0000] {processor.py:179} INFO - Processing /opt/airflow/dags/spark-dag-example.py took 0.071 seconds
[2023-12-16T05:34:50.111+0000] {processor.py:157} INFO - Started process (PID=677) to work on /opt/airflow/dags/spark-dag-example.py
[2023-12-16T05:34:50.112+0000] {processor.py:829} INFO - Processing file /opt/airflow/dags/spark-dag-example.py for tasks to queue
[2023-12-16T05:34:50.113+0000] {logging_mixin.py:151} INFO - [2023-12-16T05:34:50.113+0000] {dagbag.py:539} INFO - Filling up the DagBag from /opt/airflow/dags/spark-dag-example.py
[2023-12-16T05:34:50.125+0000] {processor.py:839} INFO - DAG(s) dict_keys(['spark_airflow_dag']) retrieved from /opt/airflow/dags/spark-dag-example.py
[2023-12-16T05:34:50.145+0000] {logging_mixin.py:151} INFO - [2023-12-16T05:34:50.144+0000] {dag.py:2915} INFO - Sync 1 DAGs
[2023-12-16T05:34:50.155+0000] {logging_mixin.py:151} INFO - [2023-12-16T05:34:50.155+0000] {dag.py:3696} INFO - Setting next_dagrun for spark_airflow_dag to None, run_after=None
[2023-12-16T05:34:50.172+0000] {processor.py:179} INFO - Processing /opt/airflow/dags/spark-dag-example.py took 0.063 seconds
[2023-12-16T05:35:20.379+0000] {processor.py:157} INFO - Started process (PID=687) to work on /opt/airflow/dags/spark-dag-example.py
[2023-12-16T05:35:20.379+0000] {processor.py:829} INFO - Processing file /opt/airflow/dags/spark-dag-example.py for tasks to queue
[2023-12-16T05:35:20.381+0000] {logging_mixin.py:151} INFO - [2023-12-16T05:35:20.380+0000] {dagbag.py:539} INFO - Filling up the DagBag from /opt/airflow/dags/spark-dag-example.py
[2023-12-16T05:35:20.391+0000] {processor.py:839} INFO - DAG(s) dict_keys(['spark_airflow_dag']) retrieved from /opt/airflow/dags/spark-dag-example.py
[2023-12-16T05:35:20.409+0000] {logging_mixin.py:151} INFO - [2023-12-16T05:35:20.409+0000] {dag.py:2915} INFO - Sync 1 DAGs
[2023-12-16T05:35:20.419+0000] {logging_mixin.py:151} INFO - [2023-12-16T05:35:20.419+0000] {dag.py:3696} INFO - Setting next_dagrun for spark_airflow_dag to None, run_after=None
[2023-12-16T05:35:20.437+0000] {processor.py:179} INFO - Processing /opt/airflow/dags/spark-dag-example.py took 0.060 seconds
[2023-12-16T05:35:50.654+0000] {processor.py:157} INFO - Started process (PID=697) to work on /opt/airflow/dags/spark-dag-example.py
[2023-12-16T05:35:50.655+0000] {processor.py:829} INFO - Processing file /opt/airflow/dags/spark-dag-example.py for tasks to queue
[2023-12-16T05:35:50.657+0000] {logging_mixin.py:151} INFO - [2023-12-16T05:35:50.657+0000] {dagbag.py:539} INFO - Filling up the DagBag from /opt/airflow/dags/spark-dag-example.py
[2023-12-16T05:35:50.671+0000] {processor.py:839} INFO - DAG(s) dict_keys(['spark_airflow_dag']) retrieved from /opt/airflow/dags/spark-dag-example.py
[2023-12-16T05:35:50.693+0000] {logging_mixin.py:151} INFO - [2023-12-16T05:35:50.692+0000] {dag.py:2915} INFO - Sync 1 DAGs
[2023-12-16T05:35:50.706+0000] {logging_mixin.py:151} INFO - [2023-12-16T05:35:50.706+0000] {dag.py:3696} INFO - Setting next_dagrun for spark_airflow_dag to None, run_after=None
[2023-12-16T05:35:50.728+0000] {processor.py:179} INFO - Processing /opt/airflow/dags/spark-dag-example.py took 0.076 seconds
[2023-12-16T05:36:20.947+0000] {processor.py:157} INFO - Started process (PID=709) to work on /opt/airflow/dags/spark-dag-example.py
[2023-12-16T05:36:20.948+0000] {processor.py:829} INFO - Processing file /opt/airflow/dags/spark-dag-example.py for tasks to queue
[2023-12-16T05:36:20.951+0000] {logging_mixin.py:151} INFO - [2023-12-16T05:36:20.950+0000] {dagbag.py:539} INFO - Filling up the DagBag from /opt/airflow/dags/spark-dag-example.py
[2023-12-16T05:36:20.971+0000] {processor.py:839} INFO - DAG(s) dict_keys(['spark_airflow_dag']) retrieved from /opt/airflow/dags/spark-dag-example.py
[2023-12-16T05:36:21.003+0000] {logging_mixin.py:151} INFO - [2023-12-16T05:36:21.002+0000] {dag.py:2915} INFO - Sync 1 DAGs
[2023-12-16T05:36:21.022+0000] {logging_mixin.py:151} INFO - [2023-12-16T05:36:21.022+0000] {dag.py:3696} INFO - Setting next_dagrun for spark_airflow_dag to None, run_after=None
[2023-12-16T05:36:21.046+0000] {processor.py:179} INFO - Processing /opt/airflow/dags/spark-dag-example.py took 0.102 seconds
[2023-12-16T05:36:51.228+0000] {processor.py:157} INFO - Started process (PID=903) to work on /opt/airflow/dags/spark-dag-example.py
[2023-12-16T05:36:51.229+0000] {processor.py:829} INFO - Processing file /opt/airflow/dags/spark-dag-example.py for tasks to queue
[2023-12-16T05:36:51.231+0000] {logging_mixin.py:151} INFO - [2023-12-16T05:36:51.230+0000] {dagbag.py:539} INFO - Filling up the DagBag from /opt/airflow/dags/spark-dag-example.py
[2023-12-16T05:36:51.245+0000] {processor.py:839} INFO - DAG(s) dict_keys(['spark_airflow_dag']) retrieved from /opt/airflow/dags/spark-dag-example.py
[2023-12-16T05:36:51.268+0000] {logging_mixin.py:151} INFO - [2023-12-16T05:36:51.268+0000] {dag.py:2915} INFO - Sync 1 DAGs
[2023-12-16T05:36:51.280+0000] {logging_mixin.py:151} INFO - [2023-12-16T05:36:51.280+0000] {dag.py:3696} INFO - Setting next_dagrun for spark_airflow_dag to None, run_after=None
[2023-12-16T05:36:51.299+0000] {processor.py:179} INFO - Processing /opt/airflow/dags/spark-dag-example.py took 0.074 seconds
[2023-12-16T05:37:21.475+0000] {processor.py:157} INFO - Started process (PID=1104) to work on /opt/airflow/dags/spark-dag-example.py
[2023-12-16T05:37:21.475+0000] {processor.py:829} INFO - Processing file /opt/airflow/dags/spark-dag-example.py for tasks to queue
[2023-12-16T05:37:21.477+0000] {logging_mixin.py:151} INFO - [2023-12-16T05:37:21.477+0000] {dagbag.py:539} INFO - Filling up the DagBag from /opt/airflow/dags/spark-dag-example.py
[2023-12-16T05:37:21.488+0000] {processor.py:839} INFO - DAG(s) dict_keys(['spark_airflow_dag']) retrieved from /opt/airflow/dags/spark-dag-example.py
[2023-12-16T05:37:21.507+0000] {logging_mixin.py:151} INFO - [2023-12-16T05:37:21.507+0000] {dag.py:2915} INFO - Sync 1 DAGs
[2023-12-16T05:37:21.517+0000] {logging_mixin.py:151} INFO - [2023-12-16T05:37:21.516+0000] {dag.py:3696} INFO - Setting next_dagrun for spark_airflow_dag to None, run_after=None
[2023-12-16T05:37:21.533+0000] {processor.py:179} INFO - Processing /opt/airflow/dags/spark-dag-example.py took 0.061 seconds
[2023-12-16T05:37:51.723+0000] {processor.py:157} INFO - Started process (PID=1375) to work on /opt/airflow/dags/spark-dag-example.py
[2023-12-16T05:37:51.724+0000] {processor.py:829} INFO - Processing file /opt/airflow/dags/spark-dag-example.py for tasks to queue
[2023-12-16T05:37:51.726+0000] {logging_mixin.py:151} INFO - [2023-12-16T05:37:51.725+0000] {dagbag.py:539} INFO - Filling up the DagBag from /opt/airflow/dags/spark-dag-example.py
[2023-12-16T05:37:51.741+0000] {processor.py:839} INFO - DAG(s) dict_keys(['spark_airflow_dag']) retrieved from /opt/airflow/dags/spark-dag-example.py
[2023-12-16T05:37:51.769+0000] {logging_mixin.py:151} INFO - [2023-12-16T05:37:51.768+0000] {dag.py:2915} INFO - Sync 1 DAGs
[2023-12-16T05:37:51.783+0000] {logging_mixin.py:151} INFO - [2023-12-16T05:37:51.783+0000] {dag.py:3696} INFO - Setting next_dagrun for spark_airflow_dag to None, run_after=None
[2023-12-16T05:37:51.810+0000] {processor.py:179} INFO - Processing /opt/airflow/dags/spark-dag-example.py took 0.089 seconds
[2023-12-16T05:38:21.999+0000] {processor.py:157} INFO - Started process (PID=1517) to work on /opt/airflow/dags/spark-dag-example.py
[2023-12-16T05:38:22.000+0000] {processor.py:829} INFO - Processing file /opt/airflow/dags/spark-dag-example.py for tasks to queue
[2023-12-16T05:38:22.001+0000] {logging_mixin.py:151} INFO - [2023-12-16T05:38:22.001+0000] {dagbag.py:539} INFO - Filling up the DagBag from /opt/airflow/dags/spark-dag-example.py
[2023-12-16T05:38:22.012+0000] {processor.py:839} INFO - DAG(s) dict_keys(['spark_airflow_dag']) retrieved from /opt/airflow/dags/spark-dag-example.py
[2023-12-16T05:38:22.031+0000] {logging_mixin.py:151} INFO - [2023-12-16T05:38:22.031+0000] {dag.py:2915} INFO - Sync 1 DAGs
[2023-12-16T05:38:22.041+0000] {logging_mixin.py:151} INFO - [2023-12-16T05:38:22.041+0000] {dag.py:3696} INFO - Setting next_dagrun for spark_airflow_dag to None, run_after=None
[2023-12-16T05:38:22.058+0000] {processor.py:179} INFO - Processing /opt/airflow/dags/spark-dag-example.py took 0.061 seconds
[2023-12-16T05:38:52.269+0000] {processor.py:157} INFO - Started process (PID=1527) to work on /opt/airflow/dags/spark-dag-example.py
[2023-12-16T05:38:52.270+0000] {processor.py:829} INFO - Processing file /opt/airflow/dags/spark-dag-example.py for tasks to queue
[2023-12-16T05:38:52.272+0000] {logging_mixin.py:151} INFO - [2023-12-16T05:38:52.272+0000] {dagbag.py:539} INFO - Filling up the DagBag from /opt/airflow/dags/spark-dag-example.py
[2023-12-16T05:38:52.285+0000] {processor.py:839} INFO - DAG(s) dict_keys(['spark_airflow_dag']) retrieved from /opt/airflow/dags/spark-dag-example.py
[2023-12-16T05:38:52.308+0000] {logging_mixin.py:151} INFO - [2023-12-16T05:38:52.308+0000] {dag.py:2915} INFO - Sync 1 DAGs
[2023-12-16T05:38:52.320+0000] {logging_mixin.py:151} INFO - [2023-12-16T05:38:52.319+0000] {dag.py:3696} INFO - Setting next_dagrun for spark_airflow_dag to None, run_after=None
[2023-12-16T05:38:52.342+0000] {processor.py:179} INFO - Processing /opt/airflow/dags/spark-dag-example.py took 0.075 seconds
[2023-12-16T05:39:22.540+0000] {processor.py:157} INFO - Started process (PID=1537) to work on /opt/airflow/dags/spark-dag-example.py
[2023-12-16T05:39:22.541+0000] {processor.py:829} INFO - Processing file /opt/airflow/dags/spark-dag-example.py for tasks to queue
[2023-12-16T05:39:22.542+0000] {logging_mixin.py:151} INFO - [2023-12-16T05:39:22.542+0000] {dagbag.py:539} INFO - Filling up the DagBag from /opt/airflow/dags/spark-dag-example.py
[2023-12-16T05:39:22.553+0000] {processor.py:839} INFO - DAG(s) dict_keys(['spark_airflow_dag']) retrieved from /opt/airflow/dags/spark-dag-example.py
[2023-12-16T05:39:22.572+0000] {logging_mixin.py:151} INFO - [2023-12-16T05:39:22.571+0000] {dag.py:2915} INFO - Sync 1 DAGs
[2023-12-16T05:39:22.582+0000] {logging_mixin.py:151} INFO - [2023-12-16T05:39:22.581+0000] {dag.py:3696} INFO - Setting next_dagrun for spark_airflow_dag to None, run_after=None
[2023-12-16T05:39:22.600+0000] {processor.py:179} INFO - Processing /opt/airflow/dags/spark-dag-example.py took 0.062 seconds
[2023-12-16T05:39:52.941+0000] {processor.py:157} INFO - Started process (PID=1555) to work on /opt/airflow/dags/spark-dag-example.py
[2023-12-16T05:39:52.941+0000] {processor.py:829} INFO - Processing file /opt/airflow/dags/spark-dag-example.py for tasks to queue
[2023-12-16T05:39:52.944+0000] {logging_mixin.py:151} INFO - [2023-12-16T05:39:52.943+0000] {dagbag.py:539} INFO - Filling up the DagBag from /opt/airflow/dags/spark-dag-example.py
[2023-12-16T05:39:52.956+0000] {processor.py:839} INFO - DAG(s) dict_keys(['spark_airflow_dag']) retrieved from /opt/airflow/dags/spark-dag-example.py
[2023-12-16T05:39:52.979+0000] {logging_mixin.py:151} INFO - [2023-12-16T05:39:52.979+0000] {dag.py:2915} INFO - Sync 1 DAGs
[2023-12-16T05:39:52.991+0000] {logging_mixin.py:151} INFO - [2023-12-16T05:39:52.991+0000] {dag.py:3696} INFO - Setting next_dagrun for spark_airflow_dag to None, run_after=None
[2023-12-16T05:39:53.013+0000] {processor.py:179} INFO - Processing /opt/airflow/dags/spark-dag-example.py took 0.074 seconds
[2023-12-16T05:40:23.187+0000] {processor.py:157} INFO - Started process (PID=1568) to work on /opt/airflow/dags/spark-dag-example.py
[2023-12-16T05:40:23.187+0000] {processor.py:829} INFO - Processing file /opt/airflow/dags/spark-dag-example.py for tasks to queue
[2023-12-16T05:40:23.189+0000] {logging_mixin.py:151} INFO - [2023-12-16T05:40:23.188+0000] {dagbag.py:539} INFO - Filling up the DagBag from /opt/airflow/dags/spark-dag-example.py
[2023-12-16T05:40:23.199+0000] {processor.py:839} INFO - DAG(s) dict_keys(['spark_airflow_dag']) retrieved from /opt/airflow/dags/spark-dag-example.py
[2023-12-16T05:40:23.218+0000] {logging_mixin.py:151} INFO - [2023-12-16T05:40:23.217+0000] {dag.py:2915} INFO - Sync 1 DAGs
[2023-12-16T05:40:23.227+0000] {logging_mixin.py:151} INFO - [2023-12-16T05:40:23.227+0000] {dag.py:3696} INFO - Setting next_dagrun for spark_airflow_dag to None, run_after=None
[2023-12-16T05:40:23.243+0000] {processor.py:179} INFO - Processing /opt/airflow/dags/spark-dag-example.py took 0.059 seconds
[2023-12-16T05:40:53.424+0000] {processor.py:157} INFO - Started process (PID=1578) to work on /opt/airflow/dags/spark-dag-example.py
[2023-12-16T05:40:53.425+0000] {processor.py:829} INFO - Processing file /opt/airflow/dags/spark-dag-example.py for tasks to queue
[2023-12-16T05:40:53.427+0000] {logging_mixin.py:151} INFO - [2023-12-16T05:40:53.426+0000] {dagbag.py:539} INFO - Filling up the DagBag from /opt/airflow/dags/spark-dag-example.py
[2023-12-16T05:40:53.441+0000] {processor.py:839} INFO - DAG(s) dict_keys(['spark_airflow_dag']) retrieved from /opt/airflow/dags/spark-dag-example.py
[2023-12-16T05:40:53.462+0000] {logging_mixin.py:151} INFO - [2023-12-16T05:40:53.462+0000] {dag.py:2915} INFO - Sync 1 DAGs
[2023-12-16T05:40:53.473+0000] {logging_mixin.py:151} INFO - [2023-12-16T05:40:53.472+0000] {dag.py:3696} INFO - Setting next_dagrun for spark_airflow_dag to None, run_after=None
[2023-12-16T05:40:53.493+0000] {processor.py:179} INFO - Processing /opt/airflow/dags/spark-dag-example.py took 0.070 seconds
[2023-12-16T05:41:23.684+0000] {processor.py:157} INFO - Started process (PID=1776) to work on /opt/airflow/dags/spark-dag-example.py
[2023-12-16T05:41:23.685+0000] {processor.py:829} INFO - Processing file /opt/airflow/dags/spark-dag-example.py for tasks to queue
[2023-12-16T05:41:23.687+0000] {logging_mixin.py:151} INFO - [2023-12-16T05:41:23.687+0000] {dagbag.py:539} INFO - Filling up the DagBag from /opt/airflow/dags/spark-dag-example.py
[2023-12-16T05:41:23.701+0000] {processor.py:839} INFO - DAG(s) dict_keys(['spark_airflow_dag']) retrieved from /opt/airflow/dags/spark-dag-example.py
[2023-12-16T05:41:23.725+0000] {logging_mixin.py:151} INFO - [2023-12-16T05:41:23.725+0000] {dag.py:2915} INFO - Sync 1 DAGs
[2023-12-16T05:41:23.738+0000] {logging_mixin.py:151} INFO - [2023-12-16T05:41:23.738+0000] {dag.py:3696} INFO - Setting next_dagrun for spark_airflow_dag to None, run_after=None
[2023-12-16T05:41:23.757+0000] {processor.py:179} INFO - Processing /opt/airflow/dags/spark-dag-example.py took 0.076 seconds
[2023-12-16T05:41:53.941+0000] {processor.py:157} INFO - Started process (PID=1971) to work on /opt/airflow/dags/spark-dag-example.py
[2023-12-16T05:41:53.942+0000] {processor.py:829} INFO - Processing file /opt/airflow/dags/spark-dag-example.py for tasks to queue
[2023-12-16T05:41:53.943+0000] {logging_mixin.py:151} INFO - [2023-12-16T05:41:53.943+0000] {dagbag.py:539} INFO - Filling up the DagBag from /opt/airflow/dags/spark-dag-example.py
[2023-12-16T05:41:53.955+0000] {processor.py:839} INFO - DAG(s) dict_keys(['spark_airflow_dag']) retrieved from /opt/airflow/dags/spark-dag-example.py
[2023-12-16T05:41:53.975+0000] {logging_mixin.py:151} INFO - [2023-12-16T05:41:53.974+0000] {dag.py:2915} INFO - Sync 1 DAGs
[2023-12-16T05:41:53.985+0000] {logging_mixin.py:151} INFO - [2023-12-16T05:41:53.985+0000] {dag.py:3696} INFO - Setting next_dagrun for spark_airflow_dag to None, run_after=None
[2023-12-16T05:41:54.001+0000] {processor.py:179} INFO - Processing /opt/airflow/dags/spark-dag-example.py took 0.062 seconds
[2023-12-16T05:42:24.272+0000] {processor.py:157} INFO - Started process (PID=1986) to work on /opt/airflow/dags/spark-dag-example.py
[2023-12-16T05:42:24.273+0000] {processor.py:829} INFO - Processing file /opt/airflow/dags/spark-dag-example.py for tasks to queue
[2023-12-16T05:42:24.276+0000] {logging_mixin.py:151} INFO - [2023-12-16T05:42:24.275+0000] {dagbag.py:539} INFO - Filling up the DagBag from /opt/airflow/dags/spark-dag-example.py
[2023-12-16T05:42:24.291+0000] {processor.py:839} INFO - DAG(s) dict_keys(['spark_airflow_dag']) retrieved from /opt/airflow/dags/spark-dag-example.py
[2023-12-16T05:42:24.317+0000] {logging_mixin.py:151} INFO - [2023-12-16T05:42:24.317+0000] {dag.py:2915} INFO - Sync 1 DAGs
[2023-12-16T05:42:24.328+0000] {logging_mixin.py:151} INFO - [2023-12-16T05:42:24.328+0000] {dag.py:3696} INFO - Setting next_dagrun for spark_airflow_dag to None, run_after=None
[2023-12-16T05:42:24.352+0000] {processor.py:179} INFO - Processing /opt/airflow/dags/spark-dag-example.py took 0.083 seconds
[2023-12-16T05:42:54.585+0000] {processor.py:157} INFO - Started process (PID=2347) to work on /opt/airflow/dags/spark-dag-example.py
[2023-12-16T05:42:54.586+0000] {processor.py:829} INFO - Processing file /opt/airflow/dags/spark-dag-example.py for tasks to queue
[2023-12-16T05:42:54.594+0000] {logging_mixin.py:151} INFO - [2023-12-16T05:42:54.593+0000] {dagbag.py:539} INFO - Filling up the DagBag from /opt/airflow/dags/spark-dag-example.py
[2023-12-16T05:42:54.620+0000] {processor.py:839} INFO - DAG(s) dict_keys(['spark_airflow_dag']) retrieved from /opt/airflow/dags/spark-dag-example.py
[2023-12-16T05:42:54.658+0000] {logging_mixin.py:151} INFO - [2023-12-16T05:42:54.658+0000] {dag.py:2915} INFO - Sync 1 DAGs
[2023-12-16T05:42:54.678+0000] {logging_mixin.py:151} INFO - [2023-12-16T05:42:54.677+0000] {dag.py:3696} INFO - Setting next_dagrun for spark_airflow_dag to None, run_after=None
[2023-12-16T05:42:54.712+0000] {processor.py:179} INFO - Processing /opt/airflow/dags/spark-dag-example.py took 0.133 seconds
[2023-12-16T05:43:24.920+0000] {processor.py:157} INFO - Started process (PID=2411) to work on /opt/airflow/dags/spark-dag-example.py
[2023-12-16T05:43:24.921+0000] {processor.py:829} INFO - Processing file /opt/airflow/dags/spark-dag-example.py for tasks to queue
[2023-12-16T05:43:24.923+0000] {logging_mixin.py:151} INFO - [2023-12-16T05:43:24.923+0000] {dagbag.py:539} INFO - Filling up the DagBag from /opt/airflow/dags/spark-dag-example.py
[2023-12-16T05:43:24.935+0000] {processor.py:839} INFO - DAG(s) dict_keys(['spark_airflow_dag']) retrieved from /opt/airflow/dags/spark-dag-example.py
[2023-12-16T05:43:24.956+0000] {logging_mixin.py:151} INFO - [2023-12-16T05:43:24.956+0000] {dag.py:2915} INFO - Sync 1 DAGs
[2023-12-16T05:43:24.967+0000] {logging_mixin.py:151} INFO - [2023-12-16T05:43:24.967+0000] {dag.py:3696} INFO - Setting next_dagrun for spark_airflow_dag to None, run_after=None
[2023-12-16T05:43:24.988+0000] {processor.py:179} INFO - Processing /opt/airflow/dags/spark-dag-example.py took 0.070 seconds
[2023-12-16T05:43:55.195+0000] {processor.py:157} INFO - Started process (PID=2421) to work on /opt/airflow/dags/spark-dag-example.py
[2023-12-16T05:43:55.196+0000] {processor.py:829} INFO - Processing file /opt/airflow/dags/spark-dag-example.py for tasks to queue
[2023-12-16T05:43:55.197+0000] {logging_mixin.py:151} INFO - [2023-12-16T05:43:55.197+0000] {dagbag.py:539} INFO - Filling up the DagBag from /opt/airflow/dags/spark-dag-example.py
[2023-12-16T05:43:55.209+0000] {processor.py:839} INFO - DAG(s) dict_keys(['spark_airflow_dag']) retrieved from /opt/airflow/dags/spark-dag-example.py
[2023-12-16T05:43:55.227+0000] {logging_mixin.py:151} INFO - [2023-12-16T05:43:55.226+0000] {dag.py:2915} INFO - Sync 1 DAGs
[2023-12-16T05:43:55.237+0000] {logging_mixin.py:151} INFO - [2023-12-16T05:43:55.236+0000] {dag.py:3696} INFO - Setting next_dagrun for spark_airflow_dag to None, run_after=None
[2023-12-16T05:43:55.253+0000] {processor.py:179} INFO - Processing /opt/airflow/dags/spark-dag-example.py took 0.060 seconds
[2023-12-16T05:44:25.437+0000] {processor.py:157} INFO - Started process (PID=2431) to work on /opt/airflow/dags/spark-dag-example.py
[2023-12-16T05:44:25.437+0000] {processor.py:829} INFO - Processing file /opt/airflow/dags/spark-dag-example.py for tasks to queue
[2023-12-16T05:44:25.439+0000] {logging_mixin.py:151} INFO - [2023-12-16T05:44:25.438+0000] {dagbag.py:539} INFO - Filling up the DagBag from /opt/airflow/dags/spark-dag-example.py
[2023-12-16T05:44:25.449+0000] {processor.py:839} INFO - DAG(s) dict_keys(['spark_airflow_dag']) retrieved from /opt/airflow/dags/spark-dag-example.py
[2023-12-16T05:44:25.467+0000] {logging_mixin.py:151} INFO - [2023-12-16T05:44:25.466+0000] {dag.py:2915} INFO - Sync 1 DAGs
[2023-12-16T05:44:25.476+0000] {logging_mixin.py:151} INFO - [2023-12-16T05:44:25.476+0000] {dag.py:3696} INFO - Setting next_dagrun for spark_airflow_dag to None, run_after=None
[2023-12-16T05:44:25.494+0000] {processor.py:179} INFO - Processing /opt/airflow/dags/spark-dag-example.py took 0.059 seconds
[2023-12-16T05:44:55.692+0000] {processor.py:157} INFO - Started process (PID=2441) to work on /opt/airflow/dags/spark-dag-example.py
[2023-12-16T05:44:55.692+0000] {processor.py:829} INFO - Processing file /opt/airflow/dags/spark-dag-example.py for tasks to queue
[2023-12-16T05:44:55.694+0000] {logging_mixin.py:151} INFO - [2023-12-16T05:44:55.694+0000] {dagbag.py:539} INFO - Filling up the DagBag from /opt/airflow/dags/spark-dag-example.py
[2023-12-16T05:44:55.707+0000] {processor.py:839} INFO - DAG(s) dict_keys(['spark_airflow_dag']) retrieved from /opt/airflow/dags/spark-dag-example.py
[2023-12-16T05:44:55.731+0000] {logging_mixin.py:151} INFO - [2023-12-16T05:44:55.730+0000] {dag.py:2915} INFO - Sync 1 DAGs
[2023-12-16T05:44:55.742+0000] {logging_mixin.py:151} INFO - [2023-12-16T05:44:55.742+0000] {dag.py:3696} INFO - Setting next_dagrun for spark_airflow_dag to None, run_after=None
[2023-12-16T05:44:55.765+0000] {processor.py:179} INFO - Processing /opt/airflow/dags/spark-dag-example.py took 0.075 seconds
[2023-12-16T05:45:25.964+0000] {processor.py:157} INFO - Started process (PID=2451) to work on /opt/airflow/dags/spark-dag-example.py
[2023-12-16T05:45:25.965+0000] {processor.py:829} INFO - Processing file /opt/airflow/dags/spark-dag-example.py for tasks to queue
[2023-12-16T05:45:25.967+0000] {logging_mixin.py:151} INFO - [2023-12-16T05:45:25.967+0000] {dagbag.py:539} INFO - Filling up the DagBag from /opt/airflow/dags/spark-dag-example.py
[2023-12-16T05:45:25.980+0000] {processor.py:839} INFO - DAG(s) dict_keys(['spark_airflow_dag']) retrieved from /opt/airflow/dags/spark-dag-example.py
[2023-12-16T05:45:26.002+0000] {logging_mixin.py:151} INFO - [2023-12-16T05:45:26.001+0000] {dag.py:2915} INFO - Sync 1 DAGs
[2023-12-16T05:45:26.013+0000] {logging_mixin.py:151} INFO - [2023-12-16T05:45:26.013+0000] {dag.py:3696} INFO - Setting next_dagrun for spark_airflow_dag to None, run_after=None
[2023-12-16T05:45:26.035+0000] {processor.py:179} INFO - Processing /opt/airflow/dags/spark-dag-example.py took 0.073 seconds
[2023-12-16T05:45:56.230+0000] {processor.py:157} INFO - Started process (PID=2461) to work on /opt/airflow/dags/spark-dag-example.py
[2023-12-16T05:45:56.230+0000] {processor.py:829} INFO - Processing file /opt/airflow/dags/spark-dag-example.py for tasks to queue
[2023-12-16T05:45:56.232+0000] {logging_mixin.py:151} INFO - [2023-12-16T05:45:56.232+0000] {dagbag.py:539} INFO - Filling up the DagBag from /opt/airflow/dags/spark-dag-example.py
[2023-12-16T05:45:56.244+0000] {processor.py:839} INFO - DAG(s) dict_keys(['spark_airflow_dag']) retrieved from /opt/airflow/dags/spark-dag-example.py
[2023-12-16T05:45:56.265+0000] {logging_mixin.py:151} INFO - [2023-12-16T05:45:56.265+0000] {dag.py:2915} INFO - Sync 1 DAGs
[2023-12-16T05:45:56.276+0000] {logging_mixin.py:151} INFO - [2023-12-16T05:45:56.276+0000] {dag.py:3696} INFO - Setting next_dagrun for spark_airflow_dag to None, run_after=None
[2023-12-16T05:45:56.298+0000] {processor.py:179} INFO - Processing /opt/airflow/dags/spark-dag-example.py took 0.070 seconds
[2023-12-16T05:46:26.498+0000] {processor.py:157} INFO - Started process (PID=2471) to work on /opt/airflow/dags/spark-dag-example.py
[2023-12-16T05:46:26.499+0000] {processor.py:829} INFO - Processing file /opt/airflow/dags/spark-dag-example.py for tasks to queue
[2023-12-16T05:46:26.500+0000] {logging_mixin.py:151} INFO - [2023-12-16T05:46:26.500+0000] {dagbag.py:539} INFO - Filling up the DagBag from /opt/airflow/dags/spark-dag-example.py
[2023-12-16T05:46:26.520+0000] {processor.py:839} INFO - DAG(s) dict_keys(['spark_airflow_dag']) retrieved from /opt/airflow/dags/spark-dag-example.py
[2023-12-16T05:46:26.543+0000] {logging_mixin.py:151} INFO - [2023-12-16T05:46:26.542+0000] {dag.py:2915} INFO - Sync 1 DAGs
[2023-12-16T05:46:26.553+0000] {logging_mixin.py:151} INFO - [2023-12-16T05:46:26.553+0000] {dag.py:3696} INFO - Setting next_dagrun for spark_airflow_dag to None, run_after=None
[2023-12-16T05:46:26.575+0000] {processor.py:179} INFO - Processing /opt/airflow/dags/spark-dag-example.py took 0.079 seconds
[2023-12-16T05:46:56.790+0000] {processor.py:157} INFO - Started process (PID=2481) to work on /opt/airflow/dags/spark-dag-example.py
[2023-12-16T05:46:56.791+0000] {processor.py:829} INFO - Processing file /opt/airflow/dags/spark-dag-example.py for tasks to queue
[2023-12-16T05:46:56.793+0000] {logging_mixin.py:151} INFO - [2023-12-16T05:46:56.792+0000] {dagbag.py:539} INFO - Filling up the DagBag from /opt/airflow/dags/spark-dag-example.py
[2023-12-16T05:46:56.807+0000] {processor.py:839} INFO - DAG(s) dict_keys(['spark_airflow_dag']) retrieved from /opt/airflow/dags/spark-dag-example.py
[2023-12-16T05:46:56.828+0000] {logging_mixin.py:151} INFO - [2023-12-16T05:46:56.827+0000] {dag.py:2915} INFO - Sync 1 DAGs
[2023-12-16T05:46:56.839+0000] {logging_mixin.py:151} INFO - [2023-12-16T05:46:56.839+0000] {dag.py:3696} INFO - Setting next_dagrun for spark_airflow_dag to None, run_after=None
[2023-12-16T05:46:56.858+0000] {processor.py:179} INFO - Processing /opt/airflow/dags/spark-dag-example.py took 0.070 seconds
[2023-12-16T05:47:27.052+0000] {processor.py:157} INFO - Started process (PID=2491) to work on /opt/airflow/dags/spark-dag-example.py
[2023-12-16T05:47:27.052+0000] {processor.py:829} INFO - Processing file /opt/airflow/dags/spark-dag-example.py for tasks to queue
[2023-12-16T05:47:27.054+0000] {logging_mixin.py:151} INFO - [2023-12-16T05:47:27.054+0000] {dagbag.py:539} INFO - Filling up the DagBag from /opt/airflow/dags/spark-dag-example.py
[2023-12-16T05:47:27.065+0000] {processor.py:839} INFO - DAG(s) dict_keys(['spark_airflow_dag']) retrieved from /opt/airflow/dags/spark-dag-example.py
[2023-12-16T05:47:27.084+0000] {logging_mixin.py:151} INFO - [2023-12-16T05:47:27.084+0000] {dag.py:2915} INFO - Sync 1 DAGs
[2023-12-16T05:47:27.093+0000] {logging_mixin.py:151} INFO - [2023-12-16T05:47:27.093+0000] {dag.py:3696} INFO - Setting next_dagrun for spark_airflow_dag to None, run_after=None
[2023-12-16T05:47:27.110+0000] {processor.py:179} INFO - Processing /opt/airflow/dags/spark-dag-example.py took 0.060 seconds
[2023-12-16T05:47:57.300+0000] {processor.py:157} INFO - Started process (PID=2501) to work on /opt/airflow/dags/spark-dag-example.py
[2023-12-16T05:47:57.301+0000] {processor.py:829} INFO - Processing file /opt/airflow/dags/spark-dag-example.py for tasks to queue
[2023-12-16T05:47:57.302+0000] {logging_mixin.py:151} INFO - [2023-12-16T05:47:57.302+0000] {dagbag.py:539} INFO - Filling up the DagBag from /opt/airflow/dags/spark-dag-example.py
[2023-12-16T05:47:57.316+0000] {processor.py:839} INFO - DAG(s) dict_keys(['spark_airflow_dag']) retrieved from /opt/airflow/dags/spark-dag-example.py
[2023-12-16T05:47:57.338+0000] {logging_mixin.py:151} INFO - [2023-12-16T05:47:57.337+0000] {dag.py:2915} INFO - Sync 1 DAGs
[2023-12-16T05:47:57.349+0000] {logging_mixin.py:151} INFO - [2023-12-16T05:47:57.349+0000] {dag.py:3696} INFO - Setting next_dagrun for spark_airflow_dag to None, run_after=None
[2023-12-16T05:47:57.370+0000] {processor.py:179} INFO - Processing /opt/airflow/dags/spark-dag-example.py took 0.072 seconds
[2023-12-16T05:48:27.587+0000] {processor.py:157} INFO - Started process (PID=2511) to work on /opt/airflow/dags/spark-dag-example.py
[2023-12-16T05:48:27.588+0000] {processor.py:829} INFO - Processing file /opt/airflow/dags/spark-dag-example.py for tasks to queue
[2023-12-16T05:48:27.590+0000] {logging_mixin.py:151} INFO - [2023-12-16T05:48:27.590+0000] {dagbag.py:539} INFO - Filling up the DagBag from /opt/airflow/dags/spark-dag-example.py
[2023-12-16T05:48:27.604+0000] {processor.py:839} INFO - DAG(s) dict_keys(['spark_airflow_dag']) retrieved from /opt/airflow/dags/spark-dag-example.py
[2023-12-16T05:48:27.627+0000] {logging_mixin.py:151} INFO - [2023-12-16T05:48:27.626+0000] {dag.py:2915} INFO - Sync 1 DAGs
[2023-12-16T05:48:27.639+0000] {logging_mixin.py:151} INFO - [2023-12-16T05:48:27.638+0000] {dag.py:3696} INFO - Setting next_dagrun for spark_airflow_dag to None, run_after=None
[2023-12-16T05:48:27.661+0000] {processor.py:179} INFO - Processing /opt/airflow/dags/spark-dag-example.py took 0.076 seconds
[2023-12-16T05:48:57.872+0000] {processor.py:157} INFO - Started process (PID=2521) to work on /opt/airflow/dags/spark-dag-example.py
[2023-12-16T05:48:57.873+0000] {processor.py:829} INFO - Processing file /opt/airflow/dags/spark-dag-example.py for tasks to queue
[2023-12-16T05:48:57.874+0000] {logging_mixin.py:151} INFO - [2023-12-16T05:48:57.874+0000] {dagbag.py:539} INFO - Filling up the DagBag from /opt/airflow/dags/spark-dag-example.py
[2023-12-16T05:48:57.887+0000] {processor.py:839} INFO - DAG(s) dict_keys(['spark_airflow_dag']) retrieved from /opt/airflow/dags/spark-dag-example.py
[2023-12-16T05:48:57.908+0000] {logging_mixin.py:151} INFO - [2023-12-16T05:48:57.908+0000] {dag.py:2915} INFO - Sync 1 DAGs
[2023-12-16T05:48:57.919+0000] {logging_mixin.py:151} INFO - [2023-12-16T05:48:57.919+0000] {dag.py:3696} INFO - Setting next_dagrun for spark_airflow_dag to None, run_after=None
[2023-12-16T05:48:57.936+0000] {processor.py:179} INFO - Processing /opt/airflow/dags/spark-dag-example.py took 0.066 seconds
[2023-12-16T05:49:28.124+0000] {processor.py:157} INFO - Started process (PID=2531) to work on /opt/airflow/dags/spark-dag-example.py
[2023-12-16T05:49:28.125+0000] {processor.py:829} INFO - Processing file /opt/airflow/dags/spark-dag-example.py for tasks to queue
[2023-12-16T05:49:28.127+0000] {logging_mixin.py:151} INFO - [2023-12-16T05:49:28.126+0000] {dagbag.py:539} INFO - Filling up the DagBag from /opt/airflow/dags/spark-dag-example.py
[2023-12-16T05:49:28.140+0000] {processor.py:839} INFO - DAG(s) dict_keys(['spark_airflow_dag']) retrieved from /opt/airflow/dags/spark-dag-example.py
[2023-12-16T05:49:28.161+0000] {logging_mixin.py:151} INFO - [2023-12-16T05:49:28.160+0000] {dag.py:2915} INFO - Sync 1 DAGs
[2023-12-16T05:49:28.173+0000] {logging_mixin.py:151} INFO - [2023-12-16T05:49:28.172+0000] {dag.py:3696} INFO - Setting next_dagrun for spark_airflow_dag to None, run_after=None
[2023-12-16T05:49:28.189+0000] {processor.py:179} INFO - Processing /opt/airflow/dags/spark-dag-example.py took 0.067 seconds
[2023-12-16T05:49:58.388+0000] {processor.py:157} INFO - Started process (PID=2541) to work on /opt/airflow/dags/spark-dag-example.py
[2023-12-16T05:49:58.388+0000] {processor.py:829} INFO - Processing file /opt/airflow/dags/spark-dag-example.py for tasks to queue
[2023-12-16T05:49:58.391+0000] {logging_mixin.py:151} INFO - [2023-12-16T05:49:58.390+0000] {dagbag.py:539} INFO - Filling up the DagBag from /opt/airflow/dags/spark-dag-example.py
[2023-12-16T05:49:58.406+0000] {processor.py:839} INFO - DAG(s) dict_keys(['spark_airflow_dag']) retrieved from /opt/airflow/dags/spark-dag-example.py
[2023-12-16T05:49:58.428+0000] {logging_mixin.py:151} INFO - [2023-12-16T05:49:58.427+0000] {dag.py:2915} INFO - Sync 1 DAGs
[2023-12-16T05:49:58.439+0000] {logging_mixin.py:151} INFO - [2023-12-16T05:49:58.439+0000] {dag.py:3696} INFO - Setting next_dagrun for spark_airflow_dag to None, run_after=None
[2023-12-16T05:49:58.458+0000] {processor.py:179} INFO - Processing /opt/airflow/dags/spark-dag-example.py took 0.073 seconds
[2023-12-16T05:50:28.665+0000] {processor.py:157} INFO - Started process (PID=2551) to work on /opt/airflow/dags/spark-dag-example.py
[2023-12-16T05:50:28.666+0000] {processor.py:829} INFO - Processing file /opt/airflow/dags/spark-dag-example.py for tasks to queue
[2023-12-16T05:50:28.668+0000] {logging_mixin.py:151} INFO - [2023-12-16T05:50:28.667+0000] {dagbag.py:539} INFO - Filling up the DagBag from /opt/airflow/dags/spark-dag-example.py
[2023-12-16T05:50:28.679+0000] {processor.py:839} INFO - DAG(s) dict_keys(['spark_airflow_dag']) retrieved from /opt/airflow/dags/spark-dag-example.py
[2023-12-16T05:50:28.700+0000] {logging_mixin.py:151} INFO - [2023-12-16T05:50:28.700+0000] {dag.py:2915} INFO - Sync 1 DAGs
[2023-12-16T05:50:28.711+0000] {logging_mixin.py:151} INFO - [2023-12-16T05:50:28.711+0000] {dag.py:3696} INFO - Setting next_dagrun for spark_airflow_dag to None, run_after=None
[2023-12-16T05:50:28.732+0000] {processor.py:179} INFO - Processing /opt/airflow/dags/spark-dag-example.py took 0.069 seconds
[2023-12-16T05:50:58.950+0000] {processor.py:157} INFO - Started process (PID=2561) to work on /opt/airflow/dags/spark-dag-example.py
[2023-12-16T05:50:58.950+0000] {processor.py:829} INFO - Processing file /opt/airflow/dags/spark-dag-example.py for tasks to queue
[2023-12-16T05:50:58.952+0000] {logging_mixin.py:151} INFO - [2023-12-16T05:50:58.952+0000] {dagbag.py:539} INFO - Filling up the DagBag from /opt/airflow/dags/spark-dag-example.py
[2023-12-16T05:50:58.964+0000] {processor.py:839} INFO - DAG(s) dict_keys(['spark_airflow_dag']) retrieved from /opt/airflow/dags/spark-dag-example.py
[2023-12-16T05:50:58.987+0000] {logging_mixin.py:151} INFO - [2023-12-16T05:50:58.986+0000] {dag.py:2915} INFO - Sync 1 DAGs
[2023-12-16T05:50:58.997+0000] {logging_mixin.py:151} INFO - [2023-12-16T05:50:58.997+0000] {dag.py:3696} INFO - Setting next_dagrun for spark_airflow_dag to None, run_after=None
[2023-12-16T05:50:59.017+0000] {processor.py:179} INFO - Processing /opt/airflow/dags/spark-dag-example.py took 0.070 seconds
[2023-12-16T05:51:29.218+0000] {processor.py:157} INFO - Started process (PID=2571) to work on /opt/airflow/dags/spark-dag-example.py
[2023-12-16T05:51:29.219+0000] {processor.py:829} INFO - Processing file /opt/airflow/dags/spark-dag-example.py for tasks to queue
[2023-12-16T05:51:29.221+0000] {logging_mixin.py:151} INFO - [2023-12-16T05:51:29.220+0000] {dagbag.py:539} INFO - Filling up the DagBag from /opt/airflow/dags/spark-dag-example.py
[2023-12-16T05:51:29.233+0000] {processor.py:839} INFO - DAG(s) dict_keys(['spark_airflow_dag']) retrieved from /opt/airflow/dags/spark-dag-example.py
[2023-12-16T05:51:29.254+0000] {logging_mixin.py:151} INFO - [2023-12-16T05:51:29.253+0000] {dag.py:2915} INFO - Sync 1 DAGs
[2023-12-16T05:51:29.265+0000] {logging_mixin.py:151} INFO - [2023-12-16T05:51:29.265+0000] {dag.py:3696} INFO - Setting next_dagrun for spark_airflow_dag to None, run_after=None
[2023-12-16T05:51:29.284+0000] {processor.py:179} INFO - Processing /opt/airflow/dags/spark-dag-example.py took 0.068 seconds
[2023-12-16T05:51:59.490+0000] {processor.py:157} INFO - Started process (PID=2581) to work on /opt/airflow/dags/spark-dag-example.py
[2023-12-16T05:51:59.490+0000] {processor.py:829} INFO - Processing file /opt/airflow/dags/spark-dag-example.py for tasks to queue
[2023-12-16T05:51:59.492+0000] {logging_mixin.py:151} INFO - [2023-12-16T05:51:59.492+0000] {dagbag.py:539} INFO - Filling up the DagBag from /opt/airflow/dags/spark-dag-example.py
[2023-12-16T05:51:59.502+0000] {processor.py:839} INFO - DAG(s) dict_keys(['spark_airflow_dag']) retrieved from /opt/airflow/dags/spark-dag-example.py
[2023-12-16T05:51:59.521+0000] {logging_mixin.py:151} INFO - [2023-12-16T05:51:59.521+0000] {dag.py:2915} INFO - Sync 1 DAGs
[2023-12-16T05:51:59.531+0000] {logging_mixin.py:151} INFO - [2023-12-16T05:51:59.531+0000] {dag.py:3696} INFO - Setting next_dagrun for spark_airflow_dag to None, run_after=None
[2023-12-16T05:51:59.549+0000] {processor.py:179} INFO - Processing /opt/airflow/dags/spark-dag-example.py took 0.061 seconds
[2023-12-16T05:52:29.734+0000] {processor.py:157} INFO - Started process (PID=2591) to work on /opt/airflow/dags/spark-dag-example.py
[2023-12-16T05:52:29.735+0000] {processor.py:829} INFO - Processing file /opt/airflow/dags/spark-dag-example.py for tasks to queue
[2023-12-16T05:52:29.737+0000] {logging_mixin.py:151} INFO - [2023-12-16T05:52:29.737+0000] {dagbag.py:539} INFO - Filling up the DagBag from /opt/airflow/dags/spark-dag-example.py
[2023-12-16T05:52:29.749+0000] {processor.py:839} INFO - DAG(s) dict_keys(['spark_airflow_dag']) retrieved from /opt/airflow/dags/spark-dag-example.py
[2023-12-16T05:52:29.767+0000] {logging_mixin.py:151} INFO - [2023-12-16T05:52:29.767+0000] {dag.py:2915} INFO - Sync 1 DAGs
[2023-12-16T05:52:29.777+0000] {logging_mixin.py:151} INFO - [2023-12-16T05:52:29.777+0000] {dag.py:3696} INFO - Setting next_dagrun for spark_airflow_dag to None, run_after=None
[2023-12-16T05:52:29.793+0000] {processor.py:179} INFO - Processing /opt/airflow/dags/spark-dag-example.py took 0.061 seconds
[2023-12-16T05:53:00.021+0000] {processor.py:157} INFO - Started process (PID=2601) to work on /opt/airflow/dags/spark-dag-example.py
[2023-12-16T05:53:00.022+0000] {processor.py:829} INFO - Processing file /opt/airflow/dags/spark-dag-example.py for tasks to queue
[2023-12-16T05:53:00.025+0000] {logging_mixin.py:151} INFO - [2023-12-16T05:53:00.024+0000] {dagbag.py:539} INFO - Filling up the DagBag from /opt/airflow/dags/spark-dag-example.py
[2023-12-16T05:53:00.044+0000] {processor.py:839} INFO - DAG(s) dict_keys(['spark_airflow_dag']) retrieved from /opt/airflow/dags/spark-dag-example.py
[2023-12-16T05:53:00.067+0000] {logging_mixin.py:151} INFO - [2023-12-16T05:53:00.067+0000] {dag.py:2915} INFO - Sync 1 DAGs
[2023-12-16T05:53:00.078+0000] {logging_mixin.py:151} INFO - [2023-12-16T05:53:00.077+0000] {dag.py:3696} INFO - Setting next_dagrun for spark_airflow_dag to None, run_after=None
[2023-12-16T05:53:00.101+0000] {processor.py:179} INFO - Processing /opt/airflow/dags/spark-dag-example.py took 0.084 seconds
[2023-12-16T05:53:30.279+0000] {processor.py:157} INFO - Started process (PID=2611) to work on /opt/airflow/dags/spark-dag-example.py
[2023-12-16T05:53:30.280+0000] {processor.py:829} INFO - Processing file /opt/airflow/dags/spark-dag-example.py for tasks to queue
[2023-12-16T05:53:30.282+0000] {logging_mixin.py:151} INFO - [2023-12-16T05:53:30.281+0000] {dagbag.py:539} INFO - Filling up the DagBag from /opt/airflow/dags/spark-dag-example.py
[2023-12-16T05:53:30.295+0000] {processor.py:839} INFO - DAG(s) dict_keys(['spark_airflow_dag']) retrieved from /opt/airflow/dags/spark-dag-example.py
[2023-12-16T05:53:30.314+0000] {logging_mixin.py:151} INFO - [2023-12-16T05:53:30.314+0000] {dag.py:2915} INFO - Sync 1 DAGs
[2023-12-16T05:53:30.324+0000] {logging_mixin.py:151} INFO - [2023-12-16T05:53:30.324+0000] {dag.py:3696} INFO - Setting next_dagrun for spark_airflow_dag to None, run_after=None
[2023-12-16T05:53:30.342+0000] {processor.py:179} INFO - Processing /opt/airflow/dags/spark-dag-example.py took 0.065 seconds
[2023-12-16T05:54:00.545+0000] {processor.py:157} INFO - Started process (PID=2621) to work on /opt/airflow/dags/spark-dag-example.py
[2023-12-16T05:54:00.546+0000] {processor.py:829} INFO - Processing file /opt/airflow/dags/spark-dag-example.py for tasks to queue
[2023-12-16T05:54:00.548+0000] {logging_mixin.py:151} INFO - [2023-12-16T05:54:00.548+0000] {dagbag.py:539} INFO - Filling up the DagBag from /opt/airflow/dags/spark-dag-example.py
[2023-12-16T05:54:00.562+0000] {processor.py:839} INFO - DAG(s) dict_keys(['spark_airflow_dag']) retrieved from /opt/airflow/dags/spark-dag-example.py
[2023-12-16T05:54:00.582+0000] {logging_mixin.py:151} INFO - [2023-12-16T05:54:00.582+0000] {dag.py:2915} INFO - Sync 1 DAGs
[2023-12-16T05:54:00.593+0000] {logging_mixin.py:151} INFO - [2023-12-16T05:54:00.593+0000] {dag.py:3696} INFO - Setting next_dagrun for spark_airflow_dag to None, run_after=None
[2023-12-16T05:54:00.613+0000] {processor.py:179} INFO - Processing /opt/airflow/dags/spark-dag-example.py took 0.070 seconds
[2023-12-16T05:54:30.809+0000] {processor.py:157} INFO - Started process (PID=2989) to work on /opt/airflow/dags/spark-dag-example.py
[2023-12-16T05:54:30.810+0000] {processor.py:829} INFO - Processing file /opt/airflow/dags/spark-dag-example.py for tasks to queue
[2023-12-16T05:54:30.813+0000] {logging_mixin.py:151} INFO - [2023-12-16T05:54:30.813+0000] {dagbag.py:539} INFO - Filling up the DagBag from /opt/airflow/dags/spark-dag-example.py
[2023-12-16T05:54:30.832+0000] {processor.py:839} INFO - DAG(s) dict_keys(['spark_airflow_dag']) retrieved from /opt/airflow/dags/spark-dag-example.py
[2023-12-16T05:54:30.866+0000] {logging_mixin.py:151} INFO - [2023-12-16T05:54:30.865+0000] {dag.py:2915} INFO - Sync 1 DAGs
[2023-12-16T05:54:30.887+0000] {logging_mixin.py:151} INFO - [2023-12-16T05:54:30.887+0000] {dag.py:3696} INFO - Setting next_dagrun for spark_airflow_dag to None, run_after=None
[2023-12-16T05:54:30.922+0000] {processor.py:179} INFO - Processing /opt/airflow/dags/spark-dag-example.py took 0.117 seconds
[2023-12-16T05:55:01.120+0000] {processor.py:157} INFO - Started process (PID=3036) to work on /opt/airflow/dags/spark-dag-example.py
[2023-12-16T05:55:01.121+0000] {processor.py:829} INFO - Processing file /opt/airflow/dags/spark-dag-example.py for tasks to queue
[2023-12-16T05:55:01.123+0000] {logging_mixin.py:151} INFO - [2023-12-16T05:55:01.122+0000] {dagbag.py:539} INFO - Filling up the DagBag from /opt/airflow/dags/spark-dag-example.py
[2023-12-16T05:55:01.136+0000] {processor.py:839} INFO - DAG(s) dict_keys(['spark_airflow_dag']) retrieved from /opt/airflow/dags/spark-dag-example.py
[2023-12-16T05:55:01.154+0000] {logging_mixin.py:151} INFO - [2023-12-16T05:55:01.154+0000] {dag.py:2915} INFO - Sync 1 DAGs
[2023-12-16T05:55:01.164+0000] {logging_mixin.py:151} INFO - [2023-12-16T05:55:01.164+0000] {dag.py:3696} INFO - Setting next_dagrun for spark_airflow_dag to None, run_after=None
[2023-12-16T05:55:01.181+0000] {processor.py:179} INFO - Processing /opt/airflow/dags/spark-dag-example.py took 0.063 seconds
[2023-12-16T05:55:31.374+0000] {processor.py:157} INFO - Started process (PID=3046) to work on /opt/airflow/dags/spark-dag-example.py
[2023-12-16T05:55:31.375+0000] {processor.py:829} INFO - Processing file /opt/airflow/dags/spark-dag-example.py for tasks to queue
[2023-12-16T05:55:31.377+0000] {logging_mixin.py:151} INFO - [2023-12-16T05:55:31.377+0000] {dagbag.py:539} INFO - Filling up the DagBag from /opt/airflow/dags/spark-dag-example.py
[2023-12-16T05:55:31.391+0000] {processor.py:839} INFO - DAG(s) dict_keys(['spark_airflow_dag']) retrieved from /opt/airflow/dags/spark-dag-example.py
[2023-12-16T05:55:31.412+0000] {logging_mixin.py:151} INFO - [2023-12-16T05:55:31.412+0000] {dag.py:2915} INFO - Sync 1 DAGs
[2023-12-16T05:55:31.423+0000] {logging_mixin.py:151} INFO - [2023-12-16T05:55:31.422+0000] {dag.py:3696} INFO - Setting next_dagrun for spark_airflow_dag to None, run_after=None
[2023-12-16T05:55:31.442+0000] {processor.py:179} INFO - Processing /opt/airflow/dags/spark-dag-example.py took 0.069 seconds
[2023-12-16T05:56:01.624+0000] {processor.py:157} INFO - Started process (PID=3056) to work on /opt/airflow/dags/spark-dag-example.py
[2023-12-16T05:56:01.624+0000] {processor.py:829} INFO - Processing file /opt/airflow/dags/spark-dag-example.py for tasks to queue
[2023-12-16T05:56:01.626+0000] {logging_mixin.py:151} INFO - [2023-12-16T05:56:01.625+0000] {dagbag.py:539} INFO - Filling up the DagBag from /opt/airflow/dags/spark-dag-example.py
[2023-12-16T05:56:01.637+0000] {processor.py:839} INFO - DAG(s) dict_keys(['spark_airflow_dag']) retrieved from /opt/airflow/dags/spark-dag-example.py
[2023-12-16T05:56:01.657+0000] {logging_mixin.py:151} INFO - [2023-12-16T05:56:01.656+0000] {dag.py:2915} INFO - Sync 1 DAGs
[2023-12-16T05:56:01.666+0000] {logging_mixin.py:151} INFO - [2023-12-16T05:56:01.666+0000] {dag.py:3696} INFO - Setting next_dagrun for spark_airflow_dag to None, run_after=None
[2023-12-16T05:56:01.684+0000] {processor.py:179} INFO - Processing /opt/airflow/dags/spark-dag-example.py took 0.063 seconds
[2023-12-16T05:56:31.881+0000] {processor.py:157} INFO - Started process (PID=3066) to work on /opt/airflow/dags/spark-dag-example.py
[2023-12-16T05:56:31.881+0000] {processor.py:829} INFO - Processing file /opt/airflow/dags/spark-dag-example.py for tasks to queue
[2023-12-16T05:56:31.883+0000] {logging_mixin.py:151} INFO - [2023-12-16T05:56:31.883+0000] {dagbag.py:539} INFO - Filling up the DagBag from /opt/airflow/dags/spark-dag-example.py
[2023-12-16T05:56:31.896+0000] {processor.py:839} INFO - DAG(s) dict_keys(['spark_airflow_dag']) retrieved from /opt/airflow/dags/spark-dag-example.py
[2023-12-16T05:56:31.920+0000] {logging_mixin.py:151} INFO - [2023-12-16T05:56:31.919+0000] {dag.py:2915} INFO - Sync 1 DAGs
[2023-12-16T05:56:31.931+0000] {logging_mixin.py:151} INFO - [2023-12-16T05:56:31.931+0000] {dag.py:3696} INFO - Setting next_dagrun for spark_airflow_dag to None, run_after=None
[2023-12-16T05:56:31.949+0000] {processor.py:179} INFO - Processing /opt/airflow/dags/spark-dag-example.py took 0.070 seconds
[2023-12-16T05:57:02.140+0000] {processor.py:157} INFO - Started process (PID=3076) to work on /opt/airflow/dags/spark-dag-example.py
[2023-12-16T05:57:02.141+0000] {processor.py:829} INFO - Processing file /opt/airflow/dags/spark-dag-example.py for tasks to queue
[2023-12-16T05:57:02.143+0000] {logging_mixin.py:151} INFO - [2023-12-16T05:57:02.142+0000] {dagbag.py:539} INFO - Filling up the DagBag from /opt/airflow/dags/spark-dag-example.py
[2023-12-16T05:57:02.155+0000] {processor.py:839} INFO - DAG(s) dict_keys(['spark_airflow_dag']) retrieved from /opt/airflow/dags/spark-dag-example.py
[2023-12-16T05:57:02.176+0000] {logging_mixin.py:151} INFO - [2023-12-16T05:57:02.176+0000] {dag.py:2915} INFO - Sync 1 DAGs
[2023-12-16T05:57:02.187+0000] {logging_mixin.py:151} INFO - [2023-12-16T05:57:02.187+0000] {dag.py:3696} INFO - Setting next_dagrun for spark_airflow_dag to None, run_after=None
[2023-12-16T05:57:02.207+0000] {processor.py:179} INFO - Processing /opt/airflow/dags/spark-dag-example.py took 0.069 seconds
[2023-12-16T05:57:32.403+0000] {processor.py:157} INFO - Started process (PID=3086) to work on /opt/airflow/dags/spark-dag-example.py
[2023-12-16T05:57:32.403+0000] {processor.py:829} INFO - Processing file /opt/airflow/dags/spark-dag-example.py for tasks to queue
[2023-12-16T05:57:32.405+0000] {logging_mixin.py:151} INFO - [2023-12-16T05:57:32.405+0000] {dagbag.py:539} INFO - Filling up the DagBag from /opt/airflow/dags/spark-dag-example.py
[2023-12-16T05:57:32.420+0000] {processor.py:839} INFO - DAG(s) dict_keys(['spark_airflow_dag']) retrieved from /opt/airflow/dags/spark-dag-example.py
[2023-12-16T05:57:32.441+0000] {logging_mixin.py:151} INFO - [2023-12-16T05:57:32.440+0000] {dag.py:2915} INFO - Sync 1 DAGs
[2023-12-16T05:57:32.452+0000] {logging_mixin.py:151} INFO - [2023-12-16T05:57:32.452+0000] {dag.py:3696} INFO - Setting next_dagrun for spark_airflow_dag to None, run_after=None
[2023-12-16T05:57:32.473+0000] {processor.py:179} INFO - Processing /opt/airflow/dags/spark-dag-example.py took 0.073 seconds
[2023-12-16T05:58:02.663+0000] {processor.py:157} INFO - Started process (PID=3096) to work on /opt/airflow/dags/spark-dag-example.py
[2023-12-16T05:58:02.663+0000] {processor.py:829} INFO - Processing file /opt/airflow/dags/spark-dag-example.py for tasks to queue
[2023-12-16T05:58:02.665+0000] {logging_mixin.py:151} INFO - [2023-12-16T05:58:02.665+0000] {dagbag.py:539} INFO - Filling up the DagBag from /opt/airflow/dags/spark-dag-example.py
[2023-12-16T05:58:02.675+0000] {processor.py:839} INFO - DAG(s) dict_keys(['spark_airflow_dag']) retrieved from /opt/airflow/dags/spark-dag-example.py
[2023-12-16T05:58:02.693+0000] {logging_mixin.py:151} INFO - [2023-12-16T05:58:02.692+0000] {dag.py:2915} INFO - Sync 1 DAGs
[2023-12-16T05:58:02.703+0000] {logging_mixin.py:151} INFO - [2023-12-16T05:58:02.702+0000] {dag.py:3696} INFO - Setting next_dagrun for spark_airflow_dag to None, run_after=None
[2023-12-16T05:58:02.721+0000] {processor.py:179} INFO - Processing /opt/airflow/dags/spark-dag-example.py took 0.061 seconds
[2023-12-16T05:58:32.899+0000] {processor.py:157} INFO - Started process (PID=3106) to work on /opt/airflow/dags/spark-dag-example.py
[2023-12-16T05:58:32.899+0000] {processor.py:829} INFO - Processing file /opt/airflow/dags/spark-dag-example.py for tasks to queue
[2023-12-16T05:58:32.901+0000] {logging_mixin.py:151} INFO - [2023-12-16T05:58:32.901+0000] {dagbag.py:539} INFO - Filling up the DagBag from /opt/airflow/dags/spark-dag-example.py
[2023-12-16T05:58:32.914+0000] {processor.py:839} INFO - DAG(s) dict_keys(['spark_airflow_dag']) retrieved from /opt/airflow/dags/spark-dag-example.py
[2023-12-16T05:58:32.937+0000] {logging_mixin.py:151} INFO - [2023-12-16T05:58:32.936+0000] {dag.py:2915} INFO - Sync 1 DAGs
[2023-12-16T05:58:32.948+0000] {logging_mixin.py:151} INFO - [2023-12-16T05:58:32.948+0000] {dag.py:3696} INFO - Setting next_dagrun for spark_airflow_dag to None, run_after=None
[2023-12-16T05:58:32.969+0000] {processor.py:179} INFO - Processing /opt/airflow/dags/spark-dag-example.py took 0.073 seconds
[2023-12-16T05:59:03.229+0000] {processor.py:157} INFO - Started process (PID=3116) to work on /opt/airflow/dags/spark-dag-example.py
[2023-12-16T05:59:03.229+0000] {processor.py:829} INFO - Processing file /opt/airflow/dags/spark-dag-example.py for tasks to queue
[2023-12-16T05:59:03.230+0000] {logging_mixin.py:151} INFO - [2023-12-16T05:59:03.230+0000] {dagbag.py:539} INFO - Filling up the DagBag from /opt/airflow/dags/spark-dag-example.py
[2023-12-16T05:59:03.241+0000] {processor.py:839} INFO - DAG(s) dict_keys(['spark_airflow_dag']) retrieved from /opt/airflow/dags/spark-dag-example.py
[2023-12-16T05:59:03.259+0000] {logging_mixin.py:151} INFO - [2023-12-16T05:59:03.259+0000] {dag.py:2915} INFO - Sync 1 DAGs
[2023-12-16T05:59:03.268+0000] {logging_mixin.py:151} INFO - [2023-12-16T05:59:03.268+0000] {dag.py:3696} INFO - Setting next_dagrun for spark_airflow_dag to None, run_after=None
[2023-12-16T05:59:03.289+0000] {processor.py:179} INFO - Processing /opt/airflow/dags/spark-dag-example.py took 0.062 seconds
[2023-12-16T05:59:33.495+0000] {processor.py:157} INFO - Started process (PID=3126) to work on /opt/airflow/dags/spark-dag-example.py
[2023-12-16T05:59:33.496+0000] {processor.py:829} INFO - Processing file /opt/airflow/dags/spark-dag-example.py for tasks to queue
[2023-12-16T05:59:33.497+0000] {logging_mixin.py:151} INFO - [2023-12-16T05:59:33.497+0000] {dagbag.py:539} INFO - Filling up the DagBag from /opt/airflow/dags/spark-dag-example.py
[2023-12-16T05:59:33.510+0000] {processor.py:839} INFO - DAG(s) dict_keys(['spark_airflow_dag']) retrieved from /opt/airflow/dags/spark-dag-example.py
[2023-12-16T05:59:33.532+0000] {logging_mixin.py:151} INFO - [2023-12-16T05:59:33.532+0000] {dag.py:2915} INFO - Sync 1 DAGs
[2023-12-16T05:59:33.543+0000] {logging_mixin.py:151} INFO - [2023-12-16T05:59:33.543+0000] {dag.py:3696} INFO - Setting next_dagrun for spark_airflow_dag to None, run_after=None
[2023-12-16T05:59:33.564+0000] {processor.py:179} INFO - Processing /opt/airflow/dags/spark-dag-example.py took 0.070 seconds
[2023-12-16T06:00:03.758+0000] {processor.py:157} INFO - Started process (PID=3136) to work on /opt/airflow/dags/spark-dag-example.py
[2023-12-16T06:00:03.759+0000] {processor.py:829} INFO - Processing file /opt/airflow/dags/spark-dag-example.py for tasks to queue
[2023-12-16T06:00:03.760+0000] {logging_mixin.py:151} INFO - [2023-12-16T06:00:03.760+0000] {dagbag.py:539} INFO - Filling up the DagBag from /opt/airflow/dags/spark-dag-example.py
[2023-12-16T06:00:03.773+0000] {processor.py:839} INFO - DAG(s) dict_keys(['spark_airflow_dag']) retrieved from /opt/airflow/dags/spark-dag-example.py
[2023-12-16T06:00:03.796+0000] {logging_mixin.py:151} INFO - [2023-12-16T06:00:03.795+0000] {dag.py:2915} INFO - Sync 1 DAGs
[2023-12-16T06:00:03.806+0000] {logging_mixin.py:151} INFO - [2023-12-16T06:00:03.805+0000] {dag.py:3696} INFO - Setting next_dagrun for spark_airflow_dag to None, run_after=None
[2023-12-16T06:00:03.829+0000] {processor.py:179} INFO - Processing /opt/airflow/dags/spark-dag-example.py took 0.073 seconds
[2023-12-16T06:00:34.021+0000] {processor.py:157} INFO - Started process (PID=3146) to work on /opt/airflow/dags/spark-dag-example.py
[2023-12-16T06:00:34.022+0000] {processor.py:829} INFO - Processing file /opt/airflow/dags/spark-dag-example.py for tasks to queue
[2023-12-16T06:00:34.024+0000] {logging_mixin.py:151} INFO - [2023-12-16T06:00:34.023+0000] {dagbag.py:539} INFO - Filling up the DagBag from /opt/airflow/dags/spark-dag-example.py
[2023-12-16T06:00:34.036+0000] {processor.py:839} INFO - DAG(s) dict_keys(['spark_airflow_dag']) retrieved from /opt/airflow/dags/spark-dag-example.py
[2023-12-16T06:00:34.056+0000] {logging_mixin.py:151} INFO - [2023-12-16T06:00:34.056+0000] {dag.py:2915} INFO - Sync 1 DAGs
[2023-12-16T06:00:34.067+0000] {logging_mixin.py:151} INFO - [2023-12-16T06:00:34.067+0000] {dag.py:3696} INFO - Setting next_dagrun for spark_airflow_dag to None, run_after=None
[2023-12-16T06:00:34.090+0000] {processor.py:179} INFO - Processing /opt/airflow/dags/spark-dag-example.py took 0.071 seconds
[2023-12-16T06:01:04.292+0000] {processor.py:157} INFO - Started process (PID=3156) to work on /opt/airflow/dags/spark-dag-example.py
[2023-12-16T06:01:04.293+0000] {processor.py:829} INFO - Processing file /opt/airflow/dags/spark-dag-example.py for tasks to queue
[2023-12-16T06:01:04.295+0000] {logging_mixin.py:151} INFO - [2023-12-16T06:01:04.294+0000] {dagbag.py:539} INFO - Filling up the DagBag from /opt/airflow/dags/spark-dag-example.py
[2023-12-16T06:01:04.308+0000] {processor.py:839} INFO - DAG(s) dict_keys(['spark_airflow_dag']) retrieved from /opt/airflow/dags/spark-dag-example.py
[2023-12-16T06:01:04.330+0000] {logging_mixin.py:151} INFO - [2023-12-16T06:01:04.329+0000] {dag.py:2915} INFO - Sync 1 DAGs
[2023-12-16T06:01:04.341+0000] {logging_mixin.py:151} INFO - [2023-12-16T06:01:04.341+0000] {dag.py:3696} INFO - Setting next_dagrun for spark_airflow_dag to None, run_after=None
[2023-12-16T06:01:04.364+0000] {processor.py:179} INFO - Processing /opt/airflow/dags/spark-dag-example.py took 0.074 seconds
[2023-12-16T06:01:34.553+0000] {processor.py:157} INFO - Started process (PID=3166) to work on /opt/airflow/dags/spark-dag-example.py
[2023-12-16T06:01:34.554+0000] {processor.py:829} INFO - Processing file /opt/airflow/dags/spark-dag-example.py for tasks to queue
[2023-12-16T06:01:34.555+0000] {logging_mixin.py:151} INFO - [2023-12-16T06:01:34.555+0000] {dagbag.py:539} INFO - Filling up the DagBag from /opt/airflow/dags/spark-dag-example.py
[2023-12-16T06:01:34.567+0000] {processor.py:839} INFO - DAG(s) dict_keys(['spark_airflow_dag']) retrieved from /opt/airflow/dags/spark-dag-example.py
[2023-12-16T06:01:34.586+0000] {logging_mixin.py:151} INFO - [2023-12-16T06:01:34.586+0000] {dag.py:2915} INFO - Sync 1 DAGs
[2023-12-16T06:01:34.596+0000] {logging_mixin.py:151} INFO - [2023-12-16T06:01:34.596+0000] {dag.py:3696} INFO - Setting next_dagrun for spark_airflow_dag to None, run_after=None
[2023-12-16T06:01:34.612+0000] {processor.py:179} INFO - Processing /opt/airflow/dags/spark-dag-example.py took 0.061 seconds
[2023-12-16T06:02:04.814+0000] {processor.py:157} INFO - Started process (PID=3571) to work on /opt/airflow/dags/spark-dag-example.py
[2023-12-16T06:02:04.815+0000] {processor.py:829} INFO - Processing file /opt/airflow/dags/spark-dag-example.py for tasks to queue
[2023-12-16T06:02:04.817+0000] {logging_mixin.py:151} INFO - [2023-12-16T06:02:04.817+0000] {dagbag.py:539} INFO - Filling up the DagBag from /opt/airflow/dags/spark-dag-example.py
[2023-12-16T06:02:04.830+0000] {processor.py:839} INFO - DAG(s) dict_keys(['spark_airflow_dag']) retrieved from /opt/airflow/dags/spark-dag-example.py
[2023-12-16T06:02:04.851+0000] {logging_mixin.py:151} INFO - [2023-12-16T06:02:04.851+0000] {dag.py:2915} INFO - Sync 1 DAGs
[2023-12-16T06:02:04.862+0000] {logging_mixin.py:151} INFO - [2023-12-16T06:02:04.862+0000] {dag.py:3696} INFO - Setting next_dagrun for spark_airflow_dag to None, run_after=None
[2023-12-16T06:02:04.880+0000] {processor.py:179} INFO - Processing /opt/airflow/dags/spark-dag-example.py took 0.068 seconds
